开始处理第1个文件[/data/original/zhiyi_jineng/20170516/zyysjn01.mp4]
开始转码生成临时文件/data/fs_convert/zhiyi_jineng//zyysjn01_tmp.mp4
转码成功
生成缩略图/data/hls/thumb/zhiyi_jineng//20170516/9f10d57240f73b6d.jpg
开始生成ts/data/hls/zhiyi_jineng//20170516/ba56fa9a
生成ts成功
开始生成切片9f10d57240f73b6d.m3u8
生成切片成功
/data/hls/zhiyi_jineng//20170516/ba56fa9a/9f10d57240f73b6d.m3u8
正在修改aes_m3u8文件
输出日志到/root/shell/log/sql_zhiyi_jineng.log
输入的目录不存在或者没有权限访问！
开始处理第1个文件[/data/original/tcms_jineng/20170516/zyzyjn18.mp4]
开始转码生成临时文件/data/fs_convert/tcms_jineng//zyzyjn18_tmp.mp4
转码成功
生成缩略图/data/hls/thumb/tcms_jineng//20170516/0bf72f0b6103dd28.jpg
开始生成ts/data/hls/tcms_jineng//20170516/a778aabe
生成ts成功
开始生成切片0bf72f0b6103dd28.m3u8
生成切片成功
开始处理第2个文件[/data/original/tcms_jineng/20170516/zyzyjn17.mp4]
开始转码生成临时文件/data/fs_convert/tcms_jineng//zyzyjn17_tmp.mp4
转码成功
生成缩略图/data/hls/thumb/tcms_jineng//20170516/cf71e09514f653b7.jpg
开始生成ts/data/hls/tcms_jineng//20170516/ce104459
生成ts成功
开始生成切片cf71e09514f653b7.m3u8
生成切片成功
开始处理第3个文件[/data/original/tcms_jineng/20170516/zyzyjn20.mp4]
开始转码生成临时文件/data/fs_convert/tcms_jineng//zyzyjn20_tmp.mp4
转码成功
生成缩略图/data/hls/thumb/tcms_jineng//20170516/232ef89aa9626de0.jpg
开始生成ts/data/hls/tcms_jineng//20170516/f9b76b62
生成ts成功
开始生成切片232ef89aa9626de0.m3u8
生成切片成功
开始处理第4个文件[/data/original/tcms_jineng/20170516/zyzyjn21.mp4]
开始转码生成临时文件/data/fs_convert/tcms_jineng//zyzyjn21_tmp.mp4
转码成功
生成缩略图/data/hls/thumb/tcms_jineng//20170516/9cb572c195f46a82.jpg
开始生成ts/data/hls/tcms_jineng//20170516/45c71951
生成ts成功
开始生成切片9cb572c195f46a82.m3u8
生成切片成功
开始处理第5个文件[/data/original/tcms_jineng/20170516/zyzyjn19.mp4]
开始转码生成临时文件/data/fs_convert/tcms_jineng//zyzyjn19_tmp.mp4
转码成功
生成缩略图/data/hls/thumb/tcms_jineng//20170516/49f4775c0494f154.jpg
开始生成ts/data/hls/tcms_jineng//20170516/410721b4
生成ts成功
开始生成切片49f4775c0494f154.m3u8
生成切片成功
/data/hls/tcms_jineng//20170516/a778aabe/0bf72f0b6103dd28.m3u8
正在修改aes_m3u8文件
/data/hls/tcms_jineng//20170516/ce104459/cf71e09514f653b7.m3u8
正在修改aes_m3u8文件
/data/hls/tcms_jineng//20170516/f9b76b62/232ef89aa9626de0.m3u8
正在修改aes_m3u8文件
/data/hls/tcms_jineng//20170516/45c71951/9cb572c195f46a82.m3u8
正在修改aes_m3u8文件
/data/hls/tcms_jineng//20170516/410721b4/49f4775c0494f154.m3u8
正在修改aes_m3u8文件
输出日志到/root/shell/log/sql_tcms_jineng.log
