开始处理第1个文件[/data/original/xuqizhibo/20170508/xulie.mp4]
开始转码生成临时文件/data/fs_convert/xuqizhibo//xulie_tmp.mp4
转码成功
生成缩略图/data/hls/thumb/xuqizhibo//20170508/838ee57c1b074d9b.jpg
开始生成ts/data/hls/xuqizhibo//20170508/fe55bfff
生成ts成功
开始生成切片838ee57c1b074d9b.m3u8
生成切片成功
/data/hls/xuqizhibo//20170508/fe55bfff/838ee57c1b074d9b.m3u8
正在修改aes_m3u8文件
输出日志到/root/shell/log/sql_xuqizhibo.log
开始处理第1个文件[/data/original/biochemistry/20170331/Jcshlk_1_0.mp4]
开始转码生成临时文件/data/fs_convert/biochemistry/Jcshlk_1_0_tmp.mp4
转码成功
生成缩略图/data/hls/thumb/biochemistry//20170508/101f0491e8665596.jpg
开始生成ts/data/hls/iwm/biochemistry//20170508/72acf261
生成ts成功
开始生成切片101f0491e8665596.m3u8
生成切片成功
开始处理第2个文件[/data/original/biochemistry/20170331/Jcshlk_0_0.mp4]
开始转码生成临时文件/data/fs_convert/biochemistry/Jcshlk_0_0_tmp.mp4
转码成功
生成缩略图/data/hls/thumb/biochemistry//20170508/3fa29fb38e5f26bf.jpg
开始生成ts/data/hls/iwm/biochemistry//20170508/25db9dac
生成ts成功
开始生成切片3fa29fb38e5f26bf.m3u8
生成切片成功
/data/hls/iwm/biochemistry//20170508/72acf261/101f0491e8665596.m3u8
正在修改aes_m3u8文件
/data/hls/iwm/biochemistry//20170508/25db9dac/3fa29fb38e5f26bf.m3u8
正在修改aes_m3u8文件
输出日志到/root/shell/log/sql_biochemistry.log
