开始处理第1个文件[/data/original/zhiyi_neike/20170425/zyynknfm04.mp4]
开始转码生成临时文件/data/fs_convert/zhiyi_neike//zyynknfm04_tmp.mp4
转码成功
生成缩略图/data/hls/thumb/zhiyi_neike//20170425/fa35ba1a0f1c631e.jpg
开始生成ts/data/hls/zhiyi_neike//20170425/c801bca7
生成ts成功
开始生成切片fa35ba1a0f1c631e.m3u8
生成切片成功
开始处理第2个文件[/data/original/zhiyi_neike/20170425/zyynknfm02.mp4]
开始转码生成临时文件/data/fs_convert/zhiyi_neike//zyynknfm02_tmp.mp4
转码成功
生成缩略图/data/hls/thumb/zhiyi_neike//20170425/f0d52d76cb17ad29.jpg
开始生成ts/data/hls/zhiyi_neike//20170425/a5c605d3
生成ts成功
开始生成切片f0d52d76cb17ad29.m3u8
生成切片成功
开始处理第3个文件[/data/original/zhiyi_neike/20170425/zyynknfm01.mp4]
开始转码生成临时文件/data/fs_convert/zhiyi_neike//zyynknfm01_tmp.mp4
转码成功
生成缩略图/data/hls/thumb/zhiyi_neike//20170425/007c697c38fd6e0e.jpg
开始生成ts/data/hls/zhiyi_neike//20170425/8efa10fc
生成ts成功
开始生成切片007c697c38fd6e0e.m3u8
生成切片成功
开始处理第4个文件[/data/original/zhiyi_neike/20170425/zyynknfm03.mp4]
开始转码生成临时文件/data/fs_convert/zhiyi_neike//zyynknfm03_tmp.mp4
转码成功
生成缩略图/data/hls/thumb/zhiyi_neike//20170425/a4650d194587251c.jpg
开始生成ts/data/hls/zhiyi_neike//20170425/92f376b2
生成ts成功
开始生成切片a4650d194587251c.m3u8
生成切片成功
/data/hls/zhiyi_neike//20170425/92f376b2/a4650d194587251c.m3u8
正在修改aes_m3u8文件
输出日志到/root/shell/log/sql_zhiyi_neike.log
开始处理第1个文件[/data/original/tcms_base/20170425/kyzjjc.14.mp4]
开始转码生成临时文件/data/fs_convert/tcms_base//kyzjjc.14_tmp.mp4
转码成功
生成缩略图/data/hls/thumb/tcms_base//20170425/99c705c7b5977317.jpg
开始生成ts/data/hls/tcms_base//20170425/f487dfc6
生成ts成功
开始生成切片99c705c7b5977317.m3u8
生成切片成功
开始处理第2个文件[/data/original/tcms_base/20170425/kyzjjc.09.mp4]
开始转码生成临时文件/data/fs_convert/tcms_base//kyzjjc.09_tmp.mp4
转码成功
生成缩略图/data/hls/thumb/tcms_base//20170425/c27d38e8db9d9d0f.jpg
开始生成ts/data/hls/tcms_base//20170425/60b5b798
生成ts成功
开始生成切片c27d38e8db9d9d0f.m3u8
生成切片成功
开始处理第3个文件[/data/original/tcms_base/20170425/kyzjjc.12.mp4]
开始转码生成临时文件/data/fs_convert/tcms_base//kyzjjc.12_tmp.mp4
转码成功
生成缩略图/data/hls/thumb/tcms_base//20170425/09982bdd6608b598.jpg
开始生成ts/data/hls/tcms_base//20170425/2f55896b
生成ts成功
开始生成切片09982bdd6608b598.m3u8
生成切片成功
开始处理第4个文件[/data/original/tcms_base/20170425/kyzjjc.10.mp4]
开始转码生成临时文件/data/fs_convert/tcms_base//kyzjjc.10_tmp.mp4
转码成功
生成缩略图/data/hls/thumb/tcms_base//20170425/ead2a1c70c516a15.jpg
开始生成ts/data/hls/tcms_base//20170425/6e9b657d
生成ts成功
开始生成切片ead2a1c70c516a15.m3u8
生成切片成功
开始处理第5个文件[/data/original/tcms_base/20170425/kyzjjc.13.mp4]
开始转码生成临时文件/data/fs_convert/tcms_base//kyzjjc.13_tmp.mp4
转码成功
生成缩略图/data/hls/thumb/tcms_base//20170425/52c6eba70ee72d55.jpg
开始生成ts/data/hls/tcms_base//20170425/9f14db35
生成ts成功
开始生成切片52c6eba70ee72d55.m3u8
生成切片成功
开始处理第6个文件[/data/original/tcms_base/20170425/kyzjjc.11.mp4]
开始转码生成临时文件/data/fs_convert/tcms_base//kyzjjc.11_tmp.mp4
转码成功
生成缩略图/data/hls/thumb/tcms_base//20170425/31c3881a7f0a0228.jpg
开始生成ts/data/hls/tcms_base//20170425/de6a1f26
生成ts成功
开始生成切片31c3881a7f0a0228.m3u8
生成切片成功
开始处理第7个文件[/data/original/tcms_base/20170425/kyzjjc.08.mp4]
开始转码生成临时文件/data/fs_convert/tcms_base//kyzjjc.08_tmp.mp4
转码成功
生成缩略图/data/hls/thumb/tcms_base//20170425/f840fe0a902b6784.jpg
开始生成ts/data/hls/tcms_base//20170425/7c34f31d
生成ts成功
开始生成切片f840fe0a902b6784.m3u8
生成切片成功
/data/hls/tcms_base//20170425/7c34f31d/f840fe0a902b6784.m3u8
正在修改aes_m3u8文件
输出日志到/root/shell/log/sql_tcms_base.log
