恭喜,文件生成成功，即将生成目录
恭喜,配置文件修改成功！！
开始处理第1个文件[/data/original/zhiyi_yaoli/20170606/xyzy_jcyl01.mp4]
开始转码生成临时文件/data/fs_convert/zhiyi_yaoli//xyzy_jcyl01_tmp.mp4
转码成功
生成缩略图/data/hls/thumb/zhiyi_yaoli//20170606/20d276824570b9bf.jpg
开始生成ts/data/hls/zhiyi_yaoli//20170606/e4181b5f
生成ts成功
开始生成切片20d276824570b9bf.m3u8
生成切片成功
/data/hls/zhiyi_yaoli//20170606/e4181b5f/20d276824570b9bf.m3u8
正在修改aes_m3u8文件
输出日志到/root/shell/log/sql_zhiyi_yaoli.log
开始处理第1个文件[/data/original/zhiyi_shengli/20170515/xzy.sl4.03.mp4]
临时文件已经存在，跳过转码
生成缩略图/data/hls/thumb/zhiyi_shengli//20170606/de94ba7ddc1a4abd.jpg
开始生成ts/data/hls/zhiyi_shengli//20170606/0749287e
生成ts成功
开始生成切片de94ba7ddc1a4abd.m3u8
生成切片成功
开始处理第2个文件[/data/original/zhiyi_shengli/20170515/xzy.sl3.03.mp4]
临时文件已经存在，跳过转码
生成缩略图/data/hls/thumb/zhiyi_shengli//20170606/a9db676803aecf0e.jpg
开始生成ts/data/hls/zhiyi_shengli//20170606/1dbb3e8d
生成ts成功
开始生成切片a9db676803aecf0e.m3u8
生成切片成功
开始处理第3个文件[/data/original/zhiyi_shengli/20170515/xzy.sl2.02.mp4]
临时文件已经存在，跳过转码
生成缩略图/data/hls/thumb/zhiyi_shengli//20170606/f81aa33ab0797593.jpg
开始生成ts/data/hls/zhiyi_shengli//20170606/bd89e458
生成ts成功
开始生成切片f81aa33ab0797593.m3u8
生成切片成功
开始处理第4个文件[/data/original/zhiyi_shengli/20170515/xzy.sl4.02.mp4]
临时文件已经存在，跳过转码
生成缩略图/data/hls/thumb/zhiyi_shengli//20170606/ca5a853fc1b6c787.jpg
开始生成ts/data/hls/zhiyi_shengli//20170606/1aff2352
生成ts成功
开始生成切片ca5a853fc1b6c787.m3u8
生成切片成功
开始处理第5个文件[/data/original/zhiyi_shengli/20170515/xzy.sl1.01.mp4]
临时文件已经存在，跳过转码
生成缩略图/data/hls/thumb/zhiyi_shengli//20170606/ba60eef37ba9b548.jpg
开始生成ts/data/hls/zhiyi_shengli//20170606/dc623af9
生成ts成功
开始生成切片ba60eef37ba9b548.m3u8
生成切片成功
开始处理第6个文件[/data/original/zhiyi_shengli/20170515/xzy.sl2.03.mp4]
临时文件已经存在，跳过转码
生成缩略图/data/hls/thumb/zhiyi_shengli//20170606/502c2efc7f437d8d.jpg
开始生成ts/data/hls/zhiyi_shengli//20170606/0ae216fb
生成ts成功
开始生成切片502c2efc7f437d8d.m3u8
生成切片成功
开始处理第7个文件[/data/original/zhiyi_shengli/20170515/xzy.sl4.04.mp4]
临时文件已经存在，跳过转码
生成缩略图/data/hls/thumb/zhiyi_shengli//20170606/24c35fa6ae9b9297.jpg
开始生成ts/data/hls/zhiyi_shengli//20170606/f1c981e8
生成ts成功
开始生成切片24c35fa6ae9b9297.m3u8
生成切片成功
开始处理第8个文件[/data/original/zhiyi_shengli/20170515/xzy.sl3.01.mp4]
临时文件已经存在，跳过转码
生成缩略图/data/hls/thumb/zhiyi_shengli//20170606/767f4932479c3e4d.jpg
开始生成ts/data/hls/zhiyi_shengli//20170606/48d509a8
生成ts成功
开始生成切片767f4932479c3e4d.m3u8
生成切片成功
开始处理第9个文件[/data/original/zhiyi_shengli/20170515/xzy.sl2.01.mp4]
临时文件已经存在，跳过转码
生成缩略图/data/hls/thumb/zhiyi_shengli//20170606/6fae7f5d72e50350.jpg
开始生成ts/data/hls/zhiyi_shengli//20170606/d304dcea
生成ts成功
开始生成切片6fae7f5d72e50350.m3u8
生成切片成功
开始处理第10个文件[/data/original/zhiyi_shengli/20170515/xzy.sl4.01.mp4]
临时文件已经存在，跳过转码
生成缩略图/data/hls/thumb/zhiyi_shengli//20170606/0b907fadea056644.jpg
开始生成ts/data/hls/zhiyi_shengli//20170606/474ad8ab
生成ts成功
开始生成切片0b907fadea056644.m3u8
生成切片成功
开始处理第11个文件[/data/original/zhiyi_shengli/20170515/xzy.sl1.02.mp4]
临时文件已经存在，跳过转码
生成缩略图/data/hls/thumb/zhiyi_shengli//20170606/503850edc27fb947.jpg
开始生成ts/data/hls/zhiyi_shengli//20170606/c0b850a9
生成ts成功
开始生成切片503850edc27fb947.m3u8
生成切片成功
开始处理第12个文件[/data/original/zhiyi_shengli/20170515/xzy.sl3.04.mp4]
临时文件已经存在，跳过转码
生成缩略图/data/hls/thumb/zhiyi_shengli//20170606/572a8b253d0a2a77.jpg
开始生成ts/data/hls/zhiyi_shengli//20170606/2872601c
生成ts成功
开始生成切片572a8b253d0a2a77.m3u8
生成切片成功
开始处理第13个文件[/data/original/zhiyi_shengli/20170515/xzy.sl2.04.mp4]
临时文件已经存在，跳过转码
生成缩略图/data/hls/thumb/zhiyi_shengli//20170606/60c3bb6ce4ec034c.jpg
开始生成ts/data/hls/zhiyi_shengli//20170606/cf4845f4
生成ts成功
开始生成切片60c3bb6ce4ec034c.m3u8
生成切片成功
开始处理第14个文件[/data/original/zhiyi_shengli/20170515/xzy.sl3.02.mp4]
临时文件已经存在，跳过转码
生成缩略图/data/hls/thumb/zhiyi_shengli//20170606/0ba6040e35910df3.jpg
开始生成ts/data/hls/zhiyi_shengli//20170606/fbac2096
生成ts成功
开始生成切片0ba6040e35910df3.m3u8
生成切片成功
/data/hls/zhiyi_shengli//20170606/0749287e/de94ba7ddc1a4abd.m3u8
正在修改aes_m3u8文件
/data/hls/zhiyi_shengli//20170606/1dbb3e8d/a9db676803aecf0e.m3u8
正在修改aes_m3u8文件
/data/hls/zhiyi_shengli//20170606/bd89e458/f81aa33ab0797593.m3u8
正在修改aes_m3u8文件
/data/hls/zhiyi_shengli//20170606/1aff2352/ca5a853fc1b6c787.m3u8
正在修改aes_m3u8文件
/data/hls/zhiyi_shengli//20170606/dc623af9/ba60eef37ba9b548.m3u8
正在修改aes_m3u8文件
/data/hls/zhiyi_shengli//20170606/0ae216fb/502c2efc7f437d8d.m3u8
正在修改aes_m3u8文件
/data/hls/zhiyi_shengli//20170606/f1c981e8/24c35fa6ae9b9297.m3u8
正在修改aes_m3u8文件
/data/hls/zhiyi_shengli//20170606/48d509a8/767f4932479c3e4d.m3u8
正在修改aes_m3u8文件
/data/hls/zhiyi_shengli//20170606/d304dcea/6fae7f5d72e50350.m3u8
正在修改aes_m3u8文件
/data/hls/zhiyi_shengli//20170606/474ad8ab/0b907fadea056644.m3u8
正在修改aes_m3u8文件
/data/hls/zhiyi_shengli//20170606/c0b850a9/503850edc27fb947.m3u8
正在修改aes_m3u8文件
/data/hls/zhiyi_shengli//20170606/2872601c/572a8b253d0a2a77.m3u8
正在修改aes_m3u8文件
/data/hls/zhiyi_shengli//20170606/cf4845f4/60c3bb6ce4ec034c.m3u8
正在修改aes_m3u8文件
/data/hls/zhiyi_shengli//20170606/fbac2096/0ba6040e35910df3.m3u8
正在修改aes_m3u8文件
输出日志到/root/shell/log/sql_zhiyi_shengli.log
