å¼€å§‹å¤„ç†ç¬¬1ä¸ªæ–‡ä»¶[/data/original/zhibo/xuqi/20170601/531Ö±²¥.mp4]
å¼€å§‹è½¬ç ç”Ÿæˆä¸´æ—¶æ–‡ä»¶/data/fs_convert/zhibo//531Ö±²¥_tmp.mp4
è½¬ç æˆåŠŸ
ç”Ÿæˆç¼©ç•¥å›¾/data/hls/thumb/zhibo//20170601/ee0dfd20bd79cd72.jpg
å¼€å§‹ç”Ÿæˆts/data/hls/zhibo//20170601/632740c7
ç”ŸæˆtsæˆåŠŸ
å¼€å§‹ç”Ÿæˆåˆ‡ç‰‡ee0dfd20bd79cd72.m3u8
ç”Ÿæˆåˆ‡ç‰‡æˆåŠŸ
/data/hls/zhibo//20170601/632740c7/ee0dfd20bd79cd72.m3u8
æ­£åœ¨ä¿®æ”¹aes_m3u8æ–‡ä»¶
è¾“å‡ºæ—¥å¿—åˆ°/root/shell/log/sql_zhibo.log
å¼€å§‹å¤„ç†ç¬¬1ä¸ªæ–‡ä»¶[/data/original/tcms_jineng/20170601/zzy.jnxy10.mp4]
å¼€å§‹è½¬ç ç”Ÿæˆä¸´æ—¶æ–‡ä»¶/data/fs_convert/tcms_jineng//zzy.jnxy10_tmp.mp4
è½¬ç æˆåŠŸ
ç”Ÿæˆç¼©ç•¥å›¾/data/hls/thumb/tcms_jineng//20170601/bbf4dc375a78fac0.jpg
å¼€å§‹ç”Ÿæˆts/data/hls/tcms_jineng//20170601/380b6a71
ç”ŸæˆtsæˆåŠŸ
å¼€å§‹ç”Ÿæˆåˆ‡ç‰‡bbf4dc375a78fac0.m3u8
ç”Ÿæˆåˆ‡ç‰‡æˆåŠŸ
/data/hls/tcms_jineng//20170601/380b6a71/bbf4dc375a78fac0.m3u8
æ­£åœ¨ä¿®æ”¹aes_m3u8æ–‡ä»¶
è¾“å‡ºæ—¥å¿—åˆ°/root/shell/log/sql_tcms_jineng.log
å¼€å§‹å¤„ç†ç¬¬1ä¸ªæ–‡ä»¶[/data/original/tcms_jineng/20170601/zzy.jnxy03.mp4]
å¼€å§‹è½¬ç ç”Ÿæˆä¸´æ—¶æ–‡ä»¶/data/fs_convert/tcms_jineng//zzy.jnxy03_tmp.mp4
è½¬ç æˆåŠŸ
ç”Ÿæˆç¼©ç•¥å›¾/data/hls/thumb/tcms_jineng//20170601/5f60c7a0cc4dbf24.jpg
å¼€å§‹ç”Ÿæˆts/data/hls/tcms_jineng//20170601/274f62e1
ç”ŸæˆtsæˆåŠŸ
å¼€å§‹ç”Ÿæˆåˆ‡ç‰‡5f60c7a0cc4dbf24.m3u8
ç”Ÿæˆåˆ‡ç‰‡æˆåŠŸ
å¼€å§‹å¤„ç†ç¬¬2ä¸ªæ–‡ä»¶[/data/original/tcms_jineng/20170601/zzy.jnxy04.mp4]
å¼€å§‹è½¬ç ç”Ÿæˆä¸´æ—¶æ–‡ä»¶/data/fs_convert/tcms_jineng//zzy.jnxy04_tmp.mp4
è½¬ç æˆåŠŸ
ç”Ÿæˆç¼©ç•¥å›¾/data/hls/thumb/tcms_jineng//20170601/03f5c12a5eae754a.jpg
å¼€å§‹ç”Ÿæˆts/data/hls/tcms_jineng//20170601/732f1997
ç”ŸæˆtsæˆåŠŸ
å¼€å§‹ç”Ÿæˆåˆ‡ç‰‡03f5c12a5eae754a.m3u8
ç”Ÿæˆåˆ‡ç‰‡æˆåŠŸ
å¼€å§‹å¤„ç†ç¬¬3ä¸ªæ–‡ä»¶[/data/original/tcms_jineng/20170601/zzy.jnxy10.mp4]
ä¸´æ—¶æ–‡ä»¶å·²ç»å­˜åœ¨ï¼Œè·³è¿‡è½¬ç 
ç”Ÿæˆç¼©ç•¥å›¾/data/hls/thumb/tcms_jineng//20170601/4ea8771a94f5a49a.jpg
å¼€å§‹ç”Ÿæˆts/data/hls/tcms_jineng//20170601/754b5a16
ç”ŸæˆtsæˆåŠŸ
å¼€å§‹ç”Ÿæˆåˆ‡ç‰‡4ea8771a94f5a49a.m3u8
ç”Ÿæˆåˆ‡ç‰‡æˆåŠŸ
å¼€å§‹å¤„ç†ç¬¬4ä¸ªæ–‡ä»¶[/data/original/tcms_jineng/20170601/zzy.jnxy06.mp4]
å¼€å§‹è½¬ç ç”Ÿæˆä¸´æ—¶æ–‡ä»¶/data/fs_convert/tcms_jineng//zzy.jnxy06_tmp.mp4
è½¬ç æˆåŠŸ
ç”Ÿæˆç¼©ç•¥å›¾/data/hls/thumb/tcms_jineng//20170601/107b3858e303b75f.jpg
å¼€å§‹ç”Ÿæˆts/data/hls/tcms_jineng//20170601/0ed7ce46
ç”ŸæˆtsæˆåŠŸ
å¼€å§‹ç”Ÿæˆåˆ‡ç‰‡107b3858e303b75f.m3u8
ç”Ÿæˆåˆ‡ç‰‡æˆåŠŸ
å¼€å§‹å¤„ç†ç¬¬5ä¸ªæ–‡ä»¶[/data/original/tcms_jineng/20170601/zzy.jnxy02.mp4]
å¼€å§‹è½¬ç ç”Ÿæˆä¸´æ—¶æ–‡ä»¶/data/fs_convert/tcms_jineng//zzy.jnxy02_tmp.mp4
è½¬ç æˆåŠŸ
ç”Ÿæˆç¼©ç•¥å›¾/data/hls/thumb/tcms_jineng//20170601/b6f9b58f57006d24.jpg
å¼€å§‹ç”Ÿæˆts/data/hls/tcms_jineng//20170601/13063fcf
ç”ŸæˆtsæˆåŠŸ
å¼€å§‹ç”Ÿæˆåˆ‡ç‰‡b6f9b58f57006d24.m3u8
ç”Ÿæˆåˆ‡ç‰‡æˆåŠŸ
å¼€å§‹å¤„ç†ç¬¬6ä¸ªæ–‡ä»¶[/data/original/tcms_jineng/20170601/zzy.jnxy09.mp4]
å¼€å§‹è½¬ç ç”Ÿæˆä¸´æ—¶æ–‡ä»¶/data/fs_convert/tcms_jineng//zzy.jnxy09_tmp.mp4
è½¬ç æˆåŠŸ
ç”Ÿæˆç¼©ç•¥å›¾/data/hls/thumb/tcms_jineng//20170601/098b2d15dbe380f3.jpg
å¼€å§‹ç”Ÿæˆts/data/hls/tcms_jineng//20170601/1273963c
ç”ŸæˆtsæˆåŠŸ
å¼€å§‹ç”Ÿæˆåˆ‡ç‰‡098b2d15dbe380f3.m3u8
ç”Ÿæˆåˆ‡ç‰‡æˆåŠŸ
å¼€å§‹å¤„ç†ç¬¬7ä¸ªæ–‡ä»¶[/data/original/tcms_jineng/20170601/zzy.jnxy01.mp4]
å¼€å§‹è½¬ç ç”Ÿæˆä¸´æ—¶æ–‡ä»¶/data/fs_convert/tcms_jineng//zzy.jnxy01_tmp.mp4
è½¬ç æˆåŠŸ
ç”Ÿæˆç¼©ç•¥å›¾/data/hls/thumb/tcms_jineng//20170601/7f0440ffd034d2a7.jpg
å¼€å§‹ç”Ÿæˆts/data/hls/tcms_jineng//20170601/81a39629
ç”ŸæˆtsæˆåŠŸ
å¼€å§‹ç”Ÿæˆåˆ‡ç‰‡7f0440ffd034d2a7.m3u8
ç”Ÿæˆåˆ‡ç‰‡æˆåŠŸ
å¼€å§‹å¤„ç†ç¬¬8ä¸ªæ–‡ä»¶[/data/original/tcms_jineng/20170601/zzy.jnxy08.mp4]
å¼€å§‹è½¬ç ç”Ÿæˆä¸´æ—¶æ–‡ä»¶/data/fs_convert/tcms_jineng//zzy.jnxy08_tmp.mp4
è½¬ç æˆåŠŸ
ç”Ÿæˆç¼©ç•¥å›¾/data/hls/thumb/tcms_jineng//20170601/395cf33b615eea1b.jpg
å¼€å§‹ç”Ÿæˆts/data/hls/tcms_jineng//20170601/fd2e0bf2
ç”ŸæˆtsæˆåŠŸ
å¼€å§‹ç”Ÿæˆåˆ‡ç‰‡395cf33b615eea1b.m3u8
ç”Ÿæˆåˆ‡ç‰‡æˆåŠŸ
å¼€å§‹å¤„ç†ç¬¬9ä¸ªæ–‡ä»¶[/data/original/tcms_jineng/20170601/zzy.jnxy05.mp4]
å¼€å§‹è½¬ç ç”Ÿæˆä¸´æ—¶æ–‡ä»¶/data/fs_convert/tcms_jineng//zzy.jnxy05_tmp.mp4
è½¬ç æˆåŠŸ
ç”Ÿæˆç¼©ç•¥å›¾/data/hls/thumb/tcms_jineng//20170601/e1063ad7237f5468.jpg
å¼€å§‹ç”Ÿæˆts/data/hls/tcms_jineng//20170601/1cf9b101
ç”ŸæˆtsæˆåŠŸ
å¼€å§‹ç”Ÿæˆåˆ‡ç‰‡e1063ad7237f5468.m3u8
ç”Ÿæˆåˆ‡ç‰‡æˆåŠŸ
å¼€å§‹å¤„ç†ç¬¬10ä¸ªæ–‡ä»¶[/data/original/tcms_jineng/20170601/zzy.jnxy07.mp4]
å¼€å§‹è½¬ç ç”Ÿæˆä¸´æ—¶æ–‡ä»¶/data/fs_convert/tcms_jineng//zzy.jnxy07_tmp.mp4
è½¬ç æˆåŠŸ
ç”Ÿæˆç¼©ç•¥å›¾/data/hls/thumb/tcms_jineng//20170601/8ee229212cd2e0cc.jpg
å¼€å§‹ç”Ÿæˆts/data/hls/tcms_jineng//20170601/775afecb
ç”ŸæˆtsæˆåŠŸ
å¼€å§‹ç”Ÿæˆåˆ‡ç‰‡8ee229212cd2e0cc.m3u8
ç”Ÿæˆåˆ‡ç‰‡æˆåŠŸ
/data/hls/tcms_jineng//20170601/274f62e1/5f60c7a0cc4dbf24.m3u8
æ­£åœ¨ä¿®æ”¹aes_m3u8æ–‡ä»¶
/data/hls/tcms_jineng//20170601/732f1997/03f5c12a5eae754a.m3u8
æ­£åœ¨ä¿®æ”¹aes_m3u8æ–‡ä»¶
/data/hls/tcms_jineng//20170601/754b5a16/4ea8771a94f5a49a.m3u8
æ­£åœ¨ä¿®æ”¹aes_m3u8æ–‡ä»¶
/data/hls/tcms_jineng//20170601/0ed7ce46/107b3858e303b75f.m3u8
æ­£åœ¨ä¿®æ”¹aes_m3u8æ–‡ä»¶
/data/hls/tcms_jineng//20170601/13063fcf/b6f9b58f57006d24.m3u8
æ­£åœ¨ä¿®æ”¹aes_m3u8æ–‡ä»¶
/data/hls/tcms_jineng//20170601/1273963c/098b2d15dbe380f3.m3u8
æ­£åœ¨ä¿®æ”¹aes_m3u8æ–‡ä»¶
/data/hls/tcms_jineng//20170601/81a39629/7f0440ffd034d2a7.m3u8
æ­£åœ¨ä¿®æ”¹aes_m3u8æ–‡ä»¶
/data/hls/tcms_jineng//20170601/fd2e0bf2/395cf33b615eea1b.m3u8
æ­£åœ¨ä¿®æ”¹aes_m3u8æ–‡ä»¶
/data/hls/tcms_jineng//20170601/1cf9b101/e1063ad7237f5468.m3u8
æ­£åœ¨ä¿®æ”¹aes_m3u8æ–‡ä»¶
/data/hls/tcms_jineng//20170601/775afecb/8ee229212cd2e0cc.m3u8
æ­£åœ¨ä¿®æ”¹aes_m3u8æ–‡ä»¶
è¾“å‡ºæ—¥å¿—åˆ°/root/shell/log/sql_tcms_jineng.log
æ­å–œ,æ–‡ä»¶ç”ŸæˆæˆåŠŸï¼Œå³å°†ç”Ÿæˆç›®å½•
æ­å–œ,é…ç½®æ–‡ä»¶ä¿®æ”¹æˆåŠŸï¼ï¼
å¼€å§‹å¤„ç†ç¬¬1ä¸ªæ–‡ä»¶[/data/original/zhiyi_binglixue/20170601/zyysbl_14.mp4]
å¼€å§‹è½¬ç ç”Ÿæˆä¸´æ—¶æ–‡ä»¶/data/fs_convert/zhiyi_binglixue//zyysbl_14_tmp.mp4
è½¬ç æˆåŠŸ
ç”Ÿæˆç¼©ç•¥å›¾/data/hls/thumb/zhiyi_binglixue//20170601/917f41c5df480840.jpg
å¼€å§‹ç”Ÿæˆts/data/hls/zhiyi_binglixue//20170601/c0ff0dc5
ç”ŸæˆtsæˆåŠŸ
å¼€å§‹ç”Ÿæˆåˆ‡ç‰‡917f41c5df480840.m3u8
ç”Ÿæˆåˆ‡ç‰‡æˆåŠŸ
å¼€å§‹å¤„ç†ç¬¬2ä¸ªæ–‡ä»¶[/data/original/zhiyi_binglixue/20170601/zyysbl_12.mp4]
å¼€å§‹è½¬ç ç”Ÿæˆä¸´æ—¶æ–‡ä»¶/data/fs_convert/zhiyi_binglixue//zyysbl_12_tmp.mp4
è½¬ç æˆåŠŸ
ç”Ÿæˆç¼©ç•¥å›¾/data/hls/thumb/zhiyi_binglixue//20170601/240693372f16453d.jpg
å¼€å§‹ç”Ÿæˆts/data/hls/zhiyi_binglixue//20170601/d1a0fada
ç”ŸæˆtsæˆåŠŸ
å¼€å§‹ç”Ÿæˆåˆ‡ç‰‡240693372f16453d.m3u8
ç”Ÿæˆåˆ‡ç‰‡æˆåŠŸ
å¼€å§‹å¤„ç†ç¬¬3ä¸ªæ–‡ä»¶[/data/original/zhiyi_binglixue/20170601/zyysbl_10.mp4]
å¼€å§‹è½¬ç ç”Ÿæˆä¸´æ—¶æ–‡ä»¶/data/fs_convert/zhiyi_binglixue//zyysbl_10_tmp.mp4
è½¬ç æˆåŠŸ
ç”Ÿæˆç¼©ç•¥å›¾/data/hls/thumb/zhiyi_binglixue//20170601/f4e682e26e3d6f04.jpg
å¼€å§‹ç”Ÿæˆts/data/hls/zhiyi_binglixue//20170601/5f5ac8c0
ç”ŸæˆtsæˆåŠŸ
å¼€å§‹ç”Ÿæˆåˆ‡ç‰‡f4e682e26e3d6f04.m3u8
ç”Ÿæˆåˆ‡ç‰‡æˆåŠŸ
å¼€å§‹å¤„ç†ç¬¬4ä¸ªæ–‡ä»¶[/data/original/zhiyi_binglixue/20170601/zyysbl_13.mp4]
å¼€å§‹è½¬ç ç”Ÿæˆä¸´æ—¶æ–‡ä»¶/data/fs_convert/zhiyi_binglixue//zyysbl_13_tmp.mp4
è½¬ç æˆåŠŸ
ç”Ÿæˆç¼©ç•¥å›¾/data/hls/thumb/zhiyi_binglixue//20170601/018b60e613dd41b3.jpg
å¼€å§‹ç”Ÿæˆts/data/hls/zhiyi_binglixue//20170601/184a38b8
ç”ŸæˆtsæˆåŠŸ
å¼€å§‹ç”Ÿæˆåˆ‡ç‰‡018b60e613dd41b3.m3u8
ç”Ÿæˆåˆ‡ç‰‡æˆåŠŸ
/data/hls/zhiyi_jineng//20170601/3ff19be0/1dde4b6317cd9fb7.m3u8
æ­£åœ¨ä¿®æ”¹aes_m3u8æ–‡ä»¶
/data/hls/zhiyi_binglixue//20170601/5f5ac8c0/f4e682e26e3d6f04.m3u8
æ­£åœ¨ä¿®æ”¹aes_m3u8æ–‡ä»¶
/data/hls/zhiyi_binglixue//20170601/184a38b8/018b60e613dd41b3.m3u8
æ­£åœ¨ä¿®æ”¹aes_m3u8æ–‡ä»¶
è¾“å‡ºæ—¥å¿—åˆ°/root/shell/log/sql_zhiyi_binglixue.log
å¼€å§‹å¤„ç†ç¬¬1ä¸ªæ–‡ä»¶[/data/original/zhiyi_shengli/20170515/xzy.sl4.03.mp4]
å¼€å§‹è½¬ç ç”Ÿæˆä¸´æ—¶æ–‡ä»¶/data/fs_convert/zhiyi_shengli//xzy.sl4.03_tmp.mp4
è½¬ç æˆåŠŸ
ç”Ÿæˆç¼©ç•¥å›¾/data/hls/thumb/zhiyi_shengli//20170601/39e56a9981fb7917.jpg
å¼€å§‹ç”Ÿæˆts/data/hls/zhiyi_shengli//20170601/df797bd1
ç”ŸæˆtsæˆåŠŸ
å¼€å§‹ç”Ÿæˆåˆ‡ç‰‡39e56a9981fb7917.m3u8
ç”Ÿæˆåˆ‡ç‰‡æˆåŠŸ
å¼€å§‹å¤„ç†ç¬¬2ä¸ªæ–‡ä»¶[/data/original/zhiyi_shengli/20170515/xzy.sl3.03.mp4]
å¼€å§‹è½¬ç ç”Ÿæˆä¸´æ—¶æ–‡ä»¶/data/fs_convert/zhiyi_shengli//xzy.sl3.03_tmp.mp4
è½¬ç æˆåŠŸ
ç”Ÿæˆç¼©ç•¥å›¾/data/hls/thumb/zhiyi_shengli//20170601/8674ca32491a81cd.jpg
å¼€å§‹ç”Ÿæˆts/data/hls/zhiyi_shengli//20170601/ba93dd73
ç”ŸæˆtsæˆåŠŸ
å¼€å§‹ç”Ÿæˆåˆ‡ç‰‡8674ca32491a81cd.m3u8
ç”Ÿæˆåˆ‡ç‰‡æˆåŠŸ
å¼€å§‹å¤„ç†ç¬¬3ä¸ªæ–‡ä»¶[/data/original/zhiyi_shengli/20170515/xzy.sl2.02.mp4]
å¼€å§‹è½¬ç ç”Ÿæˆä¸´æ—¶æ–‡ä»¶/data/fs_convert/zhiyi_shengli//xzy.sl2.02_tmp.mp4
è½¬ç æˆåŠŸ
ç”Ÿæˆç¼©ç•¥å›¾/data/hls/thumb/zhiyi_shengli//20170601/7c52c61b8e71ef69.jpg
å¼€å§‹ç”Ÿæˆts/data/hls/zhiyi_shengli//20170601/5fa48327
ç”ŸæˆtsæˆåŠŸ
å¼€å§‹ç”Ÿæˆåˆ‡ç‰‡7c52c61b8e71ef69.m3u8
ç”Ÿæˆåˆ‡ç‰‡æˆåŠŸ
å¼€å§‹å¤„ç†ç¬¬4ä¸ªæ–‡ä»¶[/data/original/zhiyi_shengli/20170515/xzy.sl4.02.mp4]
å¼€å§‹è½¬ç ç”Ÿæˆä¸´æ—¶æ–‡ä»¶/data/fs_convert/zhiyi_shengli//xzy.sl4.02_tmp.mp4
è½¬ç æˆåŠŸ
ç”Ÿæˆç¼©ç•¥å›¾/data/hls/thumb/zhiyi_shengli//20170601/eba9c9caa78036ca.jpg
å¼€å§‹ç”Ÿæˆts/data/hls/zhiyi_shengli//20170601/110cda65
ç”ŸæˆtsæˆåŠŸ
å¼€å§‹ç”Ÿæˆåˆ‡ç‰‡eba9c9caa78036ca.m3u8
ç”Ÿæˆåˆ‡ç‰‡æˆåŠŸ
å¼€å§‹å¤„ç†ç¬¬5ä¸ªæ–‡ä»¶[/data/original/zhiyi_shengli/20170515/xzy.sl1.01.mp4]
å¼€å§‹è½¬ç ç”Ÿæˆä¸´æ—¶æ–‡ä»¶/data/fs_convert/zhiyi_shengli//xzy.sl1.01_tmp.mp4
è½¬ç æˆåŠŸ
ç”Ÿæˆç¼©ç•¥å›¾/data/hls/thumb/zhiyi_shengli//20170601/cfad77c93c8d16ae.jpg
å¼€å§‹ç”Ÿæˆts/data/hls/zhiyi_shengli//20170601/6a2fc3f0
ç”ŸæˆtsæˆåŠŸ
å¼€å§‹ç”Ÿæˆåˆ‡ç‰‡cfad77c93c8d16ae.m3u8
ç”Ÿæˆåˆ‡ç‰‡æˆåŠŸ
å¼€å§‹å¤„ç†ç¬¬6ä¸ªæ–‡ä»¶[/data/original/zhiyi_shengli/20170515/xzy.sl2.03.mp4]
å¼€å§‹è½¬ç ç”Ÿæˆä¸´æ—¶æ–‡ä»¶/data/fs_convert/zhiyi_shengli//xzy.sl2.03_tmp.mp4
è½¬ç æˆåŠŸ
ç”Ÿæˆç¼©ç•¥å›¾/data/hls/thumb/zhiyi_shengli//20170601/0da1e0c812e16887.jpg
å¼€å§‹ç”Ÿæˆts/data/hls/zhiyi_shengli//20170601/71a5d813
ç”ŸæˆtsæˆåŠŸ
å¼€å§‹ç”Ÿæˆåˆ‡ç‰‡0da1e0c812e16887.m3u8
ç”Ÿæˆåˆ‡ç‰‡æˆåŠŸ
å¼€å§‹å¤„ç†ç¬¬7ä¸ªæ–‡ä»¶[/data/original/zhiyi_shengli/20170515/xzy.sl4.04.mp4]
å¼€å§‹è½¬ç ç”Ÿæˆä¸´æ—¶æ–‡ä»¶/data/fs_convert/zhiyi_shengli//xzy.sl4.04_tmp.mp4
è½¬ç æˆåŠŸ
ç”Ÿæˆç¼©ç•¥å›¾/data/hls/thumb/zhiyi_shengli//20170601/1d90635f014ac617.jpg
å¼€å§‹ç”Ÿæˆts/data/hls/zhiyi_shengli//20170601/c06f3eb0
ç”ŸæˆtsæˆåŠŸ
å¼€å§‹ç”Ÿæˆåˆ‡ç‰‡1d90635f014ac617.m3u8
ç”Ÿæˆåˆ‡ç‰‡æˆåŠŸ
å¼€å§‹å¤„ç†ç¬¬8ä¸ªæ–‡ä»¶[/data/original/zhiyi_shengli/20170515/xzy.sl3.01.mp4]
å¼€å§‹è½¬ç ç”Ÿæˆä¸´æ—¶æ–‡ä»¶/data/fs_convert/zhiyi_shengli//xzy.sl3.01_tmp.mp4
è½¬ç æˆåŠŸ
ç”Ÿæˆç¼©ç•¥å›¾/data/hls/thumb/zhiyi_shengli//20170601/c79416ad6595c051.jpg
å¼€å§‹ç”Ÿæˆts/data/hls/zhiyi_shengli//20170601/39ae8ee6
ç”ŸæˆtsæˆåŠŸ
å¼€å§‹ç”Ÿæˆåˆ‡ç‰‡c79416ad6595c051.m3u8
ç”Ÿæˆåˆ‡ç‰‡æˆåŠŸ
å¼€å§‹å¤„ç†ç¬¬9ä¸ªæ–‡ä»¶[/data/original/zhiyi_shengli/20170515/xzy.sl2.01.mp4]
å¼€å§‹è½¬ç ç”Ÿæˆä¸´æ—¶æ–‡ä»¶/data/fs_convert/zhiyi_shengli//xzy.sl2.01_tmp.mp4
è½¬ç æˆåŠŸ
ç”Ÿæˆç¼©ç•¥å›¾/data/hls/thumb/zhiyi_shengli//20170601/76bc4bbb41b6ce5d.jpg
å¼€å§‹ç”Ÿæˆts/data/hls/zhiyi_shengli//20170601/70c5ddf5
ç”ŸæˆtsæˆåŠŸ
å¼€å§‹ç”Ÿæˆåˆ‡ç‰‡76bc4bbb41b6ce5d.m3u8
ç”Ÿæˆåˆ‡ç‰‡æˆåŠŸ
å¼€å§‹å¤„ç†ç¬¬10ä¸ªæ–‡ä»¶[/data/original/zhiyi_shengli/20170515/xzy.sl4.01.mp4]
å¼€å§‹è½¬ç ç”Ÿæˆä¸´æ—¶æ–‡ä»¶/data/fs_convert/zhiyi_shengli//xzy.sl4.01_tmp.mp4
è½¬ç æˆåŠŸ
ç”Ÿæˆç¼©ç•¥å›¾/data/hls/thumb/zhiyi_shengli//20170601/471f9baec3330833.jpg
å¼€å§‹ç”Ÿæˆts/data/hls/zhiyi_shengli//20170601/4b9bb85c
ç”ŸæˆtsæˆåŠŸ
å¼€å§‹ç”Ÿæˆåˆ‡ç‰‡471f9baec3330833.m3u8
ç”Ÿæˆåˆ‡ç‰‡æˆåŠŸ
å¼€å§‹å¤„ç†ç¬¬11ä¸ªæ–‡ä»¶[/data/original/zhiyi_shengli/20170515/xzy.sl1.02.mp4]
å¼€å§‹è½¬ç ç”Ÿæˆä¸´æ—¶æ–‡ä»¶/data/fs_convert/zhiyi_shengli//xzy.sl1.02_tmp.mp4
è½¬ç æˆåŠŸ
ç”Ÿæˆç¼©ç•¥å›¾/data/hls/thumb/zhiyi_shengli//20170601/372aeb66b14948db.jpg
å¼€å§‹ç”Ÿæˆts/data/hls/zhiyi_shengli//20170601/06004b50
ç”ŸæˆtsæˆåŠŸ
å¼€å§‹ç”Ÿæˆåˆ‡ç‰‡372aeb66b14948db.m3u8
ç”Ÿæˆåˆ‡ç‰‡æˆåŠŸ
å¼€å§‹å¤„ç†ç¬¬12ä¸ªæ–‡ä»¶[/data/original/zhiyi_shengli/20170515/xzy.sl3.04.mp4]
å¼€å§‹è½¬ç ç”Ÿæˆä¸´æ—¶æ–‡ä»¶/data/fs_convert/zhiyi_shengli//xzy.sl3.04_tmp.mp4
è½¬ç æˆåŠŸ
ç”Ÿæˆç¼©ç•¥å›¾/data/hls/thumb/zhiyi_shengli//20170601/1d3db044db425b80.jpg
å¼€å§‹ç”Ÿæˆts/data/hls/zhiyi_shengli//20170601/b7be9da3
ç”ŸæˆtsæˆåŠŸ
å¼€å§‹ç”Ÿæˆåˆ‡ç‰‡1d3db044db425b80.m3u8
ç”Ÿæˆåˆ‡ç‰‡æˆåŠŸ
å¼€å§‹å¤„ç†ç¬¬13ä¸ªæ–‡ä»¶[/data/original/zhiyi_shengli/20170515/xzy.sl2.04.mp4]
å¼€å§‹è½¬ç ç”Ÿæˆä¸´æ—¶æ–‡ä»¶/data/fs_convert/zhiyi_shengli//xzy.sl2.04_tmp.mp4
è½¬ç æˆåŠŸ
ç”Ÿæˆç¼©ç•¥å›¾/data/hls/thumb/zhiyi_shengli//20170601/45cb37c604bde9a8.jpg
å¼€å§‹ç”Ÿæˆts/data/hls/zhiyi_shengli//20170601/fc8559e5
ç”ŸæˆtsæˆåŠŸ
å¼€å§‹ç”Ÿæˆåˆ‡ç‰‡45cb37c604bde9a8.m3u8
ç”Ÿæˆåˆ‡ç‰‡æˆåŠŸ
å¼€å§‹å¤„ç†ç¬¬14ä¸ªæ–‡ä»¶[/data/original/zhiyi_shengli/20170515/xzy.sl3.02.mp4]
å¼€å§‹è½¬ç ç”Ÿæˆä¸´æ—¶æ–‡ä»¶/data/fs_convert/zhiyi_shengli//xzy.sl3.02_tmp.mp4
è½¬ç æˆåŠŸ
ç”Ÿæˆç¼©ç•¥å›¾/data/hls/thumb/zhiyi_shengli//20170601/2fb9b892de3278b2.jpg
å¼€å§‹ç”Ÿæˆts/data/hls/zhiyi_shengli//20170601/286786ad
ç”ŸæˆtsæˆåŠŸ
å¼€å§‹ç”Ÿæˆåˆ‡ç‰‡2fb9b892de3278b2.m3u8
ç”Ÿæˆåˆ‡ç‰‡æˆåŠŸ
/data/hls/zhiyi_jineng//20170601/56f91488/f8307d1310d2d57c.m3u8
æ­£åœ¨ä¿®æ”¹aes_m3u8æ–‡ä»¶
/data/hls/zhiyi_shengli//20170601/110cda65/eba9c9caa78036ca.m3u8
æ­£åœ¨ä¿®æ”¹aes_m3u8æ–‡ä»¶
/data/hls/zhiyi_shengli//20170601/6a2fc3f0/cfad77c93c8d16ae.m3u8
æ­£åœ¨ä¿®æ”¹aes_m3u8æ–‡ä»¶
/data/hls/zhiyi_shengli//20170601/71a5d813/0da1e0c812e16887.m3u8
æ­£åœ¨ä¿®æ”¹aes_m3u8æ–‡ä»¶
/data/hls/zhiyi_shengli//20170601/c06f3eb0/1d90635f014ac617.m3u8
æ­£åœ¨ä¿®æ”¹aes_m3u8æ–‡ä»¶
/data/hls/zhiyi_shengli//20170601/39ae8ee6/c79416ad6595c051.m3u8
æ­£åœ¨ä¿®æ”¹aes_m3u8æ–‡ä»¶
/data/hls/zhiyi_shengli//20170601/70c5ddf5/76bc4bbb41b6ce5d.m3u8
æ­£åœ¨ä¿®æ”¹aes_m3u8æ–‡ä»¶
/data/hls/zhiyi_shengli//20170601/4b9bb85c/471f9baec3330833.m3u8
æ­£åœ¨ä¿®æ”¹aes_m3u8æ–‡ä»¶
/data/hls/zhiyi_shengli//20170601/06004b50/372aeb66b14948db.m3u8
æ­£åœ¨ä¿®æ”¹aes_m3u8æ–‡ä»¶
/data/hls/zhiyi_shengli//20170601/b7be9da3/1d3db044db425b80.m3u8
æ­£åœ¨ä¿®æ”¹aes_m3u8æ–‡ä»¶
/data/hls/zhiyi_shengli//20170601/fc8559e5/45cb37c604bde9a8.m3u8
æ­£åœ¨ä¿®æ”¹aes_m3u8æ–‡ä»¶
/data/hls/zhiyi_shengli//20170601/286786ad/2fb9b892de3278b2.m3u8
æ­£åœ¨ä¿®æ”¹aes_m3u8æ–‡ä»¶
è¾“å‡ºæ—¥å¿—åˆ°/root/shell/log/sql_zhiyi_shengli.log
