开始处理第1个文件[/data/original/xiyizonghe_waike/20170608/xyzy_jcwk07.mp4]
开始转码生成临时文件/data/fs_convert/xiyizonghe_waike//xyzy_jcwk07_tmp.mp4
转码成功
生成缩略图/data/hls/thumb/xiyizonghe_waike//20170608/964f25699cc99eb3.jpg
开始生成ts/data/hls/xiyizonghe_waike//20170608/3e421c4b_xyzy_jcwk07
生成ts成功
开始生成切片964f25699cc99eb3.m3u8
生成切片成功
开始处理第2个文件[/data/original/xiyizonghe_waike/20170608/xyzy_jcwk06.mp4]
开始转码生成临时文件/data/fs_convert/xiyizonghe_waike//xyzy_jcwk06_tmp.mp4
转码成功
生成缩略图/data/hls/thumb/xiyizonghe_waike//20170608/538863d2566b6fc9.jpg
开始生成ts/data/hls/xiyizonghe_waike//20170608/7d6fa7cb_xyzy_jcwk06
生成ts成功
开始生成切片538863d2566b6fc9.m3u8
生成切片成功
开始处理第3个文件[/data/original/xiyizonghe_waike/20170608/xyzy_jcwk02.mp4]
开始转码生成临时文件/data/fs_convert/xiyizonghe_waike//xyzy_jcwk02_tmp.mp4
转码成功
生成缩略图/data/hls/thumb/xiyizonghe_waike//20170608/b72f11cbbd6a7a03.jpg
开始生成ts/data/hls/xiyizonghe_waike//20170608/85360277_xyzy_jcwk02
生成ts成功
开始生成切片b72f11cbbd6a7a03.m3u8
生成切片成功
开始处理第4个文件[/data/original/xiyizonghe_waike/20170608/xyzy_jcwk05.mp4]
开始转码生成临时文件/data/fs_convert/xiyizonghe_waike//xyzy_jcwk05_tmp.mp4
转码成功
生成缩略图/data/hls/thumb/xiyizonghe_waike//20170608/eabb03ae9b9f2c46.jpg
开始生成ts/data/hls/xiyizonghe_waike//20170608/057ea6d3_xyzy_jcwk05
生成ts成功
开始生成切片eabb03ae9b9f2c46.m3u8
生成切片成功
开始处理第5个文件[/data/original/xiyizonghe_waike/20170608/xyzy_jcwk04.mp4]
开始转码生成临时文件/data/fs_convert/xiyizonghe_waike//xyzy_jcwk04_tmp.mp4
转码成功
生成缩略图/data/hls/thumb/xiyizonghe_waike//20170608/afcbbd9a2dba4e11.jpg
开始生成ts/data/hls/xiyizonghe_waike//20170608/ae901bff_xyzy_jcwk04
恭喜,文件生成成功，即将生成目录
恭喜,配置文件修改成功！！
开始处理第1个文件[/data/original/xiyizonghe_shenghua/20170608/xyky_jcsh19.mp4]
开始转码生成临时文件/data/fs_convert/xiyizonghe_shenghua//xyky_jcsh19_tmp.mp4
生成ts成功
开始生成切片afcbbd9a2dba4e11.m3u8
生成切片成功
开始处理第6个文件[/data/original/xiyizonghe_waike/20170608/xyzy_jcwk03.mp4]
开始转码生成临时文件/data/fs_convert/xiyizonghe_waike//xyzy_jcwk03_tmp.mp4
转码成功
生成缩略图/data/hls/thumb/xiyizonghe_shenghua//20170608/b95016596c30fb80.jpg
开始生成ts/data/hls/xiyizonghe_shenghua//20170608/4a021802_xyky_jcsh19
生成ts成功
开始生成切片b95016596c30fb80.m3u8
生成切片成功
开始处理第2个文件[/data/original/xiyizonghe_shenghua/20170608/xyky_jcsh10.mp4]
开始转码生成临时文件/data/fs_convert/xiyizonghe_shenghua//xyky_jcsh10_tmp.mp4
转码成功
生成缩略图/data/hls/thumb/xiyizonghe_shenghua//20170608/f061bdc20f1b6991.jpg
开始生成ts/data/hls/xiyizonghe_shenghua//20170608/521982d8_xyky_jcsh10
生成ts成功
开始生成切片f061bdc20f1b6991.m3u8
生成切片成功
开始处理第3个文件[/data/original/xiyizonghe_shenghua/20170608/xyky_jcsh13.mp4]
开始转码生成临时文件/data/fs_convert/xiyizonghe_shenghua//xyky_jcsh13_tmp.mp4
转码成功
生成缩略图/data/hls/thumb/xiyizonghe_shenghua//20170608/7b0d55c7f612bc54.jpg
开始生成ts/data/hls/xiyizonghe_shenghua//20170608/a73f2a54_xyky_jcsh13
生成ts成功
开始生成切片7b0d55c7f612bc54.m3u8
生成切片成功
开始处理第4个文件[/data/original/xiyizonghe_shenghua/20170608/xyky_jcsh17.mp4]
开始转码生成临时文件/data/fs_convert/xiyizonghe_shenghua//xyky_jcsh17_tmp.mp4
转码成功
生成缩略图/data/hls/thumb/xiyizonghe_shenghua//20170608/de988880fe26332c.jpg
开始生成ts/data/hls/xiyizonghe_shenghua//20170608/c7c22af8_xyky_jcsh17
生成ts成功
开始生成切片de988880fe26332c.m3u8
生成切片成功
开始处理第5个文件[/data/original/xiyizonghe_shenghua/20170608/xyky_jcsh08.mp4]
开始转码生成临时文件/data/fs_convert/xiyizonghe_shenghua//xyky_jcsh08_tmp.mp4
转码成功
生成缩略图/data/hls/thumb/xiyizonghe_waike//20170608/855a67df6b720b89.jpg
开始生成ts/data/hls/xiyizonghe_waike//20170608/b5c7118d_xyzy_jcwk03
生成ts成功
开始生成切片855a67df6b720b89.m3u8
生成切片成功
开始处理第7个文件[/data/original/xiyizonghe_waike/20170608/xyzy_jcwk01.mp4]
开始转码生成临时文件/data/fs_convert/xiyizonghe_waike//xyzy_jcwk01_tmp.mp4
转码成功
生成缩略图/data/hls/thumb/xiyizonghe_shenghua//20170608/ab1cde9ff7502ed3.jpg
开始生成ts/data/hls/xiyizonghe_shenghua//20170608/b7c8bf93_xyky_jcsh08
生成ts成功
开始生成切片ab1cde9ff7502ed3.m3u8
生成切片成功
开始处理第6个文件[/data/original/xiyizonghe_shenghua/20170608/xyky_jcsh18.mp4]
开始转码生成临时文件/data/fs_convert/xiyizonghe_shenghua//xyky_jcsh18_tmp.mp4
转码成功
生成缩略图/data/hls/thumb/xiyizonghe_shenghua//20170608/c807f75e85fd6e90.jpg
开始生成ts/data/hls/xiyizonghe_shenghua//20170608/c5deb5de_xyky_jcsh18
生成ts成功
开始生成切片c807f75e85fd6e90.m3u8
生成切片成功
开始处理第7个文件[/data/original/xiyizonghe_shenghua/20170608/xyky_jcsh11.mp4]
开始转码生成临时文件/data/fs_convert/xiyizonghe_shenghua//xyky_jcsh11_tmp.mp4
转码成功
生成缩略图/data/hls/thumb/xiyizonghe_shenghua//20170608/c6b7d89561e45cfb.jpg
开始生成ts/data/hls/xiyizonghe_shenghua//20170608/a90fea17_xyky_jcsh11
生成ts成功
开始生成切片c6b7d89561e45cfb.m3u8
生成切片成功
开始处理第8个文件[/data/original/xiyizonghe_shenghua/20170608/xyky_jcsh25.mp4]
开始转码生成临时文件/data/fs_convert/xiyizonghe_shenghua//xyky_jcsh25_tmp.mp4
转码成功
生成缩略图/data/hls/thumb/xiyizonghe_shenghua//20170608/c05d7c29130edce4.jpg
开始生成ts/data/hls/xiyizonghe_shenghua//20170608/9515ce0c_xyky_jcsh25
生成ts成功
开始生成切片c05d7c29130edce4.m3u8
生成切片成功
开始处理第9个文件[/data/original/xiyizonghe_shenghua/20170608/xyky_jcsh12.mp4]
开始转码生成临时文件/data/fs_convert/xiyizonghe_shenghua//xyky_jcsh12_tmp.mp4
转码成功
生成缩略图/data/hls/thumb/xiyizonghe_waike//20170608/41a2fe92d144a765.jpg
开始生成ts/data/hls/xiyizonghe_waike//20170608/aee3e908_xyzy_jcwk01
生成ts成功
开始生成切片41a2fe92d144a765.m3u8
生成切片成功
/data/hls/xiyizonghe_waike//20170608/ae901bff_xyzy_jcwk04/afcbbd9a2dba4e11.m3u8
正在修改aes_m3u8文件
/data/hls/xiyizonghe_shenghua//20170608/4a021802_xyky_jcsh19/b95016596c30fb80.m3u8
正在修改aes_m3u8文件
/data/hls/xiyizonghe_shenghua//20170608/521982d8_xyky_jcsh10/f061bdc20f1b6991.m3u8
正在修改aes_m3u8文件
/data/hls/xiyizonghe_shenghua//20170608/a73f2a54_xyky_jcsh13/7b0d55c7f612bc54.m3u8
正在修改aes_m3u8文件
/data/hls/xiyizonghe_shenghua//20170608/c7c22af8_xyky_jcsh17/de988880fe26332c.m3u8
正在修改aes_m3u8文件
/data/hls/xiyizonghe_waike//20170608/b5c7118d_xyzy_jcwk03/855a67df6b720b89.m3u8
正在修改aes_m3u8文件
/data/hls/xiyizonghe_shenghua//20170608/b7c8bf93_xyky_jcsh08/ab1cde9ff7502ed3.m3u8
正在修改aes_m3u8文件
/data/hls/xiyizonghe_shenghua//20170608/c5deb5de_xyky_jcsh18/c807f75e85fd6e90.m3u8
正在修改aes_m3u8文件
/data/hls/xiyizonghe_shenghua//20170608/a90fea17_xyky_jcsh11/c6b7d89561e45cfb.m3u8
正在修改aes_m3u8文件
/data/hls/xiyizonghe_shenghua//20170608/9515ce0c_xyky_jcsh25/c05d7c29130edce4.m3u8
正在修改aes_m3u8文件
/data/hls/xiyizonghe_waike//20170608/aee3e908_xyzy_jcwk01/41a2fe92d144a765.m3u8
正在修改aes_m3u8文件
输出日志到/root/shell/log/sql_xiyizonghe_waike.log
转码成功
生成缩略图/data/hls/thumb/xiyizonghe_shenghua//20170608/9525442cf7dfbd19.jpg
开始生成ts/data/hls/xiyizonghe_shenghua//20170608/142c528c_xyky_jcsh12
生成ts成功
开始生成切片9525442cf7dfbd19.m3u8
生成切片成功
/data/hls/xiyizonghe_waike//20170608/ae901bff_xyzy_jcwk04/afcbbd9a2dba4e11.m3u8
正在修改aes_m3u8文件
/data/hls/xiyizonghe_shenghua//20170608/4a021802_xyky_jcsh19/b95016596c30fb80.m3u8
正在修改aes_m3u8文件
/data/hls/xiyizonghe_shenghua//20170608/521982d8_xyky_jcsh10/f061bdc20f1b6991.m3u8
正在修改aes_m3u8文件
/data/hls/xiyizonghe_shenghua//20170608/a73f2a54_xyky_jcsh13/7b0d55c7f612bc54.m3u8
正在修改aes_m3u8文件
/data/hls/xiyizonghe_shenghua//20170608/c7c22af8_xyky_jcsh17/de988880fe26332c.m3u8
正在修改aes_m3u8文件
/data/hls/xiyizonghe_waike//20170608/b5c7118d_xyzy_jcwk03/855a67df6b720b89.m3u8
正在修改aes_m3u8文件
/data/hls/xiyizonghe_shenghua//20170608/b7c8bf93_xyky_jcsh08/ab1cde9ff7502ed3.m3u8
正在修改aes_m3u8文件
/data/hls/xiyizonghe_shenghua//20170608/c5deb5de_xyky_jcsh18/c807f75e85fd6e90.m3u8
正在修改aes_m3u8文件
/data/hls/xiyizonghe_shenghua//20170608/a90fea17_xyky_jcsh11/c6b7d89561e45cfb.m3u8
正在修改aes_m3u8文件
/data/hls/xiyizonghe_shenghua//20170608/9515ce0c_xyky_jcsh25/c05d7c29130edce4.m3u8
正在修改aes_m3u8文件
/data/hls/xiyizonghe_waike//20170608/aee3e908_xyzy_jcwk01/41a2fe92d144a765.m3u8
正在修改aes_m3u8文件
/data/hls/xiyizonghe_shenghua//20170608/142c528c_xyky_jcsh12/9525442cf7dfbd19.m3u8
正在修改aes_m3u8文件
输出日志到/root/shell/log/sql_xiyizonghe_shenghua.log
开始处理第1个文件[/data/original/tcms_fangjixue/20170608/zyzy_jjfj14.mp4]
开始转码生成临时文件/data/fs_convert/tcms_fangjixue//zyzy_jjfj14_tmp.mp4
转码成功
生成缩略图/data/hls/thumb/tcms_fangjixue//20170608/50a66be8fe62da9d.jpg
开始生成ts/data/hls/tcms_fangjixue//20170608/4dfc4ba4_zyzy_jjfj14
生成ts成功
开始生成切片50a66be8fe62da9d.m3u8
生成切片成功
开始处理第2个文件[/data/original/tcms_fangjixue/20170608/zyzy_jjfj09.mp4]
开始转码生成临时文件/data/fs_convert/tcms_fangjixue//zyzy_jjfj09_tmp.mp4
转码成功
生成缩略图/data/hls/thumb/tcms_fangjixue//20170608/34e2f1d6d88f0d44.jpg
开始生成ts/data/hls/tcms_fangjixue//20170608/6ef34c61_zyzy_jjfj09
生成ts成功
开始生成切片34e2f1d6d88f0d44.m3u8
生成切片成功
开始处理第3个文件[/data/original/tcms_fangjixue/20170608/zyzy_jjfj08.mp4]
开始转码生成临时文件/data/fs_convert/tcms_fangjixue//zyzy_jjfj08_tmp.mp4
转码成功
生成缩略图/data/hls/thumb/tcms_fangjixue//20170608/d5a4a7c136170a79.jpg
开始生成ts/data/hls/tcms_fangjixue//20170608/2708f68e_zyzy_jjfj08
生成ts成功
开始生成切片d5a4a7c136170a79.m3u8
生成切片成功
开始处理第4个文件[/data/original/tcms_fangjixue/20170608/zyzy_jjfj11.mp4]
开始转码生成临时文件/data/fs_convert/tcms_fangjixue//zyzy_jjfj11_tmp.mp4
转码成功
生成缩略图/data/hls/thumb/tcms_fangjixue//20170608/32a586309ddbeed6.jpg
开始生成ts/data/hls/tcms_fangjixue//20170608/7d9eb632_zyzy_jjfj11
生成ts成功
开始生成切片32a586309ddbeed6.m3u8
生成切片成功
开始处理第5个文件[/data/original/tcms_fangjixue/20170608/zyzy_jjfj13.mp4]
开始转码生成临时文件/data/fs_convert/tcms_fangjixue//zyzy_jjfj13_tmp.mp4
转码成功
生成缩略图/data/hls/thumb/tcms_fangjixue//20170608/edbd9beeab442aaa.jpg
开始生成ts/data/hls/tcms_fangjixue//20170608/b2c55005_zyzy_jjfj13
生成ts成功
开始生成切片edbd9beeab442aaa.m3u8
生成切片成功
开始处理第6个文件[/data/original/tcms_fangjixue/20170608/zyzy_jjfj07.mp4]
开始转码生成临时文件/data/fs_convert/tcms_fangjixue//zyzy_jjfj07_tmp.mp4
转码成功
生成缩略图/data/hls/thumb/tcms_fangjixue//20170608/6a333bf2bfc41f9c.jpg
开始生成ts/data/hls/tcms_fangjixue//20170608/358cc5df_zyzy_jjfj07
生成ts成功
开始生成切片6a333bf2bfc41f9c.m3u8
生成切片成功
开始处理第7个文件[/data/original/tcms_fangjixue/20170608/zyzy_jjfj10.mp4]
开始转码生成临时文件/data/fs_convert/tcms_fangjixue//zyzy_jjfj10_tmp.mp4
转码成功
生成缩略图/data/hls/thumb/tcms_fangjixue//20170608/abcfc591f4c54e70.jpg
开始生成ts/data/hls/tcms_fangjixue//20170608/76338fcb_zyzy_jjfj10
生成ts成功
开始生成切片abcfc591f4c54e70.m3u8
生成切片成功
开始处理第8个文件[/data/original/tcms_fangjixue/20170608/zyzy_jjfj01.mp4]
开始转码生成临时文件/data/fs_convert/tcms_fangjixue//zyzy_jjfj01_tmp.mp4
转码成功
生成缩略图/data/hls/thumb/tcms_fangjixue//20170608/442a5ee81e159ac0.jpg
开始生成ts/data/hls/tcms_fangjixue//20170608/758b0d62_zyzy_jjfj01
生成ts成功
开始生成切片442a5ee81e159ac0.m3u8
生成切片成功
开始处理第9个文件[/data/original/tcms_fangjixue/20170608/zyzy_jjfj20.mp4]
开始转码生成临时文件/data/fs_convert/tcms_fangjixue//zyzy_jjfj20_tmp.mp4
转码成功
生成缩略图/data/hls/thumb/tcms_fangjixue//20170608/5830f8b6a9eb5813.jpg
开始生成ts/data/hls/tcms_fangjixue//20170608/d0b8fd9d_zyzy_jjfj20
生成ts成功
开始生成切片5830f8b6a9eb5813.m3u8
生成切片成功
开始处理第10个文件[/data/original/tcms_fangjixue/20170608/zyzy_jjfj17.mp4]
开始转码生成临时文件/data/fs_convert/tcms_fangjixue//zyzy_jjfj17_tmp.mp4
转码成功
生成缩略图/data/hls/thumb/tcms_fangjixue//20170608/9189b27a41062bfe.jpg
开始生成ts/data/hls/tcms_fangjixue//20170608/f7da9699_zyzy_jjfj17
生成ts成功
开始生成切片9189b27a41062bfe.m3u8
生成切片成功
开始处理第11个文件[/data/original/tcms_fangjixue/20170608/zyzy_jjfj19.mp4]
开始转码生成临时文件/data/fs_convert/tcms_fangjixue//zyzy_jjfj19_tmp.mp4
转码成功
生成缩略图/data/hls/thumb/tcms_fangjixue//20170608/ea978003caa0aed6.jpg
开始生成ts/data/hls/tcms_fangjixue//20170608/f606ca80_zyzy_jjfj19
生成ts成功
开始生成切片ea978003caa0aed6.m3u8
生成切片成功
开始处理第12个文件[/data/original/tcms_fangjixue/20170608/zyzy_jjfj06.mp4]
开始转码生成临时文件/data/fs_convert/tcms_fangjixue//zyzy_jjfj06_tmp.mp4
转码成功
生成缩略图/data/hls/thumb/tcms_fangjixue//20170608/2416e62d89dd231e.jpg
开始生成ts/data/hls/tcms_fangjixue//20170608/172b0300_zyzy_jjfj06
生成ts成功
开始生成切片2416e62d89dd231e.m3u8
生成切片成功
开始处理第13个文件[/data/original/tcms_fangjixue/20170608/zyzy_jjfj18.mp4]
开始转码生成临时文件/data/fs_convert/tcms_fangjixue//zyzy_jjfj18_tmp.mp4
转码成功
生成缩略图/data/hls/thumb/tcms_fangjixue//20170608/d905c7c23084ddcb.jpg
开始生成ts/data/hls/tcms_fangjixue//20170608/d25e05ee_zyzy_jjfj18
生成ts成功
开始生成切片d905c7c23084ddcb.m3u8
生成切片成功
开始处理第14个文件[/data/original/tcms_fangjixue/20170608/zyzy_jjfj02.mp4]
开始转码生成临时文件/data/fs_convert/tcms_fangjixue//zyzy_jjfj02_tmp.mp4
转码成功
生成缩略图/data/hls/thumb/tcms_fangjixue//20170608/0f8f3152fefe551e.jpg
开始生成ts/data/hls/tcms_fangjixue//20170608/af9f95c1_zyzy_jjfj02
生成ts成功
开始生成切片0f8f3152fefe551e.m3u8
生成切片成功
开始处理第15个文件[/data/original/tcms_fangjixue/20170608/zyzy_jjfj04.mp4]
开始转码生成临时文件/data/fs_convert/tcms_fangjixue//zyzy_jjfj04_tmp.mp4
转码成功
生成缩略图/data/hls/thumb/tcms_fangjixue//20170608/27d99b4a570de99a.jpg
开始生成ts/data/hls/tcms_fangjixue//20170608/104dcbe3_zyzy_jjfj04
生成ts成功
开始生成切片27d99b4a570de99a.m3u8
生成切片成功
开始处理第16个文件[/data/original/tcms_fangjixue/20170608/zyzy_jjfj15.mp4]
开始转码生成临时文件/data/fs_convert/tcms_fangjixue//zyzy_jjfj15_tmp.mp4
转码成功
生成缩略图/data/hls/thumb/tcms_fangjixue//20170608/7b0143029f74a2f4.jpg
开始生成ts/data/hls/tcms_fangjixue//20170608/91623284_zyzy_jjfj15
生成ts成功
开始生成切片7b0143029f74a2f4.m3u8
生成切片成功
开始处理第17个文件[/data/original/tcms_fangjixue/20170608/zyzy_jjfj03.mp4]
开始转码生成临时文件/data/fs_convert/tcms_fangjixue//zyzy_jjfj03_tmp.mp4
转码成功
生成缩略图/data/hls/thumb/tcms_fangjixue//20170608/a4e98d0be22d109e.jpg
开始生成ts/data/hls/tcms_fangjixue//20170608/1df08686_zyzy_jjfj03
生成ts成功
开始生成切片a4e98d0be22d109e.m3u8
生成切片成功
开始处理第18个文件[/data/original/tcms_fangjixue/20170608/zyzy_jjfj16.mp4]
开始转码生成临时文件/data/fs_convert/tcms_fangjixue//zyzy_jjfj16_tmp.mp4
转码成功
生成缩略图/data/hls/thumb/tcms_fangjixue//20170608/86c90d2e0fc0d5fc.jpg
开始生成ts/data/hls/tcms_fangjixue//20170608/84100d72_zyzy_jjfj16
生成ts成功
开始生成切片86c90d2e0fc0d5fc.m3u8
生成切片成功
开始处理第19个文件[/data/original/tcms_fangjixue/20170608/zyzy_jjfj05.mp4]
开始转码生成临时文件/data/fs_convert/tcms_fangjixue//zyzy_jjfj05_tmp.mp4
转码成功
生成缩略图/data/hls/thumb/tcms_fangjixue//20170608/d074330581265053.jpg
开始生成ts/data/hls/tcms_fangjixue//20170608/51df41d4_zyzy_jjfj05
生成ts成功
开始生成切片d074330581265053.m3u8
生成切片成功
开始处理第20个文件[/data/original/tcms_fangjixue/20170608/zyzy_jjfj12.mp4]
开始转码生成临时文件/data/fs_convert/tcms_fangjixue//zyzy_jjfj12_tmp.mp4
转码成功
生成缩略图/data/hls/thumb/tcms_fangjixue//20170608/97a7c658a5aef22a.jpg
开始生成ts/data/hls/tcms_fangjixue//20170608/62d31910_zyzy_jjfj12
生成ts成功
开始生成切片97a7c658a5aef22a.m3u8
生成切片成功
/data/hls/tcms_fangjixue//20170608/4dfc4ba4_zyzy_jjfj14/50a66be8fe62da9d.m3u8
正在修改aes_m3u8文件
/data/hls/tcms_fangjixue//20170608/6ef34c61_zyzy_jjfj09/34e2f1d6d88f0d44.m3u8
正在修改aes_m3u8文件
/data/hls/tcms_fangjixue//20170608/2708f68e_zyzy_jjfj08/d5a4a7c136170a79.m3u8
正在修改aes_m3u8文件
/data/hls/tcms_fangjixue//20170608/7d9eb632_zyzy_jjfj11/32a586309ddbeed6.m3u8
正在修改aes_m3u8文件
/data/hls/tcms_fangjixue//20170608/b2c55005_zyzy_jjfj13/edbd9beeab442aaa.m3u8
正在修改aes_m3u8文件
/data/hls/tcms_fangjixue//20170608/358cc5df_zyzy_jjfj07/6a333bf2bfc41f9c.m3u8
正在修改aes_m3u8文件
/data/hls/tcms_fangjixue//20170608/76338fcb_zyzy_jjfj10/abcfc591f4c54e70.m3u8
正在修改aes_m3u8文件
/data/hls/tcms_fangjixue//20170608/758b0d62_zyzy_jjfj01/442a5ee81e159ac0.m3u8
正在修改aes_m3u8文件
/data/hls/tcms_fangjixue//20170608/d0b8fd9d_zyzy_jjfj20/5830f8b6a9eb5813.m3u8
正在修改aes_m3u8文件
/data/hls/tcms_fangjixue//20170608/f7da9699_zyzy_jjfj17/9189b27a41062bfe.m3u8
正在修改aes_m3u8文件
/data/hls/tcms_fangjixue//20170608/f606ca80_zyzy_jjfj19/ea978003caa0aed6.m3u8
正在修改aes_m3u8文件
/data/hls/tcms_fangjixue//20170608/172b0300_zyzy_jjfj06/2416e62d89dd231e.m3u8
正在修改aes_m3u8文件
/data/hls/tcms_fangjixue//20170608/d25e05ee_zyzy_jjfj18/d905c7c23084ddcb.m3u8
正在修改aes_m3u8文件
/data/hls/tcms_fangjixue//20170608/af9f95c1_zyzy_jjfj02/0f8f3152fefe551e.m3u8
正在修改aes_m3u8文件
/data/hls/tcms_fangjixue//20170608/104dcbe3_zyzy_jjfj04/27d99b4a570de99a.m3u8
正在修改aes_m3u8文件
/data/hls/tcms_fangjixue//20170608/91623284_zyzy_jjfj15/7b0143029f74a2f4.m3u8
正在修改aes_m3u8文件
/data/hls/tcms_fangjixue//20170608/1df08686_zyzy_jjfj03/a4e98d0be22d109e.m3u8
正在修改aes_m3u8文件
/data/hls/tcms_fangjixue//20170608/84100d72_zyzy_jjfj16/86c90d2e0fc0d5fc.m3u8
正在修改aes_m3u8文件
/data/hls/tcms_fangjixue//20170608/51df41d4_zyzy_jjfj05/d074330581265053.m3u8
正在修改aes_m3u8文件
/data/hls/tcms_fangjixue//20170608/62d31910_zyzy_jjfj12/97a7c658a5aef22a.m3u8
正在修改aes_m3u8文件
输出日志到/root/shell/log/sql_tcms_fangjixue.log
开始处理第1个文件[/data/original/zhiyi_jineng/20170609/xyzy_jncz1.mp4]
开始转码生成临时文件/data/fs_convert/zhiyi_jineng//xyzy_jncz1_tmp.mp4
转码成功
生成缩略图/data/hls/thumb/zhiyi_jineng//20170609/4c48167136f30524.jpg
开始生成ts/data/hls/zhiyi_jineng//20170609/99623ae5_xyzy_jncz1
生成ts成功
开始生成切片4c48167136f30524.m3u8
生成切片成功
/data/hls/zhiyi_jineng//20170609/99623ae5_xyzy_jncz1/4c48167136f30524.m3u8
正在修改aes_m3u8文件
输出日志到/root/shell/log/sql_zhiyi_jineng.log
