恭喜,文件生成成功，即将生成目录
恭喜,配置文件修改成功！！
开始处理第1个文件[/data/original/xiyizonghe_waike/20170517/kyxz.wkmn01.mp4]
开始转码生成临时文件/data/fs_convert/xiyizonghe_waike//kyxz.wkmn01_tmp.mp4
转码成功
生成缩略图/data/hls/thumb/xiyizonghe_waike//20170517/fcd1b8c9c0bb369e.jpg
开始生成ts/data/hls/xiyizonghe_waike//20170517/7a33733e
生成ts成功
开始生成切片fcd1b8c9c0bb369e.m3u8
生成切片成功
开始处理第2个文件[/data/original/xiyizonghe_waike/20170517/kyxz.wkmn02.mp4]
开始转码生成临时文件/data/fs_convert/xiyizonghe_waike//kyxz.wkmn02_tmp.mp4
转码成功
生成缩略图/data/hls/thumb/xiyizonghe_waike//20170517/5323dbccd187318c.jpg
开始生成ts/data/hls/xiyizonghe_waike//20170517/e519c859
生成ts成功
开始生成切片5323dbccd187318c.m3u8
生成切片成功
开始处理第3个文件[/data/original/xiyizonghe_waike/20170517/kyxz.wkmn03.mp4]
开始转码生成临时文件/data/fs_convert/xiyizonghe_waike//kyxz.wkmn03_tmp.mp4
转码成功
生成缩略图/data/hls/thumb/xiyizonghe_waike//20170517/b42ec19a16ee85cf.jpg
开始生成ts/data/hls/xiyizonghe_waike//20170517/aeccd773
生成ts成功
开始生成切片b42ec19a16ee85cf.m3u8
生成切片成功
/data/hls/xiyizonghe_waike//20170517/7a33733e/fcd1b8c9c0bb369e.m3u8
正在修改aes_m3u8文件
/data/hls/xiyizonghe_waike//20170517/e519c859/5323dbccd187318c.m3u8
正在修改aes_m3u8文件
/data/hls/xiyizonghe_waike//20170517/aeccd773/b42ec19a16ee85cf.m3u8
正在修改aes_m3u8文件
输出日志到/root/shell/log/sql_xiyizonghe_waike.log
恭喜,文件生成成功，即将生成目录
恭喜,配置文件修改成功！！
开始处理第1个文件[/data/original/zhiyi_lilun/20170517/xzy.ll1.01.mp4]
开始转码生成临时文件/data/fs_convert/zhiyi_lilun//xzy.ll1.01_tmp.mp4
转码成功
生成缩略图/data/hls/thumb/zhiyi_lilun//20170517/b6628fbe4f28d4b9.jpg
开始生成ts/data/hls/zhiyi_lilun//20170517/56769e72
生成ts成功
开始生成切片b6628fbe4f28d4b9.m3u8
生成切片成功
开始处理第2个文件[/data/original/zhiyi_lilun/20170517/xzy.ll6.01.mp4]
开始转码生成临时文件/data/fs_convert/zhiyi_lilun//xzy.ll6.01_tmp.mp4
转码成功
生成缩略图/data/hls/thumb/zhiyi_lilun//20170517/30d6d32c21f3bb54.jpg
开始生成ts/data/hls/zhiyi_lilun//20170517/bdc99a03
生成ts成功
开始生成切片30d6d32c21f3bb54.m3u8
生成切片成功
开始处理第3个文件[/data/original/zhiyi_lilun/20170517/xzy.ll2.01.mp4]
开始转码生成临时文件/data/fs_convert/zhiyi_lilun//xzy.ll2.01_tmp.mp4
转码成功
生成缩略图/data/hls/thumb/zhiyi_lilun//20170517/13219d31e18aeb81.jpg
开始生成ts/data/hls/zhiyi_lilun//20170517/8a2a3c46
生成ts成功
开始生成切片13219d31e18aeb81.m3u8
生成切片成功
开始处理第4个文件[/data/original/zhiyi_lilun/20170517/xzy.ll4.01.mp4]
开始转码生成临时文件/data/fs_convert/zhiyi_lilun//xzy.ll4.01_tmp.mp4
转码成功
生成缩略图/data/hls/thumb/zhiyi_lilun//20170517/f5970b8ebeb613ed.jpg
开始生成ts/data/hls/zhiyi_lilun//20170517/af08df7f
生成ts成功
开始生成切片f5970b8ebeb613ed.m3u8
生成切片成功
开始处理第5个文件[/data/original/zhiyi_lilun/20170517/xzy.ll3.01.mp4]
开始转码生成临时文件/data/fs_convert/zhiyi_lilun//xzy.ll3.01_tmp.mp4
转码成功
生成缩略图/data/hls/thumb/zhiyi_lilun//20170517/d031f201e5c90d63.jpg
开始生成ts/data/hls/zhiyi_lilun//20170517/a32cdf02
生成ts成功
开始生成切片d031f201e5c90d63.m3u8
生成切片成功
开始处理第6个文件[/data/original/zhiyi_lilun/20170517/xzy.ll5.01.mp4]
开始转码生成临时文件/data/fs_convert/zhiyi_lilun//xzy.ll5.01_tmp.mp4
转码成功
生成缩略图/data/hls/thumb/zhiyi_lilun//20170517/27797b070bee679c.jpg
开始生成ts/data/hls/zhiyi_lilun//20170517/ef165338
生成ts成功
开始生成切片27797b070bee679c.m3u8
生成切片成功
开始处理第7个文件[/data/original/zhiyi_lilun/20170517/xzy.ll8.01.mp4]
开始转码生成临时文件/data/fs_convert/zhiyi_lilun//xzy.ll8.01_tmp.mp4
转码成功
生成缩略图/data/hls/thumb/zhiyi_lilun//20170517/d8cac4688f743a3e.jpg
开始生成ts/data/hls/zhiyi_lilun//20170517/931d45d7
生成ts成功
开始生成切片d8cac4688f743a3e.m3u8
生成切片成功
开始处理第8个文件[/data/original/zhiyi_lilun/20170517/xzy.ll7.01.mp4]
开始转码生成临时文件/data/fs_convert/zhiyi_lilun//xzy.ll7.01_tmp.mp4
转码成功
生成缩略图/data/hls/thumb/zhiyi_lilun//20170517/9927fddc4fbd50fe.jpg
开始生成ts/data/hls/zhiyi_lilun//20170517/a54ebad7
生成ts成功
开始生成切片9927fddc4fbd50fe.m3u8
生成切片成功
开始处理第9个文件[/data/original/zhiyi_lilun/20170517/xzy.ll9.01.mp4]
开始转码生成临时文件/data/fs_convert/zhiyi_lilun//xzy.ll9.01_tmp.mp4
转码成功
生成缩略图/data/hls/thumb/zhiyi_lilun//20170517/c34511edc971743d.jpg
开始生成ts/data/hls/zhiyi_lilun//20170517/15e265e7
生成ts成功
开始生成切片c34511edc971743d.m3u8
生成切片成功
/data/hls/zhiyi_lilun//20170517/56769e72/b6628fbe4f28d4b9.m3u8
正在修改aes_m3u8文件
/data/hls/zhiyi_lilun//20170517/bdc99a03/30d6d32c21f3bb54.m3u8
正在修改aes_m3u8文件
/data/hls/zhiyi_lilun//20170517/8a2a3c46/13219d31e18aeb81.m3u8
正在修改aes_m3u8文件
/data/hls/zhiyi_lilun//20170517/af08df7f/f5970b8ebeb613ed.m3u8
正在修改aes_m3u8文件
/data/hls/zhiyi_lilun//20170517/a32cdf02/d031f201e5c90d63.m3u8
正在修改aes_m3u8文件
/data/hls/zhiyi_lilun//20170517/ef165338/27797b070bee679c.m3u8
正在修改aes_m3u8文件
/data/hls/zhiyi_lilun//20170517/931d45d7/d8cac4688f743a3e.m3u8
正在修改aes_m3u8文件
/data/hls/zhiyi_lilun//20170517/a54ebad7/9927fddc4fbd50fe.m3u8
正在修改aes_m3u8文件
/data/hls/zhiyi_lilun//20170517/15e265e7/c34511edc971743d.m3u8
正在修改aes_m3u8文件
输出日志到/root/shell/log/sql_zhiyi_lilun.log
开始处理第1个文件[/data/original/tcms_medicine/20170517/kyzyzyx21.mp4]
开始转码生成临时文件/data/fs_convert/tcms_medicine//kyzyzyx21_tmp.mp4
转码成功
生成缩略图/data/hls/thumb/tcms_medicine//20170517/d5995bc61166e3df.jpg
开始生成ts/data/hls/tcms_medicine//20170517/db2da532
生成ts成功
开始生成切片d5995bc61166e3df.m3u8
生成切片成功
开始处理第2个文件[/data/original/tcms_medicine/20170517/kyzyzyx18.mp4]
开始转码生成临时文件/data/fs_convert/tcms_medicine//kyzyzyx18_tmp.mp4
转码成功
生成缩略图/data/hls/thumb/tcms_medicine//20170517/18bc9009cbecc42b.jpg
开始生成ts/data/hls/tcms_medicine//20170517/6c8bbf80
生成ts成功
开始生成切片18bc9009cbecc42b.m3u8
生成切片成功
开始处理第3个文件[/data/original/tcms_medicine/20170517/kyzyzyx19.mp4]
开始转码生成临时文件/data/fs_convert/tcms_medicine//kyzyzyx19_tmp.mp4
转码成功
生成缩略图/data/hls/thumb/tcms_medicine//20170517/1ecc03746d9ca52f.jpg
开始生成ts/data/hls/tcms_medicine//20170517/d9eda7fa
生成ts成功
开始生成切片1ecc03746d9ca52f.m3u8
生成切片成功
开始处理第4个文件[/data/original/tcms_medicine/20170517/kyzyzyx16.mp4]
开始转码生成临时文件/data/fs_convert/tcms_medicine//kyzyzyx16_tmp.mp4
转码成功
生成缩略图/data/hls/thumb/tcms_medicine//20170517/68a967695caeaace.jpg
开始生成ts/data/hls/tcms_medicine//20170517/3a085b10
生成ts成功
开始生成切片68a967695caeaace.m3u8
生成切片成功
开始处理第5个文件[/data/original/tcms_medicine/20170517/kyzyzyx17.mp4]
开始转码生成临时文件/data/fs_convert/tcms_medicine//kyzyzyx17_tmp.mp4
转码成功
生成缩略图/data/hls/thumb/tcms_medicine//20170517/4e2d97cd89f8c5dd.jpg
开始生成ts/data/hls/tcms_medicine//20170517/558d39bf
生成ts成功
开始生成切片4e2d97cd89f8c5dd.m3u8
生成切片成功
开始处理第6个文件[/data/original/tcms_medicine/20170517/kyzyzyx11.mp4]
开始转码生成临时文件/data/fs_convert/tcms_medicine//kyzyzyx11_tmp.mp4
转码成功
生成缩略图/data/hls/thumb/tcms_medicine//20170517/e314037586448f3a.jpg
开始生成ts/data/hls/tcms_medicine//20170517/4baaccc3
生成ts成功
开始生成切片e314037586448f3a.m3u8
生成切片成功
开始处理第7个文件[/data/original/tcms_medicine/20170517/kyzyzyx15.mp4]
开始转码生成临时文件/data/fs_convert/tcms_medicine//kyzyzyx15_tmp.mp4
转码成功
生成缩略图/data/hls/thumb/tcms_medicine//20170517/fdc5c652fbf45a42.jpg
开始生成ts/data/hls/tcms_medicine//20170517/3a9de02e
生成ts成功
开始生成切片fdc5c652fbf45a42.m3u8
生成切片成功
开始处理第8个文件[/data/original/tcms_medicine/20170517/kyzyzyx13.mp4]
开始转码生成临时文件/data/fs_convert/tcms_medicine//kyzyzyx13_tmp.mp4
转码成功
生成缩略图/data/hls/thumb/tcms_medicine//20170517/d226a626f2ed94ac.jpg
开始生成ts/data/hls/tcms_medicine//20170517/4c31d411
生成ts成功
开始生成切片d226a626f2ed94ac.m3u8
生成切片成功
开始处理第9个文件[/data/original/tcms_medicine/20170517/kyzyzyx12.mp4]
开始转码生成临时文件/data/fs_convert/tcms_medicine//kyzyzyx12_tmp.mp4
转码成功
生成缩略图/data/hls/thumb/tcms_medicine//20170517/9afb57b59998af9d.jpg
开始生成ts/data/hls/tcms_medicine//20170517/b145f6a7
生成ts成功
开始生成切片9afb57b59998af9d.m3u8
生成切片成功
开始处理第10个文件[/data/original/tcms_medicine/20170517/kyzyzyx20.mp4]
开始转码生成临时文件/data/fs_convert/tcms_medicine//kyzyzyx20_tmp.mp4
转码成功
生成缩略图/data/hls/thumb/tcms_medicine//20170517/3bea4368b4665c29.jpg
开始生成ts/data/hls/tcms_medicine//20170517/39f4f7e8
生成ts成功
开始生成切片3bea4368b4665c29.m3u8
生成切片成功
开始处理第11个文件[/data/original/tcms_medicine/20170517/kyzyzyx14.mp4]
开始转码生成临时文件/data/fs_convert/tcms_medicine//kyzyzyx14_tmp.mp4
转码成功
生成缩略图/data/hls/thumb/tcms_medicine//20170517/7a9630b772302a73.jpg
开始生成ts/data/hls/tcms_medicine//20170517/bc57615f
生成ts成功
开始生成切片7a9630b772302a73.m3u8
生成切片成功
/data/hls/tcms_medicine//20170517/db2da532/d5995bc61166e3df.m3u8
正在修改aes_m3u8文件
/data/hls/tcms_medicine//20170517/6c8bbf80/18bc9009cbecc42b.m3u8
正在修改aes_m3u8文件
/data/hls/tcms_medicine//20170517/d9eda7fa/1ecc03746d9ca52f.m3u8
正在修改aes_m3u8文件
/data/hls/tcms_medicine//20170517/3a085b10/68a967695caeaace.m3u8
正在修改aes_m3u8文件
/data/hls/tcms_medicine//20170517/558d39bf/4e2d97cd89f8c5dd.m3u8
正在修改aes_m3u8文件
/data/hls/tcms_medicine//20170517/4baaccc3/e314037586448f3a.m3u8
正在修改aes_m3u8文件
/data/hls/tcms_medicine//20170517/3a9de02e/fdc5c652fbf45a42.m3u8
正在修改aes_m3u8文件
/data/hls/tcms_medicine//20170517/4c31d411/d226a626f2ed94ac.m3u8
正在修改aes_m3u8文件
/data/hls/tcms_medicine//20170517/b145f6a7/9afb57b59998af9d.m3u8
正在修改aes_m3u8文件
/data/hls/tcms_medicine//20170517/39f4f7e8/3bea4368b4665c29.m3u8
正在修改aes_m3u8文件
/data/hls/tcms_medicine//20170517/bc57615f/7a9630b772302a73.m3u8
正在修改aes_m3u8文件
输出日志到/root/shell/log/sql_tcms_medicine.log
