开始处理第1个文件[/data/original/tcms_medicine/20170504/kyzyzyx05.mp4]
开始转码生成临时文件/data/fs_convert/tcms_medicine//kyzyzyx05_tmp.mp4
转码成功
生成缩略图/data/hls/thumb/tcms_medicine//20170504/ab8fdc412e51c8ff.jpg
开始生成ts/data/hls/tcms_medicine//20170504/3881697a
生成ts成功
开始生成切片ab8fdc412e51c8ff.m3u8
生成切片成功
开始处理第2个文件[/data/original/tcms_medicine/20170504/kyzyzyx04.mp4]
开始转码生成临时文件/data/fs_convert/tcms_medicine//kyzyzyx04_tmp.mp4
转码成功
生成缩略图/data/hls/thumb/tcms_medicine//20170504/b5ccca745293f517.jpg
开始生成ts/data/hls/tcms_medicine//20170504/e42a0fd3
生成ts成功
开始生成切片b5ccca745293f517.m3u8
生成切片成功
开始处理第3个文件[/data/original/tcms_medicine/20170504/kyzyzyx06.mp4]
开始转码生成临时文件/data/fs_convert/tcms_medicine//kyzyzyx06_tmp.mp4
转码成功
生成缩略图/data/hls/thumb/tcms_medicine//20170504/0a72f32f099ef862.jpg
开始生成ts/data/hls/tcms_medicine//20170504/2e47d027
生成ts成功
开始生成切片0a72f32f099ef862.m3u8
生成切片成功
开始处理第4个文件[/data/original/tcms_medicine/20170504/kyzyzyx03.mp4]
开始转码生成临时文件/data/fs_convert/tcms_medicine//kyzyzyx03_tmp.mp4
转码成功
生成缩略图/data/hls/thumb/tcms_medicine//20170504/287453b02e2ae9e8.jpg
开始生成ts/data/hls/tcms_medicine//20170504/5a87c89b
生成ts成功
开始生成切片287453b02e2ae9e8.m3u8
生成切片成功
/data/hls/tcms_medicine//20170504/3881697a/ab8fdc412e51c8ff.m3u8
正在修改aes_m3u8文件
/data/hls/tcms_medicine//20170504/e42a0fd3/b5ccca745293f517.m3u8
正在修改aes_m3u8文件
/data/hls/tcms_medicine//20170504/2e47d027/0a72f32f099ef862.m3u8
正在修改aes_m3u8文件
/data/hls/tcms_medicine//20170504/5a87c89b/287453b02e2ae9e8.m3u8
正在修改aes_m3u8文件
输出日志到/root/shell/log/sql_tcms_medicine.log
开始处理第1个文件[/data/original/zhiyi_jineng/20170504/Xzyjn2.22.mp4]
开始转码生成临时文件/data/fs_convert/zhiyi_jineng//Xzyjn2.22_tmp.mp4
转码成功
生成缩略图/data/hls/thumb/zhiyi_jineng//20170504/c862d97cc2d06fa1.jpg
开始生成ts/data/hls/zhiyi_jineng//20170504/9f6c4c11
生成ts成功
开始生成切片c862d97cc2d06fa1.m3u8
生成切片成功
开始处理第2个文件[/data/original/zhiyi_jineng/20170504/Xzyjn2.29.mp4]
开始转码生成临时文件/data/fs_convert/zhiyi_jineng//Xzyjn2.29_tmp.mp4
转码成功
生成缩略图/data/hls/thumb/zhiyi_jineng//20170504/7757006a3a1053f0.jpg
开始生成ts/data/hls/zhiyi_jineng//20170504/346d5750
生成ts成功
开始生成切片7757006a3a1053f0.m3u8
生成切片成功
开始处理第3个文件[/data/original/zhiyi_jineng/20170504/Xzyjn2.26.mp4]
开始转码生成临时文件/data/fs_convert/zhiyi_jineng//Xzyjn2.26_tmp.mp4
转码成功
生成缩略图/data/hls/thumb/zhiyi_jineng//20170504/512b1409b48c7407.jpg
开始生成ts/data/hls/zhiyi_jineng//20170504/e2c6272b
生成ts成功
开始生成切片512b1409b48c7407.m3u8
生成切片成功
开始处理第4个文件[/data/original/zhiyi_jineng/20170504/Xzyjn2.31.mp4]
开始转码生成临时文件/data/fs_convert/zhiyi_jineng//Xzyjn2.31_tmp.mp4
转码成功
生成缩略图/data/hls/thumb/zhiyi_jineng//20170504/e57cfbad899dcbde.jpg
开始生成ts/data/hls/zhiyi_jineng//20170504/5a137494
生成ts成功
开始生成切片e57cfbad899dcbde.m3u8
生成切片成功
开始处理第5个文件[/data/original/zhiyi_jineng/20170504/Xzyjn2.24.mp4]
开始转码生成临时文件/data/fs_convert/zhiyi_jineng//Xzyjn2.24_tmp.mp4
转码成功
生成缩略图/data/hls/thumb/zhiyi_jineng//20170504/0742876f553195c8.jpg
开始生成ts/data/hls/zhiyi_jineng//20170504/e7112eee
生成ts成功
开始生成切片0742876f553195c8.m3u8
生成切片成功
开始处理第6个文件[/data/original/zhiyi_jineng/20170504/Xzyjn2.20.mp4]
开始转码生成临时文件/data/fs_convert/zhiyi_jineng//Xzyjn2.20_tmp.mp4
转码成功
生成缩略图/data/hls/thumb/zhiyi_jineng//20170504/308fd343fcf38412.jpg
开始生成ts/data/hls/zhiyi_jineng//20170504/e76ed527
生成ts成功
开始生成切片308fd343fcf38412.m3u8
生成切片成功
开始处理第7个文件[/data/original/zhiyi_jineng/20170504/Xzyjn2.23.mp4]
开始转码生成临时文件/data/fs_convert/zhiyi_jineng//Xzyjn2.23_tmp.mp4
转码成功
生成缩略图/data/hls/thumb/zhiyi_jineng//20170504/c0de4ca6a0ff7483.jpg
开始生成ts/data/hls/zhiyi_jineng//20170504/c6ae9dcf
生成ts成功
开始生成切片c0de4ca6a0ff7483.m3u8
生成切片成功
开始处理第8个文件[/data/original/zhiyi_jineng/20170504/Xzyjn2.27.mp4]
开始转码生成临时文件/data/fs_convert/zhiyi_jineng//Xzyjn2.27_tmp.mp4
转码成功
生成缩略图/data/hls/thumb/zhiyi_jineng//20170504/102b947f82cb2462.jpg
开始生成ts/data/hls/zhiyi_jineng//20170504/a6b78961
生成ts成功
开始生成切片102b947f82cb2462.m3u8
生成切片成功
开始处理第9个文件[/data/original/zhiyi_jineng/20170504/Xzyjn2.25.mp4]
开始转码生成临时文件/data/fs_convert/zhiyi_jineng//Xzyjn2.25_tmp.mp4
转码成功
生成缩略图/data/hls/thumb/zhiyi_jineng//20170504/ca033ab5e6c6abd9.jpg
开始生成ts/data/hls/zhiyi_jineng//20170504/c2727a3d
生成ts成功
开始生成切片ca033ab5e6c6abd9.m3u8
生成切片成功
/data/hls/zhiyi_jineng//20170504/9f6c4c11/c862d97cc2d06fa1.m3u8
正在修改aes_m3u8文件
/data/hls/zhiyi_jineng//20170504/346d5750/7757006a3a1053f0.m3u8
正在修改aes_m3u8文件
/data/hls/zhiyi_jineng//20170504/e2c6272b/512b1409b48c7407.m3u8
正在修改aes_m3u8文件
/data/hls/zhiyi_jineng//20170504/5a137494/e57cfbad899dcbde.m3u8
正在修改aes_m3u8文件
/data/hls/zhiyi_jineng//20170504/e7112eee/0742876f553195c8.m3u8
正在修改aes_m3u8文件
/data/hls/zhiyi_jineng//20170504/e76ed527/308fd343fcf38412.m3u8
正在修改aes_m3u8文件
/data/hls/zhiyi_jineng//20170504/c6ae9dcf/c0de4ca6a0ff7483.m3u8
正在修改aes_m3u8文件
/data/hls/zhiyi_jineng//20170504/a6b78961/102b947f82cb2462.m3u8
正在修改aes_m3u8文件
/data/hls/zhiyi_jineng//20170504/c2727a3d/ca033ab5e6c6abd9.m3u8
正在修改aes_m3u8文件
输出日志到/root/shell/log/sql_zhiyi_jineng.log
开始处理第1个文件[/data/original/zhiyi_jineng/20170504/xzyjn2.32.mp4]
开始转码生成临时文件/data/fs_convert/zhiyi_jineng//xzyjn2.32_tmp.mp4
转码成功
生成缩略图/data/hls/thumb/zhiyi_jineng//20170504/591e29586cd098bc.jpg
开始生成ts/data/hls/zhiyi_jineng//20170504/67b538f6
生成ts成功
开始生成切片591e29586cd098bc.m3u8
生成切片成功
/data/hls/zhiyi_jineng//20170504/67b538f6/591e29586cd098bc.m3u8
正在修改aes_m3u8文件
输出日志到/root/shell/log/sql_zhiyi_jineng.log
恭喜,文件生成成功，即将生成目录
恭喜,配置文件修改成功！！
输出日志到/root/shell/log/sql_tmcs_jineng.log
开始处理第1个文件[/data/original/tcms_jineng/20170504/zyjn06.mp4]
开始转码生成临时文件/data/fs_convert/tcms_jineng//zyjn06_tmp.mp4
开始处理第1个文件[/data/original/tcms_jineng/20170504/zyjn06.mp4]
临时文件已经存在，跳过转码
生成缩略图/data/hls/thumb/tcms_jineng//20170504/aafd556c6c8533b1.jpg
开始生成ts/data/hls/tcms_jineng//20170504/820436b5
生成ts失败
开始处理第2个文件[/data/original/tcms_jineng/20170504/zyjn08.mp4]
开始转码生成临时文件/data/fs_convert/tcms_jineng//zyjn08_tmp.mp4
开始处理第1个文件[/data/original/tcms_jineng/20170504/zyjn06.mp4]
开始转码生成临时文件/data/fs_convert/tcms_jineng//zyjn06_tmp.mp4
转码成功
生成缩略图/data/hls/thumb/tcms_jineng//20170504/7b6efb72f1ce2ef5.jpg
开始生成ts/data/hls/tcms_jineng//20170504/24f456a3
生成ts成功
开始生成切片7b6efb72f1ce2ef5.m3u8
生成切片成功
开始处理第2个文件[/data/original/tcms_jineng/20170504/zyjn08.mp4]
开始转码生成临时文件/data/fs_convert/tcms_jineng//zyjn08_tmp.mp4
转码成功
生成缩略图/data/hls/thumb/tcms_jineng//20170504/635881afb11f2ee1.jpg
开始生成ts/data/hls/tcms_jineng//20170504/101e351f
生成ts成功
开始生成切片635881afb11f2ee1.m3u8
生成切片成功
开始处理第3个文件[/data/original/tcms_jineng/20170504/zyjn09.mp4]
开始转码生成临时文件/data/fs_convert/tcms_jineng//zyjn09_tmp.mp4
转码成功
生成缩略图/data/hls/thumb/tcms_jineng//20170504/0d06f26df34e684f.jpg
开始生成ts/data/hls/tcms_jineng//20170504/8642237c
生成ts成功
开始生成切片0d06f26df34e684f.m3u8
生成切片成功
开始处理第4个文件[/data/original/tcms_jineng/20170504/zyjn07.mp4]
开始转码生成临时文件/data/fs_convert/tcms_jineng//zyjn07_tmp.mp4
转码成功
生成缩略图/data/hls/thumb/tcms_jineng//20170504/62f20a68a806220b.jpg
开始生成ts/data/hls/tcms_jineng//20170504/6d7d50ce
生成ts成功
开始生成切片62f20a68a806220b.m3u8
生成切片成功
/data/hls/tcms_jineng//20170504/24f456a3/7b6efb72f1ce2ef5.m3u8
正在修改aes_m3u8文件
/data/hls/tcms_jineng//20170504/101e351f/635881afb11f2ee1.m3u8
正在修改aes_m3u8文件
/data/hls/tcms_jineng//20170504/8642237c/0d06f26df34e684f.m3u8
正在修改aes_m3u8文件
/data/hls/tcms_jineng//20170504/6d7d50ce/62f20a68a806220b.m3u8
正在修改aes_m3u8文件
输出日志到/root/shell/log/sql_tcms_jineng.log
