开始处理第1个文件[/data/original/zhiyi_jineng/20170512/xzyjn2.21.mp4]
开始转码生成临时文件/data/fs_convert/zhiyi_jineng//xzyjn2.21_tmp.mp4
转码成功
生成缩略图/data/hls/thumb/zhiyi_jineng//20170512/0e9627895fbd82f6.jpg
开始生成ts/data/hls/zhiyi_jineng//20170512/9fd58af9
生成ts成功
开始生成切片0e9627895fbd82f6.m3u8
生成切片成功
/data/hls/zhiyi_jineng//20170512/9fd58af9/0e9627895fbd82f6.m3u8
正在修改aes_m3u8文件
输出日志到/root/shell/log/sql_zhiyi_jineng.log
恭喜,文件生成成功，即将生成目录
恭喜,配置文件修改成功！！
开始处理第1个文件[/data/original/zhiyi_chuanranbing/20170512/xzy.cr.1.01.mp4]
开始转码生成临时文件/data/fs_convert/zhiyi_chuanranbing//xzy.cr.1.01_tmp.mp4
转码成功
生成缩略图/data/hls/thumb/zhiyi_chuanranbing//20170512/1b2c2943fb19d9cf.jpg
开始生成ts/data/hls/zhiyi_chuanranbing//20170512/ebacfccf
生成ts成功
开始生成切片1b2c2943fb19d9cf.m3u8
生成切片成功
开始处理第2个文件[/data/original/zhiyi_chuanranbing/20170512/xzy.cr1.05.mp4]
开始转码生成临时文件/data/fs_convert/zhiyi_chuanranbing//xzy.cr1.05_tmp.mp4
转码成功
生成缩略图/data/hls/thumb/zhiyi_chuanranbing//20170512/6520d98bb4b3e2e8.jpg
开始生成ts/data/hls/zhiyi_chuanranbing//20170512/e1367662
生成ts成功
开始生成切片6520d98bb4b3e2e8.m3u8
生成切片成功
开始处理第3个文件[/data/original/zhiyi_chuanranbing/20170512/xzy.cr1.02.mp4]
开始转码生成临时文件/data/fs_convert/zhiyi_chuanranbing//xzy.cr1.02_tmp.mp4
转码成功
生成缩略图/data/hls/thumb/zhiyi_chuanranbing//20170512/afaa7c0f9625d8f6.jpg
开始生成ts/data/hls/zhiyi_chuanranbing//20170512/a68f0cd2
生成ts成功
开始生成切片afaa7c0f9625d8f6.m3u8
生成切片成功
开始处理第4个文件[/data/original/zhiyi_chuanranbing/20170512/xzy.cr1.04.mp4]
开始转码生成临时文件/data/fs_convert/zhiyi_chuanranbing//xzy.cr1.04_tmp.mp4
转码成功
生成缩略图/data/hls/thumb/zhiyi_chuanranbing//20170512/33a6d32b1060a4bf.jpg
开始生成ts/data/hls/zhiyi_chuanranbing//20170512/27931b13
生成ts成功
开始生成切片33a6d32b1060a4bf.m3u8
生成切片成功
开始处理第5个文件[/data/original/zhiyi_chuanranbing/20170512/xzy.cr1.03.mp4]
开始转码生成临时文件/data/fs_convert/zhiyi_chuanranbing//xzy.cr1.03_tmp.mp4
转码成功
生成缩略图/data/hls/thumb/zhiyi_chuanranbing//20170512/b412093465130447.jpg
开始生成ts/data/hls/zhiyi_chuanranbing//20170512/23fdb489
生成ts成功
开始生成切片b412093465130447.m3u8
生成切片成功
/data/hls/zhiyi_chuanranbing//20170512/ebacfccf/1b2c2943fb19d9cf.m3u8
正在修改aes_m3u8文件
/data/hls/zhiyi_chuanranbing//20170512/e1367662/6520d98bb4b3e2e8.m3u8
正在修改aes_m3u8文件
/data/hls/zhiyi_chuanranbing//20170512/a68f0cd2/afaa7c0f9625d8f6.m3u8
正在修改aes_m3u8文件
/data/hls/zhiyi_chuanranbing//20170512/27931b13/33a6d32b1060a4bf.m3u8
正在修改aes_m3u8文件
/data/hls/zhiyi_chuanranbing//20170512/23fdb489/b412093465130447.m3u8
正在修改aes_m3u8文件
输出日志到/root/shell/log/sql_zhiyi_chuanranbing.log
