开始处理第1个文件[/data/original/xuqizhibo/20170511/xuqizhibo-20170510-1.mp4]
开始转码生成临时文件/data/fs_convert/xuqizhibo//xuqizhibo-20170510-1_tmp.mp4
转码成功
生成缩略图/data/hls/thumb/xuqizhibo//20170511/628da4fca868cef0.jpg
开始生成ts/data/hls/xuqizhibo//20170511/854971bb
生成ts成功
开始生成切片628da4fca868cef0.m3u8
生成切片成功
/data/hls/xuqizhibo//20170511/854971bb/628da4fca868cef0.m3u8
正在修改aes_m3u8文件
输出日志到/root/shell/log/sql_xuqizhibo.log
开始处理第1个文件[/data/original/liuzhongbao_zhibo/20170511/20170511-1.mp4]
开始转码生成临时文件/data/fs_convert/liuzhongbao_zhibo//20170511-1_tmp.mp4
转码成功
生成缩略图/data/hls/thumb/liuzhongbao_zhibo//20170511/6a04851496beb54e.jpg
开始生成ts/data/hls/liuzhongbao_zhibo//20170511/9ba39858
生成ts成功
开始生成切片6a04851496beb54e.m3u8
生成切片成功
/data/hls/liuzhongbao_zhibo//20170511/9ba39858/6a04851496beb54e.m3u8
正在修改aes_m3u8文件
输出日志到/root/shell/log/sql_liuzhongbao_zhibo.log
