开始处理第1个文件[/data/original/zhiyi_jineng/20170503/xzyjn2.13.mp4]
开始转码生成临时文件/data/fs_convert/zhiyi_jineng//xzyjn2.13_tmp.mp4
转码成功
生成缩略图/data/hls/thumb/zhiyi_jineng//20170503/8c11ff23128ea92c.jpg
开始生成ts/data/hls/zhiyi_jineng//20170503/8f6e64fb
生成ts成功
开始生成切片8c11ff23128ea92c.m3u8
生成切片成功
开始处理第2个文件[/data/original/zhiyi_jineng/20170503/xzyjn2.17.mp4]
开始转码生成临时文件/data/fs_convert/zhiyi_jineng//xzyjn2.17_tmp.mp4
转码成功
生成缩略图/data/hls/thumb/zhiyi_jineng//20170503/25615b6b6e3e0da5.jpg
开始生成ts/data/hls/zhiyi_jineng//20170503/7fe57e19
生成ts成功
开始生成切片25615b6b6e3e0da5.m3u8
生成切片成功
开始处理第3个文件[/data/original/zhiyi_jineng/20170503/xzyjn2.15.mp4]
开始转码生成临时文件/data/fs_convert/zhiyi_jineng//xzyjn2.15_tmp.mp4
转码成功
生成缩略图/data/hls/thumb/zhiyi_jineng//20170503/d84333ad1df95d29.jpg
开始生成ts/data/hls/zhiyi_jineng//20170503/091b99ed
生成ts成功
开始生成切片d84333ad1df95d29.m3u8
生成切片成功
开始处理第4个文件[/data/original/zhiyi_jineng/20170503/xzyjn2.19.mp4]
开始转码生成临时文件/data/fs_convert/zhiyi_jineng//xzyjn2.19_tmp.mp4
转码成功
生成缩略图/data/hls/thumb/zhiyi_jineng//20170503/43454a9daa0a369f.jpg
开始生成ts/data/hls/zhiyi_jineng//20170503/c3ecfbd6
生成ts成功
开始生成切片43454a9daa0a369f.m3u8
生成切片成功
开始处理第5个文件[/data/original/zhiyi_jineng/20170503/xzyjn2.11.mp4]
开始转码生成临时文件/data/fs_convert/zhiyi_jineng//xzyjn2.11_tmp.mp4
转码成功
生成缩略图/data/hls/thumb/zhiyi_jineng//20170503/27edc7e2eff01a24.jpg
开始生成ts/data/hls/zhiyi_jineng//20170503/475a543e
生成ts成功
开始生成切片27edc7e2eff01a24.m3u8
生成切片成功
开始处理第6个文件[/data/original/zhiyi_jineng/20170503/xzyjn2.07.mp4]
开始转码生成临时文件/data/fs_convert/zhiyi_jineng//xzyjn2.07_tmp.mp4
转码成功
生成缩略图/data/hls/thumb/zhiyi_jineng//20170503/ce56178557c56983.jpg
开始生成ts/data/hls/zhiyi_jineng//20170503/06426c09
生成ts成功
开始生成切片ce56178557c56983.m3u8
生成切片成功
开始处理第7个文件[/data/original/zhiyi_jineng/20170503/xzyjn2.18.mp4]
开始转码生成临时文件/data/fs_convert/zhiyi_jineng//xzyjn2.18_tmp.mp4
转码成功
生成缩略图/data/hls/thumb/zhiyi_jineng//20170503/1c117ebe6a1d80ed.jpg
开始生成ts/data/hls/zhiyi_jineng//20170503/93372829
生成ts成功
开始生成切片1c117ebe6a1d80ed.m3u8
生成切片成功
开始处理第8个文件[/data/original/zhiyi_jineng/20170503/xzyjn2.09.mp4]
开始转码生成临时文件/data/fs_convert/zhiyi_jineng//xzyjn2.09_tmp.mp4
转码成功
生成缩略图/data/hls/thumb/zhiyi_jineng//20170503/022326f2fc7a3860.jpg
开始生成ts/data/hls/zhiyi_jineng//20170503/1824189d
生成ts成功
开始生成切片022326f2fc7a3860.m3u8
生成切片成功
开始处理第9个文件[/data/original/zhiyi_jineng/20170503/xzyjn2.21.mp4]
开始转码生成临时文件/data/fs_convert/zhiyi_jineng//xzyjn2.21_tmp.mp4
转码成功
生成缩略图/data/hls/thumb/zhiyi_jineng//20170503/19c1040ac46003d8.jpg
开始生成ts/data/hls/zhiyi_jineng//20170503/8518d367
生成ts成功
开始生成切片19c1040ac46003d8.m3u8
生成切片成功
开始处理第10个文件[/data/original/zhiyi_jineng/20170503/xzyjn2.08.mp4]
开始转码生成临时文件/data/fs_convert/zhiyi_jineng//xzyjn2.08_tmp.mp4
转码成功
生成缩略图/data/hls/thumb/zhiyi_jineng//20170503/f4741eeb9a47e1c1.jpg
开始生成ts/data/hls/zhiyi_jineng//20170503/fb18f92c
生成ts成功
开始生成切片f4741eeb9a47e1c1.m3u8
生成切片成功
开始处理第11个文件[/data/original/zhiyi_jineng/20170503/xzyjn2.12.mp4]
开始转码生成临时文件/data/fs_convert/zhiyi_jineng//xzyjn2.12_tmp.mp4
转码成功
生成缩略图/data/hls/thumb/zhiyi_jineng//20170503/f21df9977eec0eed.jpg
开始生成ts/data/hls/zhiyi_jineng//20170503/8f411a76
生成ts成功
开始生成切片f21df9977eec0eed.m3u8
生成切片成功
开始处理第12个文件[/data/original/zhiyi_jineng/20170503/xzyjn2.30.mp4]
开始转码生成临时文件/data/fs_convert/zhiyi_jineng//xzyjn2.30_tmp.mp4
转码成功
生成缩略图/data/hls/thumb/zhiyi_jineng//20170503/9c532b9666ac7bea.jpg
开始生成ts/data/hls/zhiyi_jineng//20170503/ecea0d8e
生成ts成功
开始生成切片9c532b9666ac7bea.m3u8
生成切片成功
开始处理第13个文件[/data/original/zhiyi_jineng/20170503/xzyjn2.14.mp4]
开始转码生成临时文件/data/fs_convert/zhiyi_jineng//xzyjn2.14_tmp.mp4
转码成功
生成缩略图/data/hls/thumb/zhiyi_jineng//20170503/4501378fec86c6ea.jpg
开始生成ts/data/hls/zhiyi_jineng//20170503/52dd0df1
生成ts成功
开始生成切片4501378fec86c6ea.m3u8
生成切片成功
开始处理第14个文件[/data/original/zhiyi_jineng/20170503/xzyjn2.10.mp4]
开始转码生成临时文件/data/fs_convert/zhiyi_jineng//xzyjn2.10_tmp.mp4
转码成功
生成缩略图/data/hls/thumb/zhiyi_jineng//20170503/0221d0323bb667a2.jpg
开始生成ts/data/hls/zhiyi_jineng//20170503/3e641d63
生成ts成功
开始生成切片0221d0323bb667a2.m3u8
生成切片成功
/data/hls/zhiyi_jineng//20170503/8f6e64fb/8c11ff23128ea92c.m3u8
正在修改aes_m3u8文件
/data/hls/zhiyi_jineng//20170503/7fe57e19/25615b6b6e3e0da5.m3u8
正在修改aes_m3u8文件
/data/hls/zhiyi_jineng//20170503/091b99ed/d84333ad1df95d29.m3u8
正在修改aes_m3u8文件
/data/hls/zhiyi_jineng//20170503/c3ecfbd6/43454a9daa0a369f.m3u8
正在修改aes_m3u8文件
/data/hls/zhiyi_jineng//20170503/475a543e/27edc7e2eff01a24.m3u8
正在修改aes_m3u8文件
/data/hls/zhiyi_jineng//20170503/06426c09/ce56178557c56983.m3u8
正在修改aes_m3u8文件
/data/hls/zhiyi_jineng//20170503/93372829/1c117ebe6a1d80ed.m3u8
正在修改aes_m3u8文件
/data/hls/zhiyi_jineng//20170503/1824189d/022326f2fc7a3860.m3u8
正在修改aes_m3u8文件
/data/hls/zhiyi_jineng//20170503/8518d367/19c1040ac46003d8.m3u8
正在修改aes_m3u8文件
/data/hls/zhiyi_jineng//20170503/fb18f92c/f4741eeb9a47e1c1.m3u8
正在修改aes_m3u8文件
/data/hls/zhiyi_jineng//20170503/8f411a76/f21df9977eec0eed.m3u8
正在修改aes_m3u8文件
/data/hls/zhiyi_jineng//20170503/ecea0d8e/9c532b9666ac7bea.m3u8
正在修改aes_m3u8文件
/data/hls/zhiyi_jineng//20170503/52dd0df1/4501378fec86c6ea.m3u8
正在修改aes_m3u8文件
/data/hls/zhiyi_jineng//20170503/3e641d63/0221d0323bb667a2.m3u8
正在修改aes_m3u8文件
输出日志到/root/shell/log/sql_zhiyi_jineng.log
