开始处理第1个文件[/data/original/i_medicien/20170419/jcxxg_7_0.mp4]
开始转码生成临时文件/data/fs_convert/i_medicien/jcxxg_7_0_tmp.mp4
转码成功
生成缩略图/data/hls/thumb/i_medicien//20170419/1e52ffefc554583b.jpg
开始生成ts/data/hls/i_medicien//20170419/6ef77c6c
生成ts成功
开始生成切片1e52ffefc554583b.m3u8
生成切片成功
开始处理第2个文件[/data/original/i_medicien/20170419/jcxxg_10_0.mp4]
开始转码生成临时文件/data/fs_convert/i_medicien/jcxxg_10_0_tmp.mp4
转码成功
生成缩略图/data/hls/thumb/i_medicien//20170419/f625d5db4d570659.jpg
开始生成ts/data/hls/i_medicien//20170419/a4ed7afc
生成ts成功
开始生成切片f625d5db4d570659.m3u8
生成切片成功
开始处理第3个文件[/data/original/i_medicien/20170419/jcxxg_11_0.mp4]
开始转码生成临时文件/data/fs_convert/i_medicien/jcxxg_11_0_tmp.mp4
转码成功
生成缩略图/data/hls/thumb/i_medicien//20170419/0d24044b5e318788.jpg
开始生成ts/data/hls/i_medicien//20170419/62258749
生成ts成功
开始生成切片0d24044b5e318788.m3u8
生成切片成功
开始处理第4个文件[/data/original/i_medicien/20170419/jcxxg_5_0.mp4]
开始转码生成临时文件/data/fs_convert/i_medicien/jcxxg_5_0_tmp.mp4
转码成功
生成缩略图/data/hls/thumb/i_medicien//20170419/f7addfe4353de89a.jpg
开始生成ts/data/hls/i_medicien//20170419/8daca139
生成ts成功
开始生成切片f7addfe4353de89a.m3u8
生成切片成功
开始处理第5个文件[/data/original/i_medicien/20170419/jcxxg_6_0.mp4]
开始转码生成临时文件/data/fs_convert/i_medicien/jcxxg_6_0_tmp.mp4
转码成功
生成缩略图/data/hls/thumb/i_medicien//20170419/324580ac9ab5f19d.jpg
开始生成ts/data/hls/i_medicien//20170419/04ba7c8e
生成ts成功
开始生成切片324580ac9ab5f19d.m3u8
生成切片成功
开始处理第6个文件[/data/original/i_medicien/20170419/jcxxg_9_0.mp4]
开始转码生成临时文件/data/fs_convert/i_medicien/jcxxg_9_0_tmp.mp4
转码成功
生成缩略图/data/hls/thumb/i_medicien//20170419/8e40d973ef5c1bb2.jpg
开始生成ts/data/hls/i_medicien//20170419/f044ad17
生成ts成功
开始生成切片8e40d973ef5c1bb2.m3u8
生成切片成功
开始处理第7个文件[/data/original/i_medicien/20170419/jcxxg_8_0.mp4]
开始转码生成临时文件/data/fs_convert/i_medicien/jcxxg_8_0_tmp.mp4
转码成功
生成缩略图/data/hls/thumb/i_medicien//20170419/51f71fcab3a41bad.jpg
开始生成ts/data/hls/i_medicien//20170419/b6d39198
生成ts成功
开始生成切片51f71fcab3a41bad.m3u8
生成切片成功
/data/hls/i_medicien//20170419/b6d39198/51f71fcab3a41bad.m3u8
正在修改aes_m3u8文件
输出日志到/root/shell/log/sql_i_medicien.log
开始处理第1个文件[/data/original/zhiyi_neike/20170420/zhiyi_neike09.mp4]
开始转码生成临时文件/data/fs_convert/zhiyi_neike//zhiyi_neike09_tmp.mp4
转码成功
生成缩略图/data/hls/thumb/zhiyi_neike//20170420/01b610db13871cce.jpg
开始生成ts/data/hls/zhiyi_neike//20170420/d7b9b9a4
生成ts成功
开始生成切片01b610db13871cce.m3u8
生成切片成功
开始处理第2个文件[/data/original/zhiyi_neike/20170420/zhiyi_neike10.mp4]
开始转码生成临时文件/data/fs_convert/zhiyi_neike//zhiyi_neike10_tmp.mp4
转码成功
生成缩略图/data/hls/thumb/zhiyi_neike//20170420/c7a836c1540cde06.jpg
开始生成ts/data/hls/zhiyi_neike//20170420/909ae1c5
生成ts成功
开始生成切片c7a836c1540cde06.m3u8
生成切片成功
/data/hls/zhiyi_neike//20170420/909ae1c5/c7a836c1540cde06.m3u8
正在修改aes_m3u8文件
输出日志到/root/shell/log/sql_zhiyi_neike.log
开始处理第1个文件[/data/original/i_medicien/20170420/jcxxg_5_0.mp4]
临时文件已经存在，跳过转码
生成缩略图/data/hls/thumb/i_medicien//20170420/9e516f7006205ea2.jpg
开始生成ts/data/hls/i_medicien//20170420/c9c2608d
生成ts成功
开始生成切片9e516f7006205ea2.m3u8
生成切片成功
/data/hls/i_medicien//20170420/c9c2608d/9e516f7006205ea2.m3u8
正在修改aes_m3u8文件
输出日志到/root/shell/log/sql_i_medicien.log
开始处理第1个文件[/data/original/i_medicien/20170420/jcxxg_5_0.mp4]
开始转码生成临时文件/data/fs_convert/i_medicien/jcxxg_5_0_tmp.mp4
转码成功
生成缩略图/data/hls/thumb/i_medicien//20170420/9ca964007c0e2aa9.jpg
开始生成ts/data/hls/i_medicien//20170420/a2685a67
生成ts成功
开始生成切片9ca964007c0e2aa9.m3u8
生成切片成功
/data/hls/i_medicien//20170420/a2685a67/9ca964007c0e2aa9.m3u8
正在修改aes_m3u8文件
输出日志到/root/shell/log/sql_i_medicien.log
恭喜,文件生成成功，即将生成目录
恭喜,配置文件修改成功！！
开始处理第1个文件[/data/original/miniao_waike/20170420/xzynkm.01.mp4]
开始转码生成临时文件/data/fs_convert/miniao_waike//xzynkm.01_tmp.mp4
转码成功
生成缩略图/data/hls/thumb/miniao_waike//20170420/150fd00ead15b93a.jpg
开始生成ts/data/hls/miniao_waike//20170420/2d044bc7
生成ts成功
开始生成切片150fd00ead15b93a.m3u8
生成切片成功
/data/hls/miniao_waike//20170420/2d044bc7/150fd00ead15b93a.m3u8
正在修改aes_m3u8文件
输出日志到/root/shell/log/sql_miniao_waike.log
开始处理第1个文件[/data/original/tcms_base/20170420/kyzjjc.07.mp4]
开始转码生成临时文件/data/fs_convert/tcms_base//kyzjjc.07_tmp.mp4
转码成功
生成缩略图/data/hls/thumb/tcms_base//20170420/4820fdf20f99b67a.jpg
开始生成ts/data/hls/tcms_base//20170420/d10589d6
生成ts成功
开始生成切片4820fdf20f99b67a.m3u8
生成切片成功
开始处理第2个文件[/data/original/tcms_base/20170420/kyzjjc.05.mp4]
开始转码生成临时文件/data/fs_convert/tcms_base//kyzjjc.05_tmp.mp4
转码成功
生成缩略图/data/hls/thumb/tcms_base//20170420/5c40a27dc22a4143.jpg
开始生成ts/data/hls/tcms_base//20170420/a36f78a0
生成ts成功
开始生成切片5c40a27dc22a4143.m3u8
生成切片成功
开始处理第3个文件[/data/original/tcms_base/20170420/kyzjjc.06.mp4]
开始转码生成临时文件/data/fs_convert/tcms_base//kyzjjc.06_tmp.mp4
转码成功
生成缩略图/data/hls/thumb/tcms_base//20170420/5254ed98acb66525.jpg
开始生成ts/data/hls/tcms_base//20170420/de6faac8
生成ts成功
开始生成切片5254ed98acb66525.m3u8
生成切片成功
开始处理第4个文件[/data/original/tcms_base/20170420/kyzjjc.01.mp4]
开始转码生成临时文件/data/fs_convert/tcms_base//kyzjjc.01_tmp.mp4
转码成功
生成缩略图/data/hls/thumb/tcms_base//20170420/b1a362fe86d14a87.jpg
开始生成ts/data/hls/tcms_base//20170420/990d6cda
生成ts成功
开始生成切片b1a362fe86d14a87.m3u8
生成切片成功
开始处理第5个文件[/data/original/tcms_base/20170420/kyzjjc.02.mp4]
开始转码生成临时文件/data/fs_convert/tcms_base//kyzjjc.02_tmp.mp4
转码成功
生成缩略图/data/hls/thumb/tcms_base//20170420/90a58a7a83eaafae.jpg
开始生成ts/data/hls/tcms_base//20170420/748cae4d
生成ts成功
开始生成切片90a58a7a83eaafae.m3u8
生成切片成功
开始处理第6个文件[/data/original/tcms_base/20170420/kyzjjc.03.mp4]
开始转码生成临时文件/data/fs_convert/tcms_base//kyzjjc.03_tmp.mp4
转码成功
生成缩略图/data/hls/thumb/tcms_base//20170420/02c87d455a9a481f.jpg
开始生成ts/data/hls/tcms_base//20170420/7139be4c
生成ts成功
开始生成切片02c87d455a9a481f.m3u8
生成切片成功
/data/hls/tcms_base//20170420/7139be4c/02c87d455a9a481f.m3u8
正在修改aes_m3u8文件
输出日志到/root/shell/log/sql_tcms_base.log
开始处理第1个文件[/data/original/surgery/20170421/kyxz.wkmn01.mp4]
开始转码生成临时文件/data/fs_convert/surgery/kyxz.wkmn01_tmp.mp4
转码成功
生成缩略图/data/hls/thumb/surgery//20170421/ab7fa0aed614cf53.jpg
开始生成ts/data/hls/iwm/surgery//20170421/08c6d9f0
生成ts成功
开始生成切片ab7fa0aed614cf53.m3u8
生成切片成功
开始处理第2个文件[/data/original/surgery/20170421/kyxz.wkmn04.mp4]
开始转码生成临时文件/data/fs_convert/surgery/kyxz.wkmn04_tmp.mp4
转码成功
生成缩略图/data/hls/thumb/surgery//20170421/16d0915e329e773c.jpg
开始生成ts/data/hls/iwm/surgery//20170421/96a864e1
生成ts成功
开始生成切片16d0915e329e773c.m3u8
生成切片成功
开始处理第3个文件[/data/original/surgery/20170421/kyxz.wkmn02.mp4]
开始转码生成临时文件/data/fs_convert/surgery/kyxz.wkmn02_tmp.mp4
转码成功
生成缩略图/data/hls/thumb/surgery//20170421/4f77fbc0dc21a409.jpg
开始生成ts/data/hls/iwm/surgery//20170421/993a6381
生成ts成功
开始生成切片4f77fbc0dc21a409.m3u8
生成切片成功
开始处理第4个文件[/data/original/surgery/20170421/kyxz.wkmn03.mp4]
开始转码生成临时文件/data/fs_convert/surgery/kyxz.wkmn03_tmp.mp4
转码成功
生成缩略图/data/hls/thumb/surgery//20170421/bff0c06559a2acd2.jpg
开始生成ts/data/hls/iwm/surgery//20170421/258d1e8e
生成ts成功
开始生成切片bff0c06559a2acd2.m3u8
生成切片成功
开始处理第5个文件[/data/original/surgery/20170421/kyxz.wkmn05.mp4]
开始转码生成临时文件/data/fs_convert/surgery/kyxz.wkmn05_tmp.mp4
转码成功
生成缩略图/data/hls/thumb/surgery//20170421/ba8131edc4f58ebc.jpg
开始生成ts/data/hls/iwm/surgery//20170421/acce2bbf
生成ts成功
开始生成切片ba8131edc4f58ebc.m3u8
生成切片成功
/data/hls/iwm/surgery//20170421/acce2bbf/ba8131edc4f58ebc.m3u8
正在修改aes_m3u8文件
输出日志到/root/shell/log/sql_surgery.log
