开始处理第1个文件[/data/original/tcms_fuchangke/20170524/zyy.fk12.01.mp4]
开始转码生成临时文件/data/fs_convert/tcms_fuchangke//zyy.fk12.01_tmp.mp4
转码成功
生成缩略图/data/hls/thumb/tcms_fuchangke//20170524/06b8e0c3d40c9431.jpg
开始生成ts/data/hls/tcms_fuchangke//20170524/e295bbc6
生成ts成功
开始生成切片06b8e0c3d40c9431.m3u8
生成切片成功
/data/hls/tcms_fuchangke//20170524/e295bbc6/06b8e0c3d40c9431.m3u8
正在修改aes_m3u8文件
输出日志到/root/shell/log/sql_tcms_fuchangke.log
开始处理第1个文件[/data/original/zhiyi_jineng/20170524/zhiyi_jineng_chaozuo02.mp4]
开始转码生成临时文件/data/fs_convert/zhiyi_jineng//zhiyi_jineng_chaozuo02_tmp.mp4
转码成功
生成缩略图/data/hls/thumb/zhiyi_jineng//20170524/d1795a0ac49fb603.jpg
开始生成ts/data/hls/zhiyi_jineng//20170524/c344a471
生成ts成功
开始生成切片d1795a0ac49fb603.m3u8
生成切片成功
开始处理第2个文件[/data/original/zhiyi_jineng/20170524/zhiyi_jineng_chaozuo01.mp4]
开始转码生成临时文件/data/fs_convert/zhiyi_jineng//zhiyi_jineng_chaozuo01_tmp.mp4
转码成功
生成缩略图/data/hls/thumb/zhiyi_jineng//20170524/a67184544c63ffc5.jpg
开始生成ts/data/hls/zhiyi_jineng//20170524/5bd87fa2
生成ts成功
开始生成切片a67184544c63ffc5.m3u8
生成切片成功
/data/hls/zhiyi_jineng//20170524/c344a471/d1795a0ac49fb603.m3u8
正在修改aes_m3u8文件
/data/hls/zhiyi_jineng//20170524/5bd87fa2/a67184544c63ffc5.m3u8
正在修改aes_m3u8文件
输出日志到/root/shell/log/sql_zhiyi_jineng.log
