开始处理第1个文件[/data/original/tcms_medicine/20170510/kyzyzyx07.mp4]
临时文件已经存在，跳过转码
生成缩略图/data/hls/thumb/tcms_medicine//20170510/ec7663ae6b9456e1.jpg
开始生成ts/data/hls/tcms_medicine//20170510/6e4b9ed5
生成ts成功
开始生成切片ec7663ae6b9456e1.m3u8
生成切片成功
/data/hls/tcms_medicine//20170510/6e4b9ed5/ec7663ae6b9456e1.m3u8
正在修改aes_m3u8文件
输出日志到/root/shell/log/sql_tcms_medicine.log
开始处理第1个文件[/data/original/tcms_jineng/20170510/zyzyjn15.mp4]
开始转码生成临时文件/data/fs_convert/tcms_jineng//zyzyjn15_tmp.mp4
转码成功
生成缩略图/data/hls/thumb/tcms_jineng//20170510/2d09503c9b9a9431.jpg
开始生成ts/data/hls/tcms_jineng//20170510/59d2c297
生成ts成功
开始生成切片2d09503c9b9a9431.m3u8
生成切片成功
开始处理第2个文件[/data/original/tcms_jineng/20170510/zyzyjn11.mp4]
开始转码生成临时文件/data/fs_convert/tcms_jineng//zyzyjn11_tmp.mp4
转码成功
生成缩略图/data/hls/thumb/tcms_jineng//20170510/43fb641579f1f172.jpg
开始生成ts/data/hls/tcms_jineng//20170510/dac380b3
生成ts成功
开始生成切片43fb641579f1f172.m3u8
生成切片成功
开始处理第3个文件[/data/original/tcms_jineng/20170510/zyzyjn13.mp4]
开始转码生成临时文件/data/fs_convert/tcms_jineng//zyzyjn13_tmp.mp4
转码成功
生成缩略图/data/hls/thumb/tcms_jineng//20170510/56e782da0cd9dad8.jpg
开始生成ts/data/hls/tcms_jineng//20170510/125849df
生成ts成功
开始生成切片56e782da0cd9dad8.m3u8
生成切片成功
开始处理第4个文件[/data/original/tcms_jineng/20170510/zyzyjn09.mp4]
开始转码生成临时文件/data/fs_convert/tcms_jineng//zyzyjn09_tmp.mp4
转码成功
生成缩略图/data/hls/thumb/tcms_jineng//20170510/14ca5cff33ce2365.jpg
开始生成ts/data/hls/tcms_jineng//20170510/3d96d987
生成ts成功
开始生成切片14ca5cff33ce2365.m3u8
生成切片成功
开始处理第5个文件[/data/original/tcms_jineng/20170510/zyzyjn07.mp4]
开始转码生成临时文件/data/fs_convert/tcms_jineng//zyzyjn07_tmp.mp4
转码成功
生成缩略图/data/hls/thumb/tcms_jineng//20170510/327848ad51ec76c6.jpg
开始生成ts/data/hls/tcms_jineng//20170510/1f15638b
生成ts成功
开始生成切片327848ad51ec76c6.m3u8
生成切片成功
开始处理第6个文件[/data/original/tcms_jineng/20170510/zyzyjn14.mp4]
开始转码生成临时文件/data/fs_convert/tcms_jineng//zyzyjn14_tmp.mp4
转码成功
生成缩略图/data/hls/thumb/tcms_jineng//20170510/17036e761d1ff4ed.jpg
开始生成ts/data/hls/tcms_jineng//20170510/b7ffdeff
生成ts成功
开始生成切片17036e761d1ff4ed.m3u8
生成切片成功
开始处理第7个文件[/data/original/tcms_jineng/20170510/zyzyjn10.mp4]
开始转码生成临时文件/data/fs_convert/tcms_jineng//zyzyjn10_tmp.mp4
转码成功
生成缩略图/data/hls/thumb/tcms_jineng//20170510/c1daaebf9b61474f.jpg
开始生成ts/data/hls/tcms_jineng//20170510/ddf6ec4a
生成ts成功
开始生成切片c1daaebf9b61474f.m3u8
生成切片成功
开始处理第8个文件[/data/original/tcms_jineng/20170510/zyzyjn08.mp4]
开始转码生成临时文件/data/fs_convert/tcms_jineng//zyzyjn08_tmp.mp4
转码成功
生成缩略图/data/hls/thumb/tcms_jineng//20170510/22c8f01e7b4cd268.jpg
开始生成ts/data/hls/tcms_jineng//20170510/b32a11dc
生成ts成功
开始生成切片22c8f01e7b4cd268.m3u8
生成切片成功
开始处理第9个文件[/data/original/tcms_jineng/20170510/zyzyjn16.mp4]
开始转码生成临时文件/data/fs_convert/tcms_jineng//zyzyjn16_tmp.mp4
转码成功
生成缩略图/data/hls/thumb/tcms_jineng//20170510/f2d5562480bde0d5.jpg
开始生成ts/data/hls/tcms_jineng//20170510/f483c242
生成ts成功
开始生成切片f2d5562480bde0d5.m3u8
生成切片成功
开始处理第10个文件[/data/original/tcms_jineng/20170510/zyzyjn12.mp4]
开始转码生成临时文件/data/fs_convert/tcms_jineng//zyzyjn12_tmp.mp4
转码成功
生成缩略图/data/hls/thumb/tcms_jineng//20170510/19160cdbf8a27c7b.jpg
开始生成ts/data/hls/tcms_jineng//20170510/d1f2778e
生成ts成功
开始生成切片19160cdbf8a27c7b.m3u8
生成切片成功
/data/hls/tcms_jineng//20170510/59d2c297/2d09503c9b9a9431.m3u8
正在修改aes_m3u8文件
/data/hls/tcms_jineng//20170510/dac380b3/43fb641579f1f172.m3u8
正在修改aes_m3u8文件
/data/hls/tcms_jineng//20170510/125849df/56e782da0cd9dad8.m3u8
正在修改aes_m3u8文件
/data/hls/tcms_jineng//20170510/3d96d987/14ca5cff33ce2365.m3u8
正在修改aes_m3u8文件
/data/hls/tcms_jineng//20170510/1f15638b/327848ad51ec76c6.m3u8
正在修改aes_m3u8文件
/data/hls/tcms_jineng//20170510/b7ffdeff/17036e761d1ff4ed.m3u8
正在修改aes_m3u8文件
/data/hls/tcms_jineng//20170510/ddf6ec4a/c1daaebf9b61474f.m3u8
正在修改aes_m3u8文件
/data/hls/tcms_jineng//20170510/b32a11dc/22c8f01e7b4cd268.m3u8
正在修改aes_m3u8文件
/data/hls/tcms_jineng//20170510/f483c242/f2d5562480bde0d5.m3u8
正在修改aes_m3u8文件
/data/hls/tcms_jineng//20170510/d1f2778e/19160cdbf8a27c7b.m3u8
正在修改aes_m3u8文件
输出日志到/root/shell/log/sql_tcms_jineng.log
开始处理第1个文件[/data/original/xuqizhibo/20170508/xulie.mp4]
临时文件已经存在，跳过转码
生成缩略图/data/hls/thumb/xuqizhibo//20170510/a063b4d16f4dba4f.jpg
开始生成ts/data/hls/xuqizhibo//20170510/2d56b5b1
生成ts成功
开始生成切片a063b4d16f4dba4f.m3u8
生成切片成功
/data/hls/xuqizhibo//20170510/2d56b5b1/a063b4d16f4dba4f.m3u8
正在修改aes_m3u8文件
输出日志到/root/shell/log/sql_xuqizhibo.log
开始处理第1个文件[/data/original/zhiyi_neike/20170510/xzynk.nfm05.mp4]
开始转码生成临时文件/data/fs_convert/zhiyi_neike//xzynk.nfm05_tmp.mp4
转码成功
生成缩略图/data/hls/thumb/zhiyi_neike//20170510/b000adc8fad191a2.jpg
开始生成ts/data/hls/zhiyi_neike//20170510/15967d50
生成ts成功
开始生成切片b000adc8fad191a2.m3u8
生成切片成功
开始处理第2个文件[/data/original/zhiyi_neike/20170510/xzynk.nfm06.mp4]
开始转码生成临时文件/data/fs_convert/zhiyi_neike//xzynk.nfm06_tmp.mp4
转码成功
生成缩略图/data/hls/thumb/zhiyi_neike//20170510/e041ffb251963ec1.jpg
开始生成ts/data/hls/zhiyi_neike//20170510/6920ee69
生成ts成功
开始生成切片e041ffb251963ec1.m3u8
生成切片成功
/data/hls/zhiyi_neike//20170510/15967d50/b000adc8fad191a2.m3u8
正在修改aes_m3u8文件
/data/hls/zhiyi_neike//20170510/6920ee69/e041ffb251963ec1.m3u8
正在修改aes_m3u8文件
输出日志到/root/shell/log/sql_zhiyi_neike.log
