/data/hls/iwm/biochemistry//20170509/09d28140,Jcsl06-04-1,/data/hls/thumb/biochemistry//20170509/ae5b7016a1ccd873.jpg,/data/original/biochemistry/20170509/Jcsl06-04-1.mp4,720x406,http://m1.letiku.net/iwm/biochemistry//20170509/aes_09d28140/ae5b7016a1ccd873_aes.m3u8,863.66,33M ae5b7016a1ccd873.ts
/data/hls/iwm/biochemistry//20170509/2bf82ee5,Jcsl10-03-1,/data/hls/thumb/biochemistry//20170509/2a2c3c1f095aad7a.jpg,/data/original/biochemistry/20170509/Jcsl10-03-1.mp4,720x406,http://m1.letiku.net/iwm/biochemistry//20170509/aes_2bf82ee5/2a2c3c1f095aad7a_aes.m3u8,878.98,31M 2a2c3c1f095aad7a.ts
/data/hls/iwm/biochemistry//20170509/10c98ebb,jcsl10-04,/data/hls/thumb/biochemistry//20170509/7a7b9aa6244d89b2.jpg,/data/original/biochemistry/20170509/jcsl10-04.mp4,720x406,http://m1.letiku.net/iwm/biochemistry//20170509/aes_10c98ebb/7a7b9aa6244d89b2_aes.m3u8,166.55,5.6M 7a7b9aa6244d89b2.ts
/data/hls/iwm/biochemistry//20170509/4a64be98,Jcsl05-03-1,/data/hls/thumb/biochemistry//20170509/2c8ce7596c23bfe1.jpg,/data/original/biochemistry/20170509/Jcsl05-03-1.mp4,720x406,http://m1.letiku.net/iwm/biochemistry//20170509/aes_4a64be98/2c8ce7596c23bfe1_aes.m3u8,2203.71,83M 2c8ce7596c23bfe1.ts
/data/hls/iwm/biochemistry//20170509/af3a80f2,Jcsl06-06-1,/data/hls/thumb/biochemistry//20170509/e0c1dc1badc1708a.jpg,/data/original/biochemistry/20170509/Jcsl06-06-1.mp4,720x406,http://m1.letiku.net/iwm/biochemistry//20170509/aes_af3a80f2/e0c1dc1badc1708a_aes.m3u8,157.46,6.2M e0c1dc1badc1708a.ts
/data/hls/iwm/biochemistry//20170509/2b5d1c97,Jcsl06-01-1,/data/hls/thumb/biochemistry//20170509/7b9d9a9af0fb6353.jpg,/data/original/biochemistry/20170509/Jcsl06-01-1.mp4,720x406,http://m1.letiku.net/iwm/biochemistry//20170509/aes_2b5d1c97/7b9d9a9af0fb6353_aes.m3u8,2296.58,89M 7b9d9a9af0fb6353.ts
/data/hls/iwm/biochemistry//20170509/75ffbf2e,Jcsl09-05-1,/data/hls/thumb/biochemistry//20170509/41ffacfae9599f69.jpg,/data/original/biochemistry/20170509/Jcsl09-05-1.mp4,720x406,http://m1.letiku.net/iwm/biochemistry//20170509/aes_75ffbf2e/41ffacfae9599f69_aes.m3u8,522.39,18M 41ffacfae9599f69.ts
/data/hls/iwm/biochemistry//20170509/0df1a62a,Jcsl06-07-1,/data/hls/thumb/biochemistry//20170509/789c24815d414489.jpg,/data/original/biochemistry/20170509/Jcsl06-07-1.mp4,720x406,http://m1.letiku.net/iwm/biochemistry//20170509/aes_0df1a62a/789c24815d414489_aes.m3u8,615.92,24M 789c24815d414489.ts
/data/hls/iwm/biochemistry//20170509/14e1155c,Jcsl05-02-1,/data/hls/thumb/biochemistry//20170509/539c0ac2e10ec934.jpg,/data/original/biochemistry/20170509/Jcsl05-02-1.mp4,720x406,http://m1.letiku.net/iwm/biochemistry//20170509/aes_14e1155c/539c0ac2e10ec934_aes.m3u8,635.18,23M 539c0ac2e10ec934.ts
/data/hls/iwm/biochemistry//20170509/81b5c9d2,Jcsl03-03,/data/hls/thumb/biochemistry//20170509/9d2596e80b8981db.jpg,/data/original/biochemistry/20170509/Jcsl03-03.mp4,720x406,http://m1.letiku.net/iwm/biochemistry//20170509/aes_81b5c9d2/9d2596e80b8981db_aes.m3u8,903.02,35M 9d2596e80b8981db.ts
/data/hls/iwm/biochemistry//20170509/99da59e4,xslkwk,/data/hls/thumb/biochemistry//20170509/fe9e00a8c8e54b4e.jpg,/data/original/biochemistry/20170509/xslkwk.mp4,720x406,http://m1.letiku.net/iwm/biochemistry//20170509/aes_99da59e4/fe9e00a8c8e54b4e_aes.m3u8,4078.19,226M fe9e00a8c8e54b4e.ts
/data/hls/iwm/biochemistry//20170509/894a8ef8,Jcsl06-02-1,/data/hls/thumb/biochemistry//20170509/1a33027c513231f0.jpg,/data/original/biochemistry/20170509/Jcsl06-02-1.mp4,720x406,http://m1.letiku.net/iwm/biochemistry//20170509/aes_894a8ef8/1a33027c513231f0_aes.m3u8,623.74,24M 1a33027c513231f0.ts
/data/hls/iwm/biochemistry//20170509/92059e5d,Jcsl10-05-1,/data/hls/thumb/biochemistry//20170509/d4c45211af5d3e84.jpg,/data/original/biochemistry/20170509/Jcsl10-05-1.mp4,720x406,http://m1.letiku.net/iwm/biochemistry//20170509/aes_92059e5d/d4c45211af5d3e84_aes.m3u8,243.67,8.6M d4c45211af5d3e84.ts
/data/hls/iwm/biochemistry//20170509/c726f941,Jcsl03-04,/data/hls/thumb/biochemistry//20170509/8240fb0cb1728dd2.jpg,/data/original/biochemistry/20170509/Jcsl03-04.mp4,720x406,http://m1.letiku.net/iwm/biochemistry//20170509/aes_c726f941/8240fb0cb1728dd2_aes.m3u8,920.79,36M 8240fb0cb1728dd2.ts
/data/hls/iwm/biochemistry//20170509/d8616add,Jcsl09-02-01-1,/data/hls/thumb/biochemistry//20170509/28fdc0adac6fa212.jpg,/data/original/biochemistry/20170509/Jcsl09-02-01-1.mp4,720x406,http://m1.letiku.net/iwm/biochemistry//20170509/aes_d8616add/28fdc0adac6fa212_aes.m3u8,2430.64,90M 28fdc0adac6fa212.ts
/data/hls/iwm/biochemistry//20170509/0a160281,xxlkbl,/data/hls/thumb/biochemistry//20170509/6a7c5d0b16b414a3.jpg,/data/original/biochemistry/20170509/xxlkbl.mp4,720x406,http://m1.letiku.net/iwm/biochemistry//20170509/aes_0a160281/6a7c5d0b16b414a3_aes.m3u8,2608.15,109M 6a7c5d0b16b414a3.ts
/data/hls/iwm/biochemistry//20170509/df63f742,Jcsl05-01-1,/data/hls/thumb/biochemistry//20170509/c073015491f6c236.jpg,/data/original/biochemistry/20170509/Jcsl05-01-1.mp4,720x406,http://m1.letiku.net/iwm/biochemistry//20170509/aes_df63f742/c073015491f6c236_aes.m3u8,2944.98,114M c073015491f6c236.ts
/data/hls/iwm/biochemistry//20170509/4242502a,Jcsl11-01-1,/data/hls/thumb/biochemistry//20170509/26c51174ad70e523.jpg,/data/original/biochemistry/20170509/Jcsl11-01-1.mp4,720x406,http://m1.letiku.net/iwm/biochemistry//20170509/aes_4242502a/26c51174ad70e523_aes.m3u8,188.95,6.8M 26c51174ad70e523.ts
/data/hls/iwm/biochemistry//20170509/b3da4a25,Jcsl11-02-1,/data/hls/thumb/biochemistry//20170509/81985c38532a5ad8.jpg,/data/original/biochemistry/20170509/Jcsl11-02-1.mp4,720x406,http://m1.letiku.net/iwm/biochemistry//20170509/aes_b3da4a25/81985c38532a5ad8_aes.m3u8,714.67,28M 81985c38532a5ad8.ts
/data/hls/iwm/biochemistry//20170509/a92deed1,xxlksl,/data/hls/thumb/biochemistry//20170509/955aa730b6a5c847.jpg,/data/original/biochemistry/20170509/xxlksl.mp4,720x406,http://m1.letiku.net/iwm/biochemistry//20170509/aes_a92deed1/955aa730b6a5c847_aes.m3u8,2168.38,96M 955aa730b6a5c847.ts
/data/hls/iwm/biochemistry//20170509/441e49f9,Jcsl05-04-1,/data/hls/thumb/biochemistry//20170509/ca0ca0b9333620e4.jpg,/data/original/biochemistry/20170509/Jcsl05-04-1.mp4,720x406,http://m1.letiku.net/iwm/biochemistry//20170509/aes_441e49f9/ca0ca0b9333620e4_aes.m3u8,616.58,25M ca0ca0b9333620e4.ts
/data/hls/iwm/biochemistry//20170509/168cc5e1,Jcsl09-04-1,/data/hls/thumb/biochemistry//20170509/7b11b8ae2bf8c4b8.jpg,/data/original/biochemistry/20170509/Jcsl09-04-1.mp4,720x406,http://m1.letiku.net/iwm/biochemistry//20170509/aes_168cc5e1/7b11b8ae2bf8c4b8_aes.m3u8,1905.75,67M 7b11b8ae2bf8c4b8.ts
/data/hls/iwm/biochemistry//20170509/b66a8891,Jcsl10-06-1,/data/hls/thumb/biochemistry//20170509/11d4bb8e152907ee.jpg,/data/original/biochemistry/20170509/Jcsl10-06-1.mp4,720x406,http://m1.letiku.net/iwm/biochemistry//20170509/aes_b66a8891/11d4bb8e152907ee_aes.m3u8,580.63,21M 11d4bb8e152907ee.ts
