
开始处理第1个文件[/data/original/tcms_zhenjiu/20170620/zyzy_jjzj01.mp4]
开始转码生成临时文件/data/fs_convert/tcms_zhenjiu//zyzy_jjzj01_tmp.mp4
转码成功
生成缩略图/data/hls/thumb/tcms_zhenjiu//20170620/b7775710a29d85a2.jpg
开始生成ts/data/hls/tcms_zhenjiu//20170620/d1a04671_zyzy_jjzj01
生成ts成功
开始生成切片b7775710a29d85a2.m3u8
生成切片成功
开始处理第2个文件[/data/original/tcms_zhenjiu/20170620/zyzy_jjzj06.mp4]
开始转码生成临时文件/data/fs_convert/tcms_zhenjiu//zyzy_jjzj06_tmp.mp4
转码成功
生成缩略图/data/hls/thumb/tcms_zhenjiu//20170620/21602e8336c19d1a.jpg
开始生成ts/data/hls/tcms_zhenjiu//20170620/d716315e_zyzy_jjzj06
生成ts成功
开始生成切片21602e8336c19d1a.m3u8
生成切片成功
开始处理第3个文件[/data/original/tcms_zhenjiu/20170620/zyzy_jjzj11.mp4]
开始转码生成临时文件/data/fs_convert/tcms_zhenjiu//zyzy_jjzj11_tmp.mp4
转码成功
生成缩略图/data/hls/thumb/tcms_zhenjiu//20170620/888f28589a99257c.jpg
开始生成ts/data/hls/tcms_zhenjiu//20170620/9f8e77cb_zyzy_jjzj11
生成ts成功
开始生成切片888f28589a99257c.m3u8
生成切片成功
开始处理第4个文件[/data/original/tcms_zhenjiu/20170620/zyzy_jjzj02.mp4]
开始转码生成临时文件/data/fs_convert/tcms_zhenjiu//zyzy_jjzj02_tmp.mp4
转码成功
生成缩略图/data/hls/thumb/tcms_zhenjiu//20170620/c21ea6ae00256fc8.jpg
开始生成ts/data/hls/tcms_zhenjiu//20170620/8aa2369c_zyzy_jjzj02
生成ts成功
开始生成切片c21ea6ae00256fc8.m3u8
生成切片成功
开始处理第5个文件[/data/original/tcms_zhenjiu/20170620/zyzy_jjzj12.mp4]
开始转码生成临时文件/data/fs_convert/tcms_zhenjiu//zyzy_jjzj12_tmp.mp4
转码成功
生成缩略图/data/hls/thumb/tcms_zhenjiu//20170620/169a65d79c2372cb.jpg
开始生成ts/data/hls/tcms_zhenjiu//20170620/09780d2e_zyzy_jjzj12
生成ts成功
开始生成切片169a65d79c2372cb.m3u8
生成切片成功
开始处理第6个文件[/data/original/tcms_zhenjiu/20170620/zyzy_jjzj04.mp4]
开始转码生成临时文件/data/fs_convert/tcms_zhenjiu//zyzy_jjzj04_tmp.mp4
转码成功
生成缩略图/data/hls/thumb/tcms_zhenjiu//20170620/4e87ca289e03ae35.jpg
开始生成ts/data/hls/tcms_zhenjiu//20170620/6da8d26f_zyzy_jjzj04
生成ts成功
开始生成切片4e87ca289e03ae35.m3u8
生成切片成功
开始处理第7个文件[/data/original/tcms_zhenjiu/20170620/zyzy_jjzj07.mp4]
开始转码生成临时文件/data/fs_convert/tcms_zhenjiu//zyzy_jjzj07_tmp.mp4
转码成功
生成缩略图/data/hls/thumb/tcms_zhenjiu//20170620/89e5a7b2ad998650.jpg
开始生成ts/data/hls/tcms_zhenjiu//20170620/02bb2963_zyzy_jjzj07
生成ts成功
开始生成切片89e5a7b2ad998650.m3u8
生成切片成功
开始处理第8个文件[/data/original/tcms_zhenjiu/20170620/zyzy_jjzj09.mp4]
开始转码生成临时文件/data/fs_convert/tcms_zhenjiu//zyzy_jjzj09_tmp.mp4
转码成功
生成缩略图/data/hls/thumb/tcms_zhenjiu//20170620/ec48536c320bede7.jpg
开始生成ts/data/hls/tcms_zhenjiu//20170620/e6eba9e5_zyzy_jjzj09
生成ts成功
开始生成切片ec48536c320bede7.m3u8
生成切片成功
开始处理第9个文件[/data/original/tcms_zhenjiu/20170620/zyzy_jjzj05.mp4]
开始转码生成临时文件/data/fs_convert/tcms_zhenjiu//zyzy_jjzj05_tmp.mp4
转码成功
生成缩略图/data/hls/thumb/tcms_zhenjiu//20170620/b29054cb85bfeb91.jpg
开始生成ts/data/hls/tcms_zhenjiu//20170620/33ca8cbe_zyzy_jjzj05
生成ts成功
开始生成切片b29054cb85bfeb91.m3u8
生成切片成功
开始处理第10个文件[/data/original/tcms_zhenjiu/20170620/zyzy_jjzj08.mp4]
开始转码生成临时文件/data/fs_convert/tcms_zhenjiu//zyzy_jjzj08_tmp.mp4
转码成功
生成缩略图/data/hls/thumb/tcms_zhenjiu//20170620/d321f427a02217f4.jpg
开始生成ts/data/hls/tcms_zhenjiu//20170620/8ead8b2d_zyzy_jjzj08
生成ts成功
开始生成切片d321f427a02217f4.m3u8
生成切片成功
开始处理第11个文件[/data/original/tcms_zhenjiu/20170620/zyzy_jjzj03.mp4]
开始转码生成临时文件/data/fs_convert/tcms_zhenjiu//zyzy_jjzj03_tmp.mp4
转码成功
生成缩略图/data/hls/thumb/tcms_zhenjiu//20170620/2ad1b5f998afd888.jpg
开始生成ts/data/hls/tcms_zhenjiu//20170620/51326073_zyzy_jjzj03
生成ts成功
开始生成切片2ad1b5f998afd888.m3u8
生成切片成功
/data/hls/tcms_zhenjiu//20170620/d1a04671_zyzy_jjzj01/b7775710a29d85a2.m3u8
正在修改aes_m3u8文件
/data/hls/tcms_zhenjiu//20170620/d716315e_zyzy_jjzj06/21602e8336c19d1a.m3u8
正在修改aes_m3u8文件
/data/hls/tcms_zhenjiu//20170620/9f8e77cb_zyzy_jjzj11/888f28589a99257c.m3u8
正在修改aes_m3u8文件
/data/hls/tcms_zhenjiu//20170620/8aa2369c_zyzy_jjzj02/c21ea6ae00256fc8.m3u8
正在修改aes_m3u8文件
/data/hls/tcms_zhenjiu//20170620/09780d2e_zyzy_jjzj12/169a65d79c2372cb.m3u8
正在修改aes_m3u8文件
/data/hls/tcms_zhenjiu//20170620/6da8d26f_zyzy_jjzj04/4e87ca289e03ae35.m3u8
正在修改aes_m3u8文件
/data/hls/tcms_zhenjiu//20170620/02bb2963_zyzy_jjzj07/89e5a7b2ad998650.m3u8
正在修改aes_m3u8文件
/data/hls/tcms_zhenjiu//20170620/e6eba9e5_zyzy_jjzj09/ec48536c320bede7.m3u8
正在修改aes_m3u8文件
/data/hls/tcms_zhenjiu//20170620/33ca8cbe_zyzy_jjzj05/b29054cb85bfeb91.m3u8
正在修改aes_m3u8文件
/data/hls/tcms_zhenjiu//20170620/8ead8b2d_zyzy_jjzj08/d321f427a02217f4.m3u8
正在修改aes_m3u8文件
/data/hls/tcms_zhenjiu//20170620/51326073_zyzy_jjzj03/2ad1b5f998afd888.m3u8
正在修改aes_m3u8文件
输出日志到/root/shell/log/sql_tcms_zhenjiu.log
开始处理第1个文件[/data/original/zhiyi_waike/20170620/xyzy_jcwk07.mp4]
开始转码生成临时文件/data/fs_convert/zhiyi_waike//xyzy_jcwk07_tmp.mp4
转码成功
生成缩略图/data/hls/thumb/zhiyi_waike//20170620/b5fc6556dfae5a61.jpg
开始生成ts/data/hls/zhiyi_waike//20170620/53e28488_xyzy_jcwk07
生成ts成功
开始生成切片b5fc6556dfae5a61.m3u8
生成切片成功
开始处理第2个文件[/data/original/zhiyi_waike/20170620/xyzy_jcwk06.mp4]
开始转码生成临时文件/data/fs_convert/zhiyi_waike//xyzy_jcwk06_tmp.mp4
转码成功
生成缩略图/data/hls/thumb/zhiyi_waike//20170620/5d9fd9b745df62e7.jpg
开始生成ts/data/hls/zhiyi_waike//20170620/0a60073a_xyzy_jcwk06
生成ts成功
开始生成切片5d9fd9b745df62e7.m3u8
生成切片成功
开始处理第3个文件[/data/original/zhiyi_waike/20170620/xyzy_jcwk02.mp4]
开始转码生成临时文件/data/fs_convert/zhiyi_waike//xyzy_jcwk02_tmp.mp4
转码成功
生成缩略图/data/hls/thumb/zhiyi_waike//20170620/2d7478ea5a930dc7.jpg
开始生成ts/data/hls/zhiyi_waike//20170620/d00edd5c_xyzy_jcwk02
生成ts成功
开始生成切片2d7478ea5a930dc7.m3u8
生成切片成功
开始处理第4个文件[/data/original/zhiyi_waike/20170620/xyzy_jcwk05.mp4]
开始转码生成临时文件/data/fs_convert/zhiyi_waike//xyzy_jcwk05_tmp.mp4
