开始处理第1个文件[/data/original/zhiyi_shenghua/20170613/xyzy_ccsh02.mp4]
开始转码生成临时文件/data/fs_convert/zhiyi_shenghua//xyzy_ccsh02_tmp.mp4
转码成功
生成缩略图/data/hls/thumb/zhiyi_shenghua//20170613/b7a60bf9efff67cc.jpg
开始生成ts/data/hls/zhiyi_shenghua//20170613/2734604b_xyzy_ccsh02
生成ts成功
开始生成切片b7a60bf9efff67cc.m3u8
生成切片成功
开始处理第2个文件[/data/original/zhiyi_shenghua/20170613/xyzy_ccsh07.mp4]
开始转码生成临时文件/data/fs_convert/zhiyi_shenghua//xyzy_ccsh07_tmp.mp4
转码成功
生成缩略图/data/hls/thumb/zhiyi_shenghua//20170613/ee985c32d3bc57e8.jpg
开始生成ts/data/hls/zhiyi_shenghua//20170613/505513cd_xyzy_ccsh07
生成ts成功
开始生成切片ee985c32d3bc57e8.m3u8
生成切片成功
开始处理第3个文件[/data/original/zhiyi_shenghua/20170613/xyzy_ccsh04.mp4]
开始转码生成临时文件/data/fs_convert/zhiyi_shenghua//xyzy_ccsh04_tmp.mp4
转码成功
生成缩略图/data/hls/thumb/zhiyi_shenghua//20170613/1479693eb06b4682.jpg
开始生成ts/data/hls/zhiyi_shenghua//20170613/c8bc6f7a_xyzy_ccsh04
生成ts成功
开始生成切片1479693eb06b4682.m3u8
生成切片成功
开始处理第4个文件[/data/original/zhiyi_shenghua/20170613/xyzy_ccsh06.mp4]
开始转码生成临时文件/data/fs_convert/zhiyi_shenghua//xyzy_ccsh06_tmp.mp4
转码成功
生成缩略图/data/hls/thumb/zhiyi_shenghua//20170613/76e073bc469e8f15.jpg
开始生成ts/data/hls/zhiyi_shenghua//20170613/c4e65f68_xyzy_ccsh06
生成ts成功
开始生成切片76e073bc469e8f15.m3u8
生成切片成功
开始处理第5个文件[/data/original/zhiyi_shenghua/20170613/xyzy_ccsh05.mp4]
开始转码生成临时文件/data/fs_convert/zhiyi_shenghua//xyzy_ccsh05_tmp.mp4
转码成功
生成缩略图/data/hls/thumb/zhiyi_shenghua//20170613/f902f95ae1d60ea1.jpg
开始生成ts/data/hls/zhiyi_shenghua//20170613/999b5058_xyzy_ccsh05
生成ts成功
开始生成切片f902f95ae1d60ea1.m3u8
生成切片成功
开始处理第6个文件[/data/original/zhiyi_shenghua/20170613/xyzy_ccsh01.mp4]
开始转码生成临时文件/data/fs_convert/zhiyi_shenghua//xyzy_ccsh01_tmp.mp4
转码成功
生成缩略图/data/hls/thumb/zhiyi_shenghua//20170613/6b426731734a960e.jpg
开始生成ts/data/hls/zhiyi_shenghua//20170613/06a82cdd_xyzy_ccsh01
生成ts成功
开始生成切片6b426731734a960e.m3u8
生成切片成功
开始处理第7个文件[/data/original/zhiyi_shenghua/20170613/xyzy_ccsh09.mp4]
开始转码生成临时文件/data/fs_convert/zhiyi_shenghua//xyzy_ccsh09_tmp.mp4
转码成功
生成缩略图/data/hls/thumb/zhiyi_shenghua//20170613/1d427c03e01f0d65.jpg
开始生成ts/data/hls/zhiyi_shenghua//20170613/5d7f32ab_xyzy_ccsh09
生成ts成功
开始生成切片1d427c03e01f0d65.m3u8
生成切片成功
开始处理第8个文件[/data/original/zhiyi_shenghua/20170613/xyzy_ccsh03.mp4]
开始转码生成临时文件/data/fs_convert/zhiyi_shenghua//xyzy_ccsh03_tmp.mp4
转码成功
生成缩略图/data/hls/thumb/zhiyi_shenghua//20170613/5901411243e29589.jpg
开始生成ts/data/hls/zhiyi_shenghua//20170613/723b8636_xyzy_ccsh03
生成ts成功
开始生成切片5901411243e29589.m3u8
生成切片成功
开始处理第9个文件[/data/original/zhiyi_shenghua/20170613/xyzy_ccsh08.mp4]
开始转码生成临时文件/data/fs_convert/zhiyi_shenghua//xyzy_ccsh08_tmp.mp4
转码成功
生成缩略图/data/hls/thumb/zhiyi_shenghua//20170613/ad99c687f7a6bbd1.jpg
开始生成ts/data/hls/zhiyi_shenghua//20170613/517b282b_xyzy_ccsh08
生成ts成功
开始生成切片ad99c687f7a6bbd1.m3u8
生成切片成功
/data/hls/zhiyi_shenghua//20170613/2734604b_xyzy_ccsh02/b7a60bf9efff67cc.m3u8
正在修改aes_m3u8文件
/data/hls/zhiyi_shenghua//20170613/505513cd_xyzy_ccsh07/ee985c32d3bc57e8.m3u8
正在修改aes_m3u8文件
/data/hls/zhiyi_shenghua//20170613/c8bc6f7a_xyzy_ccsh04/1479693eb06b4682.m3u8
正在修改aes_m3u8文件
/data/hls/zhiyi_shenghua//20170613/c4e65f68_xyzy_ccsh06/76e073bc469e8f15.m3u8
正在修改aes_m3u8文件
/data/hls/zhiyi_shenghua//20170613/999b5058_xyzy_ccsh05/f902f95ae1d60ea1.m3u8
正在修改aes_m3u8文件
/data/hls/zhiyi_shenghua//20170613/06a82cdd_xyzy_ccsh01/6b426731734a960e.m3u8
正在修改aes_m3u8文件
/data/hls/zhiyi_shenghua//20170613/5d7f32ab_xyzy_ccsh09/1d427c03e01f0d65.m3u8
正在修改aes_m3u8文件
/data/hls/zhiyi_shenghua//20170613/723b8636_xyzy_ccsh03/5901411243e29589.m3u8
正在修改aes_m3u8文件
/data/hls/zhiyi_shenghua//20170613/517b282b_xyzy_ccsh08/ad99c687f7a6bbd1.m3u8
正在修改aes_m3u8文件
输出日志到/root/shell/log/sql_zhiyi_shenghua.log
恭喜,文件生成成功，即将生成目录
恭喜,配置文件修改成功！！
开始处理第1个文件[/data/original/zhiyi_shenjingneike/20170613/zyyssjb12.mp4]
开始转码生成临时文件/data/fs_convert/zhiyi_shenjingneike//zyyssjb12_tmp.mp4
转码成功
生成缩略图/data/hls/thumb/zhiyi_shenjingneike//20170613/f75a47e12c7b73b8.jpg
开始生成ts/data/hls/zhiyi_shenjingneike//20170613/d7cc0456_zyyssjb12
生成ts成功
开始生成切片f75a47e12c7b73b8.m3u8
生成切片成功
开始处理第2个文件[/data/original/zhiyi_shenjingneike/20170613/zyyssjb09.mp4]
开始转码生成临时文件/data/fs_convert/zhiyi_shenjingneike//zyyssjb09_tmp.mp4
转码成功
生成缩略图/data/hls/thumb/zhiyi_shenjingneike//20170613/4abb534df041737f.jpg
开始生成ts/data/hls/zhiyi_shenjingneike//20170613/9149d03c_zyyssjb09
生成ts成功
开始生成切片4abb534df041737f.m3u8
生成切片成功
开始处理第3个文件[/data/original/zhiyi_shenjingneike/20170613/zyyssjb10.mp4]
开始转码生成临时文件/data/fs_convert/zhiyi_shenjingneike//zyyssjb10_tmp.mp4
转码成功
生成缩略图/data/hls/thumb/zhiyi_shenjingneike//20170613/665096f0b90f213b.jpg
开始生成ts/data/hls/zhiyi_shenjingneike//20170613/bbab40bc_zyyssjb10
生成ts成功
开始生成切片665096f0b90f213b.m3u8
生成切片成功
开始处理第4个文件[/data/original/zhiyi_shenjingneike/20170613/zyyssjb08.mp4]
开始转码生成临时文件/data/fs_convert/zhiyi_shenjingneike//zyyssjb08_tmp.mp4
转码成功
生成缩略图/data/hls/thumb/zhiyi_shenjingneike//20170613/c4b1c955172c26d4.jpg
开始生成ts/data/hls/zhiyi_shenjingneike//20170613/98ec13cc_zyyssjb08
生成ts成功
开始生成切片c4b1c955172c26d4.m3u8
生成切片成功
开始处理第5个文件[/data/original/zhiyi_shenjingneike/20170613/zyyssjb11.mp4]
开始转码生成临时文件/data/fs_convert/zhiyi_shenjingneike//zyyssjb11_tmp.mp4
转码成功
生成缩略图/data/hls/thumb/zhiyi_shenjingneike//20170613/c9747f7e6d79a33e.jpg
开始生成ts/data/hls/zhiyi_shenjingneike//20170613/62271b7b_zyyssjb11
生成ts成功
开始生成切片c9747f7e6d79a33e.m3u8
生成切片成功
/data/hls/zhiyi_shenjingneike//20170613/d7cc0456_zyyssjb12/f75a47e12c7b73b8.m3u8
正在修改aes_m3u8文件
/data/hls/zhiyi_shenjingneike//20170613/9149d03c_zyyssjb09/4abb534df041737f.m3u8
正在修改aes_m3u8文件
/data/hls/zhiyi_shenjingneike//20170613/bbab40bc_zyyssjb10/665096f0b90f213b.m3u8
正在修改aes_m3u8文件
/data/hls/zhiyi_shenjingneike//20170613/98ec13cc_zyyssjb08/c4b1c955172c26d4.m3u8
正在修改aes_m3u8文件
/data/hls/zhiyi_shenjingneike//20170613/62271b7b_zyyssjb11/c9747f7e6d79a33e.m3u8
正在修改aes_m3u8文件
输出日志到/root/shell/log/sql_zhiyi_shenjingneike.log
