开始处理第1个文件[/data/original/tcms_jineng/20170525/zzy.jnxy03.mp4]
开始转码生成临时文件/data/fs_convert/tcms_jineng//zzy.jnxy03_tmp.mp4
转码成功
生成缩略图/data/hls/thumb/tcms_jineng//20170525/d02769a54eceeb29.jpg
开始生成ts/data/hls/tcms_jineng//20170525/6d44ff25
生成ts成功
开始生成切片d02769a54eceeb29.m3u8
生成切片成功
开始处理第2个文件[/data/original/tcms_jineng/20170525/zzy.jnxy04.mp4]
开始转码生成临时文件/data/fs_convert/tcms_jineng//zzy.jnxy04_tmp.mp4
转码成功
生成缩略图/data/hls/thumb/tcms_jineng//20170525/18bd100a094eb75a.jpg
开始生成ts/data/hls/tcms_jineng//20170525/299e9b42
生成ts成功
开始生成切片18bd100a094eb75a.m3u8
生成切片成功
开始处理第3个文件[/data/original/tcms_jineng/20170525/zzy.jnxy10.mp4]
开始转码生成临时文件/data/fs_convert/tcms_jineng//zzy.jnxy10_tmp.mp4
转码成功
生成缩略图/data/hls/thumb/tcms_jineng//20170525/a1c450e6861d88f3.jpg
开始生成ts/data/hls/tcms_jineng//20170525/f209e406
生成ts成功
开始生成切片a1c450e6861d88f3.m3u8
生成切片成功
开始处理第4个文件[/data/original/tcms_jineng/20170525/zzy.jnxy06.mp4]
开始转码生成临时文件/data/fs_convert/tcms_jineng//zzy.jnxy06_tmp.mp4
转码成功
生成缩略图/data/hls/thumb/tcms_jineng//20170525/7b87d8976aaa4264.jpg
开始生成ts/data/hls/tcms_jineng//20170525/70ae3a5e
生成ts成功
开始生成切片7b87d8976aaa4264.m3u8
生成切片成功
开始处理第5个文件[/data/original/tcms_jineng/20170525/zzy.jnxy02.mp4]
开始转码生成临时文件/data/fs_convert/tcms_jineng//zzy.jnxy02_tmp.mp4
转码成功
生成缩略图/data/hls/thumb/tcms_jineng//20170525/b307b7b218f41903.jpg
开始生成ts/data/hls/tcms_jineng//20170525/af1204f7
生成ts成功
开始生成切片b307b7b218f41903.m3u8
生成切片成功
开始处理第6个文件[/data/original/tcms_jineng/20170525/zzy.jnxy09.mp4]
开始转码生成临时文件/data/fs_convert/tcms_jineng//zzy.jnxy09_tmp.mp4
转码成功
生成缩略图/data/hls/thumb/tcms_jineng//20170525/4d6939aa12cb5c2f.jpg
开始生成ts/data/hls/tcms_jineng//20170525/9309d589
生成ts成功
开始生成切片4d6939aa12cb5c2f.m3u8
生成切片成功
开始处理第7个文件[/data/original/tcms_jineng/20170525/zzy.jnxy01.mp4]
开始转码生成临时文件/data/fs_convert/tcms_jineng//zzy.jnxy01_tmp.mp4
转码成功
生成缩略图/data/hls/thumb/tcms_jineng//20170525/f5efc60d5d7cd5d1.jpg
开始生成ts/data/hls/tcms_jineng//20170525/6e23fafc
生成ts成功
开始生成切片f5efc60d5d7cd5d1.m3u8
生成切片成功
开始处理第8个文件[/data/original/tcms_jineng/20170525/zzy.jnxy08.mp4]
开始转码生成临时文件/data/fs_convert/tcms_jineng//zzy.jnxy08_tmp.mp4
转码成功
生成缩略图/data/hls/thumb/tcms_jineng//20170525/44529bc590164804.jpg
开始生成ts/data/hls/tcms_jineng//20170525/b6936851
生成ts成功
开始生成切片44529bc590164804.m3u8
生成切片成功
开始处理第9个文件[/data/original/tcms_jineng/20170525/zzy.jnxy05.mp4]
开始转码生成临时文件/data/fs_convert/tcms_jineng//zzy.jnxy05_tmp.mp4
转码成功
生成缩略图/data/hls/thumb/tcms_jineng//20170525/95f78d0c0408725f.jpg
开始生成ts/data/hls/tcms_jineng//20170525/eaf6d722
生成ts成功
开始生成切片95f78d0c0408725f.m3u8
生成切片成功
开始处理第10个文件[/data/original/tcms_jineng/20170525/zzy.jnxy07.mp4]
开始转码生成临时文件/data/fs_convert/tcms_jineng//zzy.jnxy07_tmp.mp4
转码成功
生成缩略图/data/hls/thumb/tcms_jineng//20170525/6da9fca75bdef380.jpg
开始生成ts/data/hls/tcms_jineng//20170525/f47c22ab
生成ts成功
开始生成切片6da9fca75bdef380.m3u8
生成切片成功
/data/hls/tcms_jineng//20170525/6d44ff25/d02769a54eceeb29.m3u8
正在修改aes_m3u8文件
/data/hls/tcms_jineng//20170525/299e9b42/18bd100a094eb75a.m3u8
正在修改aes_m3u8文件
/data/hls/tcms_jineng//20170525/f209e406/a1c450e6861d88f3.m3u8
正在修改aes_m3u8文件
/data/hls/tcms_jineng//20170525/70ae3a5e/7b87d8976aaa4264.m3u8
正在修改aes_m3u8文件
/data/hls/tcms_jineng//20170525/af1204f7/b307b7b218f41903.m3u8
正在修改aes_m3u8文件
/data/hls/tcms_jineng//20170525/9309d589/4d6939aa12cb5c2f.m3u8
正在修改aes_m3u8文件
/data/hls/tcms_jineng//20170525/6e23fafc/f5efc60d5d7cd5d1.m3u8
正在修改aes_m3u8文件
/data/hls/tcms_jineng//20170525/b6936851/44529bc590164804.m3u8
正在修改aes_m3u8文件
/data/hls/tcms_jineng//20170525/eaf6d722/95f78d0c0408725f.m3u8
正在修改aes_m3u8文件
/data/hls/tcms_jineng//20170525/f47c22ab/6da9fca75bdef380.m3u8
正在修改aes_m3u8文件
输出日志到/root/shell/log/sql_tcms_jineng.log
