恭喜,文件生成成功，即将生成目录
恭喜,配置文件修改成功！！
开始处理第1个文件[/data/original/zhiyi_waike/20170612/xyzy_jcwk14.mp4]
开始转码生成临时文件/data/fs_convert/zhiyi_waike//xyzy_jcwk14_tmp.mp4
转码成功
生成缩略图/data/hls/thumb/zhiyi_waike//20170612/8f7f24095e971275.jpg
开始生成ts/data/hls/zhiyi_waike//20170612/73b92611_xyzy_jcwk14
生成ts成功
开始生成切片8f7f24095e971275.m3u8
生成切片成功
开始处理第2个文件[/data/original/zhiyi_waike/20170612/xyzy_jcwk11.mp4]
开始转码生成临时文件/data/fs_convert/zhiyi_waike//xyzy_jcwk11_tmp.mp4
转码成功
生成缩略图/data/hls/thumb/zhiyi_waike//20170612/28589c8f0c102ee0.jpg
开始生成ts/data/hls/zhiyi_waike//20170612/41e7eb61_xyzy_jcwk11
生成ts成功
开始生成切片28589c8f0c102ee0.m3u8
生成切片成功
开始处理第3个文件[/data/original/zhiyi_waike/20170612/xyzy_jcwk09.mp4]
开始转码生成临时文件/data/fs_convert/zhiyi_waike//xyzy_jcwk09_tmp.mp4
转码成功
生成缩略图/data/hls/thumb/zhiyi_waike//20170612/ed0d01fff23ddf6d.jpg
开始生成ts/data/hls/zhiyi_waike//20170612/aaff5c57_xyzy_jcwk09
生成ts成功
开始生成切片ed0d01fff23ddf6d.m3u8
生成切片成功
开始处理第4个文件[/data/original/zhiyi_waike/20170612/xyzy_jcwk10.mp4]
开始转码生成临时文件/data/fs_convert/zhiyi_waike//xyzy_jcwk10_tmp.mp4
转码成功
生成缩略图/data/hls/thumb/zhiyi_waike//20170612/e537a0c54c9653e8.jpg
开始生成ts/data/hls/zhiyi_waike//20170612/6fab6e9c_xyzy_jcwk10
生成ts成功
开始生成切片e537a0c54c9653e8.m3u8
生成切片成功
开始处理第5个文件[/data/original/zhiyi_waike/20170612/xyzy_jcwk13.mp4]
开始转码生成临时文件/data/fs_convert/zhiyi_waike//xyzy_jcwk13_tmp.mp4
转码成功
生成缩略图/data/hls/thumb/zhiyi_waike//20170612/4a1ed0ff72782333.jpg
开始生成ts/data/hls/zhiyi_waike//20170612/a7d0a3d3_xyzy_jcwk13
生成ts成功
开始生成切片4a1ed0ff72782333.m3u8
生成切片成功
开始处理第6个文件[/data/original/zhiyi_waike/20170612/xyzy_jcwk12.mp4]
开始转码生成临时文件/data/fs_convert/zhiyi_waike//xyzy_jcwk12_tmp.mp4
转码成功
生成缩略图/data/hls/thumb/zhiyi_waike//20170612/64a5ab7811d19141.jpg
开始生成ts/data/hls/zhiyi_waike//20170612/2038ef52_xyzy_jcwk12
生成ts成功
开始生成切片64a5ab7811d19141.m3u8
生成切片成功
开始处理第7个文件[/data/original/zhiyi_waike/20170612/xyzy_jcwk08.mp4]
开始转码生成临时文件/data/fs_convert/zhiyi_waike//xyzy_jcwk08_tmp.mp4
转码成功
生成缩略图/data/hls/thumb/zhiyi_waike//20170612/9ab8f0b689723d81.jpg
开始生成ts/data/hls/zhiyi_waike//20170612/e0256ede_xyzy_jcwk08
生成ts成功
开始生成切片9ab8f0b689723d81.m3u8
生成切片成功
/data/hls/zhiyi_waike//20170612/73b92611_xyzy_jcwk14/8f7f24095e971275.m3u8
正在修改aes_m3u8文件
/data/hls/zhiyi_waike//20170612/41e7eb61_xyzy_jcwk11/28589c8f0c102ee0.m3u8
正在修改aes_m3u8文件
/data/hls/zhiyi_waike//20170612/aaff5c57_xyzy_jcwk09/ed0d01fff23ddf6d.m3u8
正在修改aes_m3u8文件
/data/hls/zhiyi_waike//20170612/6fab6e9c_xyzy_jcwk10/e537a0c54c9653e8.m3u8
正在修改aes_m3u8文件
/data/hls/zhiyi_waike//20170612/a7d0a3d3_xyzy_jcwk13/4a1ed0ff72782333.m3u8
正在修改aes_m3u8文件
/data/hls/zhiyi_waike//20170612/2038ef52_xyzy_jcwk12/64a5ab7811d19141.m3u8
正在修改aes_m3u8文件
/data/hls/zhiyi_waike//20170612/e0256ede_xyzy_jcwk08/9ab8f0b689723d81.m3u8
正在修改aes_m3u8文件
输出日志到/root/shell/log/sql_zhiyi_waike.log
开始处理第1个文件[/data/original/zhiyi_jineng/20170612/Xzyjn2.29.mp4]
开始转码生成临时文件/data/fs_convert/zhiyi_jineng//Xzyjn2.29_tmp.mp4
转码成功
生成缩略图/data/hls/thumb/zhiyi_jineng//20170612/ef9a75ff1934d216.jpg
开始生成ts/data/hls/zhiyi_jineng//20170612/eaa8e877_Xzyjn2.29
生成ts成功
开始生成切片ef9a75ff1934d216.m3u8
生成切片成功
开始处理第2个文件[/data/original/zhiyi_jineng/20170612/Xzyjn2.26.mp4]
开始转码生成临时文件/data/fs_convert/zhiyi_jineng//Xzyjn2.26_tmp.mp4
转码成功
生成缩略图/data/hls/thumb/zhiyi_jineng//20170612/54af595ea75610eb.jpg
开始生成ts/data/hls/zhiyi_jineng//20170612/b6052357_Xzyjn2.26
生成ts成功
开始生成切片54af595ea75610eb.m3u8
生成切片成功
开始处理第3个文件[/data/original/zhiyi_jineng/20170612/Xzyjn2.31.mp4]
开始转码生成临时文件/data/fs_convert/zhiyi_jineng//Xzyjn2.31_tmp.mp4
转码成功
生成缩略图/data/hls/thumb/zhiyi_jineng//20170612/85634e8076bc00b0.jpg
开始生成ts/data/hls/zhiyi_jineng//20170612/506ca698_Xzyjn2.31
生成ts成功
开始生成切片85634e8076bc00b0.m3u8
生成切片成功
开始处理第4个文件[/data/original/zhiyi_jineng/20170612/Xzyjn2.24.mp4]
开始转码生成临时文件/data/fs_convert/zhiyi_jineng//Xzyjn2.24_tmp.mp4
转码成功
生成缩略图/data/hls/thumb/zhiyi_jineng//20170612/e32b48ce6712cb34.jpg
开始生成ts/data/hls/zhiyi_jineng//20170612/ac6696f6_Xzyjn2.24
生成ts成功
开始生成切片e32b48ce6712cb34.m3u8
生成切片成功
开始处理第5个文件[/data/original/zhiyi_jineng/20170612/xzyjn2.03.mp4]
开始转码生成临时文件/data/fs_convert/zhiyi_jineng//xzyjn2.03_tmp.mp4
转码成功
生成缩略图/data/hls/thumb/zhiyi_jineng//20170612/9fe8d916b84e0799.jpg
开始生成ts/data/hls/zhiyi_jineng//20170612/8a91b087_xzyjn2.03
生成ts成功
开始生成切片9fe8d916b84e0799.m3u8
生成切片成功
开始处理第6个文件[/data/original/zhiyi_jineng/20170612/xzyjn2.20.mp4]
开始转码生成临时文件/data/fs_convert/zhiyi_jineng//xzyjn2.20_tmp.mp4
转码成功
生成缩略图/data/hls/thumb/zhiyi_jineng//20170612/18ad18b83bc09027.jpg
开始生成ts/data/hls/zhiyi_jineng//20170612/4b4e843b_xzyjn2.20
生成ts成功
开始生成切片18ad18b83bc09027.m3u8
生成切片成功
开始处理第7个文件[/data/original/zhiyi_jineng/20170612/Xzyjn2.23.mp4]
开始转码生成临时文件/data/fs_convert/zhiyi_jineng//Xzyjn2.23_tmp.mp4
转码成功
生成缩略图/data/hls/thumb/zhiyi_jineng//20170612/a5fdf0f73561eef6.jpg
开始生成ts/data/hls/zhiyi_jineng//20170612/a608dcac_Xzyjn2.23
生成ts成功
开始生成切片a5fdf0f73561eef6.m3u8
生成切片成功
开始处理第8个文件[/data/original/zhiyi_jineng/20170612/Xzyjn2.27.mp4]
开始转码生成临时文件/data/fs_convert/zhiyi_jineng//Xzyjn2.27_tmp.mp4
转码成功
生成缩略图/data/hls/thumb/zhiyi_jineng//20170612/9db285c0ed6c6a0f.jpg
开始生成ts/data/hls/zhiyi_jineng//20170612/a3953f75_Xzyjn2.27
生成ts成功
开始生成切片9db285c0ed6c6a0f.m3u8
生成切片成功
开始处理第9个文件[/data/original/zhiyi_jineng/20170612/Xzyjn2.25.mp4]
开始转码生成临时文件/data/fs_convert/zhiyi_jineng//Xzyjn2.25_tmp.mp4
转码成功
生成缩略图/data/hls/thumb/zhiyi_jineng//20170612/36e89f9c9a41f534.jpg
开始生成ts/data/hls/zhiyi_jineng//20170612/f100823e_Xzyjn2.25
生成ts成功
开始生成切片36e89f9c9a41f534.m3u8
生成切片成功
开始处理第10个文件[/data/original/zhiyi_jineng/20170612/Xzyjn2.32.mp4]
开始转码生成临时文件/data/fs_convert/zhiyi_jineng//Xzyjn2.32_tmp.mp4
转码成功
生成缩略图/data/hls/thumb/zhiyi_jineng//20170612/16ddb646d942c996.jpg
开始生成ts/data/hls/zhiyi_jineng//20170612/180ed8ea_Xzyjn2.32
生成ts成功
开始生成切片16ddb646d942c996.m3u8
生成切片成功
/data/hls/zhiyi_jineng//20170612/eaa8e877_Xzyjn2.29/ef9a75ff1934d216.m3u8
正在修改aes_m3u8文件
/data/hls/zhiyi_jineng//20170612/b6052357_Xzyjn2.26/54af595ea75610eb.m3u8
正在修改aes_m3u8文件
/data/hls/zhiyi_jineng//20170612/506ca698_Xzyjn2.31/85634e8076bc00b0.m3u8
正在修改aes_m3u8文件
/data/hls/zhiyi_jineng//20170612/ac6696f6_Xzyjn2.24/e32b48ce6712cb34.m3u8
正在修改aes_m3u8文件
/data/hls/zhiyi_jineng//20170612/8a91b087_xzyjn2.03/9fe8d916b84e0799.m3u8
正在修改aes_m3u8文件
/data/hls/zhiyi_jineng//20170612/4b4e843b_xzyjn2.20/18ad18b83bc09027.m3u8
正在修改aes_m3u8文件
/data/hls/zhiyi_jineng//20170612/a608dcac_Xzyjn2.23/a5fdf0f73561eef6.m3u8
正在修改aes_m3u8文件
/data/hls/zhiyi_jineng//20170612/a3953f75_Xzyjn2.27/9db285c0ed6c6a0f.m3u8
正在修改aes_m3u8文件
/data/hls/zhiyi_jineng//20170612/f100823e_Xzyjn2.25/36e89f9c9a41f534.m3u8
正在修改aes_m3u8文件
/data/hls/zhiyi_jineng//20170612/180ed8ea_Xzyjn2.32/16ddb646d942c996.m3u8
正在修改aes_m3u8文件
输出日志到/root/shell/log/sql_zhiyi_jineng.log
开始处理第1个文件[/data/original/zhiyi_waike/20170612/xyzy_jcwk14.mp4]
临时文件已经存在，跳过转码
生成缩略图/data/hls/thumb/zhiyi_waike//20170612/1603fd2678543c17.jpg
开始生成ts/data/hls/zhiyi_waike//20170612/a5919f57_xyzy_jcwk14
生成ts成功
开始生成切片1603fd2678543c17.m3u8
生成切片成功
开始处理第2个文件[/data/original/zhiyi_waike/20170612/xyzy_jcwk11.mp4]
临时文件已经存在，跳过转码
生成缩略图/data/hls/thumb/zhiyi_waike//20170612/a9585c0625a775d8.jpg
开始生成ts/data/hls/zhiyi_waike//20170612/2d9a108b_xyzy_jcwk11
生成ts成功
开始生成切片a9585c0625a775d8.m3u8
生成切片成功
开始处理第3个文件[/data/original/zhiyi_waike/20170612/xyzy_jcwk09.mp4]
临时文件已经存在，跳过转码
生成缩略图/data/hls/thumb/zhiyi_waike//20170612/8fe90bcdac420db2.jpg
开始生成ts/data/hls/zhiyi_waike//20170612/0ccb7a05_xyzy_jcwk09
生成ts成功
开始生成切片8fe90bcdac420db2.m3u8
生成切片成功
开始处理第4个文件[/data/original/zhiyi_waike/20170612/xyzy_jcwk10.mp4]
临时文件已经存在，跳过转码
生成缩略图/data/hls/thumb/zhiyi_waike//20170612/6a60f555481202f7.jpg
开始生成ts/data/hls/zhiyi_waike//20170612/c3e7367c_xyzy_jcwk10
生成ts成功
开始生成切片6a60f555481202f7.m3u8
生成切片成功
开始处理第5个文件[/data/original/zhiyi_waike/20170612/xyzy_jcwk13.mp4]
临时文件已经存在，跳过转码
生成缩略图/data/hls/thumb/zhiyi_waike//20170612/9bc5b1a40d1a153d.jpg
开始生成ts/data/hls/zhiyi_waike//20170612/a952e65d_xyzy_jcwk13
生成ts成功
开始生成切片9bc5b1a40d1a153d.m3u8
生成切片成功
开始处理第6个文件[/data/original/zhiyi_waike/20170612/xyzy_jcwk12.mp4]
临时文件已经存在，跳过转码
生成缩略图/data/hls/thumb/zhiyi_waike//20170612/119a829abcc9dc4f.jpg
开始生成ts/data/hls/zhiyi_waike//20170612/32983e49_xyzy_jcwk12
生成ts成功
开始生成切片119a829abcc9dc4f.m3u8
生成切片成功
开始处理第7个文件[/data/original/zhiyi_waike/20170612/xyzy_jcwk08.mp4]
临时文件已经存在，跳过转码
生成缩略图/data/hls/thumb/zhiyi_waike//20170612/7c4ac77819133405.jpg
开始生成ts/data/hls/zhiyi_waike//20170612/28ba3004_xyzy_jcwk08
生成ts成功
开始生成切片7c4ac77819133405.m3u8
生成切片成功
/data/hls/zhiyi_waike//20170612/a5919f57_xyzy_jcwk14/1603fd2678543c17.m3u8
正在修改aes_m3u8文件
/data/hls/zhiyi_waike//20170612/2d9a108b_xyzy_jcwk11/a9585c0625a775d8.m3u8
正在修改aes_m3u8文件
/data/hls/zhiyi_waike//20170612/0ccb7a05_xyzy_jcwk09/8fe90bcdac420db2.m3u8
正在修改aes_m3u8文件
/data/hls/zhiyi_waike//20170612/c3e7367c_xyzy_jcwk10/6a60f555481202f7.m3u8
正在修改aes_m3u8文件
/data/hls/zhiyi_waike//20170612/a952e65d_xyzy_jcwk13/9bc5b1a40d1a153d.m3u8
正在修改aes_m3u8文件
/data/hls/zhiyi_waike//20170612/32983e49_xyzy_jcwk12/119a829abcc9dc4f.m3u8
正在修改aes_m3u8文件
/data/hls/zhiyi_waike//20170612/28ba3004_xyzy_jcwk08/7c4ac77819133405.m3u8
正在修改aes_m3u8文件
开始处理第1个文件[/data/original/tcms_medicine/20170612/zyzy_jjzy22.mp4]
开始转码生成临时文件/data/fs_convert/tcms_medicine//zyzy_jjzy22_tmp.mp4
转码成功
生成缩略图/data/hls/thumb/tcms_medicine//20170612/0d4ce550f38c90dd.jpg
开始生成ts/data/hls/tcms_medicine//20170612/ab19855b_zyzy_jjzy22
生成ts成功
开始生成切片0d4ce550f38c90dd.m3u8
生成切片成功
/data/hls/tcms_medicine//20170612/ab19855b_zyzy_jjzy22/0d4ce550f38c90dd.m3u8
正在修改aes_m3u8文件
输出日志到/root/shell/log/sql_tcms_medicine.log
开始处理第1个文件[/data/original/xiyizonghe_neike/20170612/xyky_jcnk0504.mp4]
开始转码生成临时文件/data/fs_convert/xiyizonghe_neike//xyky_jcnk0504_tmp.mp4
转码成功
生成缩略图/data/hls/thumb/xiyizonghe_neike//20170612/a01a9604e5bd1bff.jpg
开始生成ts/data/hls/xiyizonghe_neike//20170612/160f5816_xyky_jcnk0504
生成ts成功
开始生成切片a01a9604e5bd1bff.m3u8
生成切片成功
开始处理第2个文件[/data/original/xiyizonghe_neike/20170612/xyky_jcnk0302.mp4]
开始转码生成临时文件/data/fs_convert/xiyizonghe_neike//xyky_jcnk0302_tmp.mp4
转码成功
生成缩略图/data/hls/thumb/xiyizonghe_neike//20170612/e22440962cd3f686.jpg
开始生成ts/data/hls/xiyizonghe_neike//20170612/bf4198bb_xyky_jcnk0302
生成ts成功
开始生成切片e22440962cd3f686.m3u8
生成切片成功
开始处理第3个文件[/data/original/xiyizonghe_neike/20170612/xyky_jcnk0301.mp4]
开始转码生成临时文件/data/fs_convert/xiyizonghe_neike//xyky_jcnk0301_tmp.mp4
转码成功
生成缩略图/data/hls/thumb/xiyizonghe_neike//20170612/8bdfd0dcbf43ff1c.jpg
开始生成ts/data/hls/xiyizonghe_neike//20170612/9130198d_xyky_jcnk0301
生成ts成功
开始生成切片8bdfd0dcbf43ff1c.m3u8
生成切片成功
开始处理第4个文件[/data/original/xiyizonghe_neike/20170612/xyky_jcnk0502.mp4]
开始转码生成临时文件/data/fs_convert/xiyizonghe_neike//xyky_jcnk0502_tmp.mp4
转码成功
生成缩略图/data/hls/thumb/xiyizonghe_neike//20170612/40a6be02894fbd83.jpg
开始生成ts/data/hls/xiyizonghe_neike//20170612/02fb3ac6_xyky_jcnk0502
生成ts成功
开始生成切片40a6be02894fbd83.m3u8
生成切片成功
开始处理第5个文件[/data/original/xiyizonghe_neike/20170612/xyky_jcnk0501.mp4]
开始转码生成临时文件/data/fs_convert/xiyizonghe_neike//xyky_jcnk0501_tmp.mp4
转码成功
生成缩略图/data/hls/thumb/xiyizonghe_neike//20170612/dcc8fe54a50776d3.jpg
开始生成ts/data/hls/xiyizonghe_neike//20170612/fe769283_xyky_jcnk0501
生成ts成功
开始生成切片dcc8fe54a50776d3.m3u8
生成切片成功
开始处理第6个文件[/data/original/xiyizonghe_neike/20170612/xyky_jcnk0503.mp4]
开始转码生成临时文件/data/fs_convert/xiyizonghe_neike//xyky_jcnk0503_tmp.mp4
转码成功
生成缩略图/data/hls/thumb/xiyizonghe_neike//20170612/65229a993314df84.jpg
开始生成ts/data/hls/xiyizonghe_neike//20170612/256993a5_xyky_jcnk0503
生成ts成功
开始生成切片65229a993314df84.m3u8
生成切片成功
/data/hls/xiyizonghe_neike//20170612/160f5816_xyky_jcnk0504/a01a9604e5bd1bff.m3u8
正在修改aes_m3u8文件
/data/hls/xiyizonghe_neike//20170612/bf4198bb_xyky_jcnk0302/e22440962cd3f686.m3u8
正在修改aes_m3u8文件
/data/hls/xiyizonghe_neike//20170612/9130198d_xyky_jcnk0301/8bdfd0dcbf43ff1c.m3u8
正在修改aes_m3u8文件
/data/hls/xiyizonghe_neike//20170612/02fb3ac6_xyky_jcnk0502/40a6be02894fbd83.m3u8
正在修改aes_m3u8文件
/data/hls/xiyizonghe_neike//20170612/fe769283_xyky_jcnk0501/dcc8fe54a50776d3.m3u8
正在修改aes_m3u8文件
/data/hls/xiyizonghe_neike//20170612/256993a5_xyky_jcnk0503/65229a993314df84.m3u8
正在修改aes_m3u8文件
输出日志到/root/shell/log/sql_xiyizonghe_neike.log
