开始处理第1个文件[/data/original/zhiyi_binglixue/20170607/zyysbl_07.mp4]
临时文件已经存在，跳过转码
生成缩略图/data/hls/thumb/zhiyi_binglixue//20170607/74a92d2c52bb8092.jpg
开始生成ts/data/hls/zhiyi_binglixue//20170607/cd22fc3b_/data/hls/zhiyi_binglixue/
生成ts成功
开始生成切片74a92d2c52bb8092.m3u8
生成切片成功
/data/hls/zhiyi_binglixue//20170607/cd22fc3b_/data/hls/zhiyi_binglixue//74a92d2c52bb8092.m3u8
正在修改aes_m3u8文件
输出日志到/root/shell/log/sql_zhiyi_binglixue.log
开始处理第1个文件[/data/original/zhiyi_binglixue/20170607/zyysbl_07.mp4]
开始转码生成临时文件/data/fs_convert/zhiyi_binglixue//zyysbl_07_tmp.mp4
转码成功
生成缩略图/data/hls/thumb/zhiyi_binglixue//20170607/324b16106962ac56.jpg
开始生成ts/data/hls/zhiyi_binglixue//20170607/e86fccc5_zyysbl_07
生成ts成功
开始生成切片324b16106962ac56.m3u8
生成切片成功
/data/hls/zhiyi_binglixue//20170607/e86fccc5_zyysbl_07/324b16106962ac56.m3u8
正在修改aes_m3u8文件
输出日志到/root/shell/log/sql_zhiyi_binglixue.log
开始处理第1个文件[/data/original/zhiyi_shengli/20170607/xzy.sl5.01.mp4]
开始转码生成临时文件/data/fs_convert/zhiyi_shengli//xzy.sl5.01_tmp.mp4
转码成功
生成缩略图/data/hls/thumb/zhiyi_shengli//20170607/c55673581954d1b7.jpg
开始生成ts/data/hls/zhiyi_shengli//20170607/70d3da70_xzy.sl5.01
生成ts成功
开始生成切片c55673581954d1b7.m3u8
生成切片成功
开始处理第2个文件[/data/original/zhiyi_shengli/20170607/xzy.sl11.01.mp4]
开始转码生成临时文件/data/fs_convert/zhiyi_shengli//xzy.sl11.01_tmp.mp4
恭喜,文件生成成功，即将生成目录
恭喜,配置文件修改成功！！
开始处理第1个文件[/data/original/tcms_fangjixue/20170607/kyzyfjx05.mp4]
开始转码生成临时文件/data/fs_convert/tcms_fangjixue//kyzyfjx05_tmp.mp4
转码成功
生成缩略图/data/hls/thumb/zhiyi_shengli//20170607/1f6e64cc7eebbe47.jpg
开始生成ts/data/hls/zhiyi_shengli//20170607/5e4355a9_xzy.sl11.01
生成ts成功
开始生成切片1f6e64cc7eebbe47.m3u8
生成切片成功
开始处理第3个文件[/data/original/zhiyi_shengli/20170607/xzy.sl9.01.mp4]
开始转码生成临时文件/data/fs_convert/zhiyi_shengli//xzy.sl9.01_tmp.mp4
转码成功
生成缩略图/data/hls/thumb/zhiyi_shengli//20170607/4500ea2773d3167d.jpg
开始生成ts/data/hls/zhiyi_shengli//20170607/8d821186_xzy.sl9.01
生成ts成功
开始生成切片4500ea2773d3167d.m3u8
生成切片成功
开始处理第4个文件[/data/original/zhiyi_shengli/20170607/xzy.sl07.01.mp4]
开始转码生成临时文件/data/fs_convert/zhiyi_shengli//xzy.sl07.01_tmp.mp4
转码成功
生成缩略图/data/hls/thumb/zhiyi_shengli//20170607/fb272ba2d3222272.jpg
开始生成ts/data/hls/zhiyi_shengli//20170607/7f398abc_xzy.sl07.01
生成ts成功
开始生成切片fb272ba2d3222272.m3u8
生成切片成功
开始处理第5个文件[/data/original/zhiyi_shengli/20170607/xzy.sl8.01.mp4]
开始转码生成临时文件/data/fs_convert/zhiyi_shengli//xzy.sl8.01_tmp.mp4
转码成功
生成缩略图/data/hls/thumb/tcms_fangjixue//20170607/b91599dbdfef60ed.jpg
开始生成ts/data/hls/tcms_fangjixue//20170607/12f2e306_kyzyfjx05
生成ts成功
开始生成切片b91599dbdfef60ed.m3u8
生成切片成功
开始处理第2个文件[/data/original/tcms_fangjixue/20170607/kyzyfjx02.mp4]
开始转码生成临时文件/data/fs_convert/tcms_fangjixue//kyzyfjx02_tmp.mp4
转码成功
生成缩略图/data/hls/thumb/tcms_fangjixue//20170607/fa909fe5c3069f48.jpg
开始生成ts/data/hls/tcms_fangjixue//20170607/c3168a99_kyzyfjx02
生成ts成功
开始生成切片fa909fe5c3069f48.m3u8
生成切片成功
开始处理第3个文件[/data/original/tcms_fangjixue/20170607/kyzyfjx12.mp4]
开始转码生成临时文件/data/fs_convert/tcms_fangjixue//kyzyfjx12_tmp.mp4
转码成功
生成缩略图/data/hls/thumb/tcms_fangjixue//20170607/59b8428192c27fc9.jpg
开始生成ts/data/hls/tcms_fangjixue//20170607/f2043d02_kyzyfjx12
生成ts成功
开始生成切片59b8428192c27fc9.m3u8
生成切片成功
开始处理第4个文件[/data/original/tcms_fangjixue/20170607/kyzyfjx09.mp4]
开始转码生成临时文件/data/fs_convert/tcms_fangjixue//kyzyfjx09_tmp.mp4
转码成功
生成缩略图/data/hls/thumb/tcms_fangjixue//20170607/001c3fb321c0bd9f.jpg
开始生成ts/data/hls/tcms_fangjixue//20170607/3b92242c_kyzyfjx09
生成ts成功
开始生成切片001c3fb321c0bd9f.m3u8
生成切片成功
开始处理第5个文件[/data/original/tcms_fangjixue/20170607/kyzyfjx07.mp4]
开始转码生成临时文件/data/fs_convert/tcms_fangjixue//kyzyfjx07_tmp.mp4
转码成功
生成缩略图/data/hls/thumb/zhiyi_shengli//20170607/c88f63b2d60a0ba2.jpg
开始生成ts/data/hls/zhiyi_shengli//20170607/819b06fe_xzy.sl8.01
生成ts成功
开始生成切片c88f63b2d60a0ba2.m3u8
生成切片成功
开始处理第6个文件[/data/original/zhiyi_shengli/20170607/xzy.sl6.01.mp4]
开始转码生成临时文件/data/fs_convert/zhiyi_shengli//xzy.sl6.01_tmp.mp4
转码成功
生成缩略图/data/hls/thumb/tcms_fangjixue//20170607/d94c42a8c64d6a12.jpg
开始生成ts/data/hls/tcms_fangjixue//20170607/f2a951bb_kyzyfjx07
生成ts成功
开始生成切片d94c42a8c64d6a12.m3u8
生成切片成功
开始处理第6个文件[/data/original/tcms_fangjixue/20170607/kyzyfjx01.mp4]
开始转码生成临时文件/data/fs_convert/tcms_fangjixue//kyzyfjx01_tmp.mp4
转码成功
生成缩略图/data/hls/thumb/zhiyi_shengli//20170607/87ef78d3004bcbb6.jpg
开始生成ts/data/hls/zhiyi_shengli//20170607/c39634ad_xzy.sl6.01
生成ts成功
开始生成切片87ef78d3004bcbb6.m3u8
生成切片成功
开始处理第7个文件[/data/original/zhiyi_shengli/20170607/xzy.sl10.01.mp4]
开始转码生成临时文件/data/fs_convert/zhiyi_shengli//xzy.sl10.01_tmp.mp4
转码成功
生成缩略图/data/hls/thumb/tcms_fangjixue//20170607/ae122eb34551c49c.jpg
开始生成ts/data/hls/tcms_fangjixue//20170607/ffbe48fe_kyzyfjx01
生成ts成功
开始生成切片ae122eb34551c49c.m3u8
生成切片成功
开始处理第7个文件[/data/original/tcms_fangjixue/20170607/kyzyfjx11.mp4]
开始转码生成临时文件/data/fs_convert/tcms_fangjixue//kyzyfjx11_tmp.mp4
转码成功
生成缩略图/data/hls/thumb/zhiyi_shengli//20170607/1d1ad30a408ab1b9.jpg
开始生成ts/data/hls/zhiyi_shengli//20170607/bb034810_xzy.sl10.01
生成ts成功
开始生成切片1d1ad30a408ab1b9.m3u8
生成切片成功
/data/hls/zhiyi_shengli//20170607/5e4355a9_xzy.sl11.01/1f6e64cc7eebbe47.m3u8
正在修改aes_m3u8文件
/data/hls/zhiyi_shengli//20170607/8d821186_xzy.sl9.01/4500ea2773d3167d.m3u8
正在修改aes_m3u8文件
/data/hls/zhiyi_shengli//20170607/7f398abc_xzy.sl07.01/fb272ba2d3222272.m3u8
正在修改aes_m3u8文件
/data/hls/tcms_fangjixue//20170607/12f2e306_kyzyfjx05/b91599dbdfef60ed.m3u8
正在修改aes_m3u8文件
/data/hls/tcms_fangjixue//20170607/c3168a99_kyzyfjx02/fa909fe5c3069f48.m3u8
正在修改aes_m3u8文件
/data/hls/tcms_fangjixue//20170607/f2043d02_kyzyfjx12/59b8428192c27fc9.m3u8
正在修改aes_m3u8文件
/data/hls/tcms_fangjixue//20170607/3b92242c_kyzyfjx09/001c3fb321c0bd9f.m3u8
正在修改aes_m3u8文件
/data/hls/zhiyi_shengli//20170607/819b06fe_xzy.sl8.01/c88f63b2d60a0ba2.m3u8
正在修改aes_m3u8文件
/data/hls/tcms_fangjixue//20170607/f2a951bb_kyzyfjx07/d94c42a8c64d6a12.m3u8
正在修改aes_m3u8文件
/data/hls/zhiyi_shengli//20170607/c39634ad_xzy.sl6.01/87ef78d3004bcbb6.m3u8
正在修改aes_m3u8文件
/data/hls/tcms_fangjixue//20170607/ffbe48fe_kyzyfjx01/ae122eb34551c49c.m3u8
正在修改aes_m3u8文件
/data/hls/zhiyi_shengli//20170607/bb034810_xzy.sl10.01/1d1ad30a408ab1b9.m3u8
正在修改aes_m3u8文件
输出日志到/root/shell/log/sql_zhiyi_shengli.log
转码成功
生成缩略图/data/hls/thumb/tcms_fangjixue//20170607/52817b3e05e6c57e.jpg
开始生成ts/data/hls/tcms_fangjixue//20170607/1ce47813_kyzyfjx11
生成ts成功
开始生成切片52817b3e05e6c57e.m3u8
生成切片成功
开始处理第8个文件[/data/original/tcms_fangjixue/20170607/kyzyfjx08.mp4]
开始转码生成临时文件/data/fs_convert/tcms_fangjixue//kyzyfjx08_tmp.mp4
转码成功
生成缩略图/data/hls/thumb/tcms_fangjixue//20170607/7dfa5ad0e2c4646e.jpg
开始生成ts/data/hls/tcms_fangjixue//20170607/c0447099_kyzyfjx08
生成ts成功
开始生成切片7dfa5ad0e2c4646e.m3u8
生成切片成功
开始处理第9个文件[/data/original/tcms_fangjixue/20170607/kyzyfjx15.mp4]
开始转码生成临时文件/data/fs_convert/tcms_fangjixue//kyzyfjx15_tmp.mp4
转码成功
生成缩略图/data/hls/thumb/tcms_fangjixue//20170607/5a611919033b07ef.jpg
开始生成ts/data/hls/tcms_fangjixue//20170607/442e1300_kyzyfjx15
生成ts成功
开始生成切片5a611919033b07ef.m3u8
生成切片成功
开始处理第10个文件[/data/original/tcms_fangjixue/20170607/kyzyfjx13.mp4]
开始转码生成临时文件/data/fs_convert/tcms_fangjixue//kyzyfjx13_tmp.mp4
转码成功
生成缩略图/data/hls/thumb/tcms_fangjixue//20170607/b37a65c287b5b58a.jpg
开始生成ts/data/hls/tcms_fangjixue//20170607/21b3d534_kyzyfjx13
生成ts成功
开始生成切片b37a65c287b5b58a.m3u8
生成切片成功
开始处理第11个文件[/data/original/tcms_fangjixue/20170607/kyzyfjx17.mp4]
开始转码生成临时文件/data/fs_convert/tcms_fangjixue//kyzyfjx17_tmp.mp4
转码成功
生成缩略图/data/hls/thumb/tcms_fangjixue//20170607/a913177f0cc55dbd.jpg
开始生成ts/data/hls/tcms_fangjixue//20170607/b26cee46_kyzyfjx17
生成ts成功
开始生成切片a913177f0cc55dbd.m3u8
生成切片成功
开始处理第12个文件[/data/original/tcms_fangjixue/20170607/kyzyfjx06.mp4]
开始转码生成临时文件/data/fs_convert/tcms_fangjixue//kyzyfjx06_tmp.mp4
转码成功
生成缩略图/data/hls/thumb/tcms_fangjixue//20170607/440d37d9fb4e650b.jpg
开始生成ts/data/hls/tcms_fangjixue//20170607/02a0bcbe_kyzyfjx06
生成ts成功
开始生成切片440d37d9fb4e650b.m3u8
生成切片成功
开始处理第13个文件[/data/original/tcms_fangjixue/20170607/kyzyfjx10.mp4]
开始转码生成临时文件/data/fs_convert/tcms_fangjixue//kyzyfjx10_tmp.mp4
转码成功
生成缩略图/data/hls/thumb/tcms_fangjixue//20170607/8dded1f8385723fe.jpg
开始生成ts/data/hls/tcms_fangjixue//20170607/3f13e7f9_kyzyfjx10
生成ts成功
开始生成切片8dded1f8385723fe.m3u8
生成切片成功
开始处理第14个文件[/data/original/tcms_fangjixue/20170607/kyzyfjx14.mp4]
开始转码生成临时文件/data/fs_convert/tcms_fangjixue//kyzyfjx14_tmp.mp4
转码成功
生成缩略图/data/hls/thumb/tcms_fangjixue//20170607/5b5ca16680282426.jpg
开始生成ts/data/hls/tcms_fangjixue//20170607/650b374e_kyzyfjx14
生成ts成功
开始生成切片5b5ca16680282426.m3u8
生成切片成功
开始处理第15个文件[/data/original/tcms_fangjixue/20170607/kyzyfjx16.mp4]
开始转码生成临时文件/data/fs_convert/tcms_fangjixue//kyzyfjx16_tmp.mp4
转码成功
生成缩略图/data/hls/thumb/tcms_fangjixue//20170607/b2ebd57814c3d4ad.jpg
开始生成ts/data/hls/tcms_fangjixue//20170607/cf5d1669_kyzyfjx16
生成ts成功
开始生成切片b2ebd57814c3d4ad.m3u8
生成切片成功
开始处理第16个文件[/data/original/tcms_fangjixue/20170607/kyzyfjx03.mp4]
开始转码生成临时文件/data/fs_convert/tcms_fangjixue//kyzyfjx03_tmp.mp4
转码成功
生成缩略图/data/hls/thumb/tcms_fangjixue//20170607/0a8cb8af44163f3a.jpg
开始生成ts/data/hls/tcms_fangjixue//20170607/26700cb1_kyzyfjx03
生成ts成功
开始生成切片0a8cb8af44163f3a.m3u8
生成切片成功
开始处理第17个文件[/data/original/tcms_fangjixue/20170607/kyzyfjx04.mp4]
开始转码生成临时文件/data/fs_convert/tcms_fangjixue//kyzyfjx04_tmp.mp4
转码成功
生成缩略图/data/hls/thumb/tcms_fangjixue//20170607/742b5186ef3d44da.jpg
开始生成ts/data/hls/tcms_fangjixue//20170607/68ba6025_kyzyfjx04
生成ts成功
开始生成切片742b5186ef3d44da.m3u8
生成切片成功
/data/hls/zhiyi_shengli//20170607/5e4355a9_xzy.sl11.01/1f6e64cc7eebbe47.m3u8
正在修改aes_m3u8文件
/data/hls/zhiyi_shengli//20170607/8d821186_xzy.sl9.01/4500ea2773d3167d.m3u8
正在修改aes_m3u8文件
/data/hls/zhiyi_shengli//20170607/7f398abc_xzy.sl07.01/fb272ba2d3222272.m3u8
正在修改aes_m3u8文件
/data/hls/tcms_fangjixue//20170607/12f2e306_kyzyfjx05/b91599dbdfef60ed.m3u8
正在修改aes_m3u8文件
/data/hls/tcms_fangjixue//20170607/c3168a99_kyzyfjx02/fa909fe5c3069f48.m3u8
正在修改aes_m3u8文件
/data/hls/tcms_fangjixue//20170607/f2043d02_kyzyfjx12/59b8428192c27fc9.m3u8
正在修改aes_m3u8文件
/data/hls/tcms_fangjixue//20170607/3b92242c_kyzyfjx09/001c3fb321c0bd9f.m3u8
正在修改aes_m3u8文件
/data/hls/zhiyi_shengli//20170607/819b06fe_xzy.sl8.01/c88f63b2d60a0ba2.m3u8
正在修改aes_m3u8文件
/data/hls/tcms_fangjixue//20170607/f2a951bb_kyzyfjx07/d94c42a8c64d6a12.m3u8
正在修改aes_m3u8文件
/data/hls/zhiyi_shengli//20170607/c39634ad_xzy.sl6.01/87ef78d3004bcbb6.m3u8
正在修改aes_m3u8文件
/data/hls/tcms_fangjixue//20170607/ffbe48fe_kyzyfjx01/ae122eb34551c49c.m3u8
正在修改aes_m3u8文件
/data/hls/zhiyi_shengli//20170607/bb034810_xzy.sl10.01/1d1ad30a408ab1b9.m3u8
正在修改aes_m3u8文件
/data/hls/tcms_fangjixue//20170607/1ce47813_kyzyfjx11/52817b3e05e6c57e.m3u8
正在修改aes_m3u8文件
/data/hls/tcms_fangjixue//20170607/c0447099_kyzyfjx08/7dfa5ad0e2c4646e.m3u8
正在修改aes_m3u8文件
/data/hls/tcms_fangjixue//20170607/442e1300_kyzyfjx15/5a611919033b07ef.m3u8
正在修改aes_m3u8文件
/data/hls/tcms_fangjixue//20170607/21b3d534_kyzyfjx13/b37a65c287b5b58a.m3u8
正在修改aes_m3u8文件
/data/hls/tcms_fangjixue//20170607/b26cee46_kyzyfjx17/a913177f0cc55dbd.m3u8
正在修改aes_m3u8文件
/data/hls/tcms_fangjixue//20170607/02a0bcbe_kyzyfjx06/440d37d9fb4e650b.m3u8
正在修改aes_m3u8文件
/data/hls/tcms_fangjixue//20170607/3f13e7f9_kyzyfjx10/8dded1f8385723fe.m3u8
正在修改aes_m3u8文件
/data/hls/tcms_fangjixue//20170607/650b374e_kyzyfjx14/5b5ca16680282426.m3u8
正在修改aes_m3u8文件
/data/hls/tcms_fangjixue//20170607/cf5d1669_kyzyfjx16/b2ebd57814c3d4ad.m3u8
正在修改aes_m3u8文件
/data/hls/tcms_fangjixue//20170607/26700cb1_kyzyfjx03/0a8cb8af44163f3a.m3u8
正在修改aes_m3u8文件
/data/hls/tcms_fangjixue//20170607/68ba6025_kyzyfjx04/742b5186ef3d44da.m3u8
正在修改aes_m3u8文件
输出日志到/root/shell/log/sql_tcms_fangjixue.log
