开始处理第1个文件[/data/original/surgery/20170323/jcgk_9_0.mp4]
开始转码生成临时文件/data/fs_convert/surgery/jcgk_9_0_tmp.mp4
转码成功
生成缩略图/data/hls/thumb/surgery//20170323/b22a4211d5b43993.jpg
开始生成ts/data/hls/iwm/surgery//20170323/12f6f4cc
生成ts成功
开始生成切片b22a4211d5b43993.m3u8
生成切片成功
开始处理第2个文件[/data/original/surgery/20170323/jcgk_8_0.mp4]
开始转码生成临时文件/data/fs_convert/surgery/jcgk_8_0_tmp.mp4
转码成功
生成缩略图/data/hls/thumb/surgery//20170323/463a15858ebc0b4a.jpg
开始生成ts/data/hls/iwm/surgery//20170323/6446b1da
生成ts成功
开始生成切片463a15858ebc0b4a.m3u8
生成切片成功
开始处理第3个文件[/data/original/surgery/20170323/jcgk_5_0.mp4]
开始转码生成临时文件/data/fs_convert/surgery/jcgk_5_0_tmp.mp4
转码成功
生成缩略图/data/hls/thumb/surgery//20170323/86e1a448e43a30b9.jpg
开始生成ts/data/hls/iwm/surgery//20170323/34b80b6a
生成ts成功
开始生成切片86e1a448e43a30b9.m3u8
生成切片成功
开始处理第4个文件[/data/original/surgery/20170323/jcgk_10_0.mp4]
开始转码生成临时文件/data/fs_convert/surgery/jcgk_10_0_tmp.mp4
转码成功
生成缩略图/data/hls/thumb/surgery//20170323/592aa08e655828db.jpg
开始生成ts/data/hls/iwm/surgery//20170323/1015607b
生成ts成功
开始生成切片592aa08e655828db.m3u8
生成切片成功
开始处理第5个文件[/data/original/surgery/20170323/jcgk_7_0.mp4]
开始转码生成临时文件/data/fs_convert/surgery/jcgk_7_0_tmp.mp4
转码成功
生成缩略图/data/hls/thumb/surgery//20170323/b0ec34baae132e63.jpg
开始生成ts/data/hls/iwm/surgery//20170323/3f912ded
生成ts成功
开始生成切片b0ec34baae132e63.m3u8
生成切片成功
开始处理第6个文件[/data/original/surgery/20170323/jcgk_6_0.mp4]
开始转码生成临时文件/data/fs_convert/surgery/jcgk_6_0_tmp.mp4
转码成功
生成缩略图/data/hls/thumb/surgery//20170323/827e2b548be0da8e.jpg
开始生成ts/data/hls/iwm/surgery//20170323/28f65111
生成ts成功
开始生成切片827e2b548be0da8e.m3u8
生成切片成功
开始处理第7个文件[/data/original/surgery/20170323/jcgk_3_0.mp4]
开始转码生成临时文件/data/fs_convert/surgery/jcgk_3_0_tmp.mp4
转码成功
生成缩略图/data/hls/thumb/surgery//20170323/f1e2d97de60ff232.jpg
开始生成ts/data/hls/iwm/surgery//20170323/e5a9daac
生成ts成功
开始生成切片f1e2d97de60ff232.m3u8
生成切片成功
开始处理第8个文件[/data/original/surgery/20170323/jcgk_0_0.mp4]
开始转码生成临时文件/data/fs_convert/surgery/jcgk_0_0_tmp.mp4
转码成功
生成缩略图/data/hls/thumb/surgery//20170323/c6897c97831a3e0e.jpg
开始生成ts/data/hls/iwm/surgery//20170323/5e8a9806
生成ts成功
开始生成切片c6897c97831a3e0e.m3u8
生成切片成功
输出日志到/root/shell/log/sql_surgery.log
