开始处理第1个文件[/data/original/zhiyi_neike/20170428/zyynknfm04.mp4]
开始转码生成临时文件/data/fs_convert/zhiyi_neike//zyynknfm04_tmp.mp4
转码成功
生成缩略图/data/hls/thumb/zhiyi_neike//20170428/aeb3996e3d7472fa.jpg
开始生成ts/data/hls/zhiyi_neike//20170428/13a90b84
生成ts成功
开始生成切片aeb3996e3d7472fa.m3u8
生成切片成功
开始处理第2个文件[/data/original/zhiyi_neike/20170428/zyynknfm02.mp4]
开始转码生成临时文件/data/fs_convert/zhiyi_neike//zyynknfm02_tmp.mp4
转码成功
生成缩略图/data/hls/thumb/zhiyi_neike//20170428/4f8b660d6f7fbdf7.jpg
开始生成ts/data/hls/zhiyi_neike//20170428/dcaeedf9
生成ts成功
开始生成切片4f8b660d6f7fbdf7.m3u8
生成切片成功
开始处理第3个文件[/data/original/zhiyi_neike/20170428/zyynknfm01.mp4]
开始转码生成临时文件/data/fs_convert/zhiyi_neike//zyynknfm01_tmp.mp4
转码成功
生成缩略图/data/hls/thumb/zhiyi_neike//20170428/597040ef2211cd50.jpg
开始生成ts/data/hls/zhiyi_neike//20170428/506915ca
生成ts成功
开始生成切片597040ef2211cd50.m3u8
生成切片成功
开始处理第4个文件[/data/original/zhiyi_neike/20170428/zyynknfm03.mp4]
开始转码生成临时文件/data/fs_convert/zhiyi_neike//zyynknfm03_tmp.mp4
转码成功
生成缩略图/data/hls/thumb/zhiyi_neike//20170428/9489e9903f1d3a90.jpg
开始生成ts/data/hls/zhiyi_neike//20170428/d131c982
生成ts成功
开始生成切片9489e9903f1d3a90.m3u8
生成切片成功
/data/hls/zhiyi_neike//20170428/d131c982/9489e9903f1d3a90.m3u8
正在修改aes_m3u8文件
输出日志到/root/shell/log/sql_zhiyi_neike.log
开始处理第1个文件[/data/original/zhiyi_shenghua/20170428/zyysh10.mp4]
开始转码生成临时文件/data/fs_convert/zhiyi_shenghua//zyysh10_tmp.mp4
转码成功
生成缩略图/data/hls/thumb/zhiyi_shenghua//20170428/1defbfe4e9a2bc9c.jpg
开始生成ts/data/hls/zhiyi_shenghua//20170428/f6533d60
生成ts成功
开始生成切片1defbfe4e9a2bc9c.m3u8
生成切片成功
开始处理第2个文件[/data/original/zhiyi_shenghua/20170428/zyysh8.mp4]
开始转码生成临时文件/data/fs_convert/zhiyi_shenghua//zyysh8_tmp.mp4
转码成功
生成缩略图/data/hls/thumb/zhiyi_shenghua//20170428/43386cf7572750f9.jpg
开始生成ts/data/hls/zhiyi_shenghua//20170428/5f1e9f66
生成ts成功
开始生成切片43386cf7572750f9.m3u8
生成切片成功
开始处理第3个文件[/data/original/zhiyi_shenghua/20170428/zyysh1.mp4]
开始转码生成临时文件/data/fs_convert/zhiyi_shenghua//zyysh1_tmp.mp4
转码成功
生成缩略图/data/hls/thumb/zhiyi_shenghua//20170428/3db223f124c0dd24.jpg
开始生成ts/data/hls/zhiyi_shenghua//20170428/7781252b
生成ts成功
开始生成切片3db223f124c0dd24.m3u8
生成切片成功
开始处理第4个文件[/data/original/zhiyi_shenghua/20170428/zyysh2.mp4]
开始转码生成临时文件/data/fs_convert/zhiyi_shenghua//zyysh2_tmp.mp4
转码成功
生成缩略图/data/hls/thumb/zhiyi_shenghua//20170428/c0c4c83577edbf00.jpg
开始生成ts/data/hls/zhiyi_shenghua//20170428/51145d63
生成ts成功
开始生成切片c0c4c83577edbf00.m3u8
生成切片成功
开始处理第5个文件[/data/original/zhiyi_shenghua/20170428/zyysh3.mp4]
开始转码生成临时文件/data/fs_convert/zhiyi_shenghua//zyysh3_tmp.mp4
转码成功
生成缩略图/data/hls/thumb/zhiyi_shenghua//20170428/fd2ce1255ace3313.jpg
开始生成ts/data/hls/zhiyi_shenghua//20170428/9d86bc68
生成ts成功
开始生成切片fd2ce1255ace3313.m3u8
生成切片成功
开始处理第6个文件[/data/original/zhiyi_shenghua/20170428/zyysh9.mp4]
开始转码生成临时文件/data/fs_convert/zhiyi_shenghua//zyysh9_tmp.mp4
转码成功
生成缩略图/data/hls/thumb/zhiyi_shenghua//20170428/c6c07f0d48869334.jpg
开始生成ts/data/hls/zhiyi_shenghua//20170428/5dc4fb78
生成ts成功
开始生成切片c6c07f0d48869334.m3u8
生成切片成功
开始处理第7个文件[/data/original/zhiyi_shenghua/20170428/zyysh4.mp4]
开始转码生成临时文件/data/fs_convert/zhiyi_shenghua//zyysh4_tmp.mp4
转码成功
生成缩略图/data/hls/thumb/zhiyi_shenghua//20170428/bb449b6dd56296d1.jpg
开始生成ts/data/hls/zhiyi_shenghua//20170428/3bc28cec
生成ts成功
开始生成切片bb449b6dd56296d1.m3u8
生成切片成功
开始处理第8个文件[/data/original/zhiyi_shenghua/20170428/zyysh7.mp4]
开始转码生成临时文件/data/fs_convert/zhiyi_shenghua//zyysh7_tmp.mp4
转码成功
生成缩略图/data/hls/thumb/zhiyi_shenghua//20170428/592a00e849eef5ad.jpg
开始生成ts/data/hls/zhiyi_shenghua//20170428/8242727e
生成ts成功
开始生成切片592a00e849eef5ad.m3u8
生成切片成功
开始处理第9个文件[/data/original/zhiyi_shenghua/20170428/zyysh6.mp4]
开始转码生成临时文件/data/fs_convert/zhiyi_shenghua//zyysh6_tmp.mp4
转码成功
生成缩略图/data/hls/thumb/zhiyi_shenghua//20170428/78ff21e2bfe797e9.jpg
开始生成ts/data/hls/zhiyi_shenghua//20170428/133506bb
生成ts成功
开始生成切片78ff21e2bfe797e9.m3u8
生成切片成功
开始处理第10个文件[/data/original/zhiyi_shenghua/20170428/zyysh5.mp4]
开始转码生成临时文件/data/fs_convert/zhiyi_shenghua//zyysh5_tmp.mp4
转码成功
生成缩略图/data/hls/thumb/zhiyi_shenghua//20170428/0800232e62d79148.jpg
开始生成ts/data/hls/zhiyi_shenghua//20170428/b056798d
生成ts成功
开始生成切片0800232e62d79148.m3u8
生成切片成功
/data/hls/zhiyi_shenghua//20170428/b056798d/0800232e62d79148.m3u8
正在修改aes_m3u8文件
输出日志到/root/shell/log/sql_zhiyi_shenghua.log
