开始处理第1个文件[/data/original/i_medicien/20170308/jcxxg_7_0.mp4]
开始转码生成临时文件/data/fs_convert/i_medicien/jcxxg_7_0_tmp.mp4
转码成功
生成缩略图/data/hls/thumb/i_medicien//20170308/bb028c8227741063.jpg
开始生成ts/data/hls/i_medicien//20170308/bc0c0426
生成ts成功
开始生成切片bb028c8227741063.m3u8
生成切片成功
开始处理第2个文件[/data/original/i_medicien/20170308/jcxxg_10_0.mp4]
开始转码生成临时文件/data/fs_convert/i_medicien/jcxxg_10_0_tmp.mp4
转码成功
生成缩略图/data/hls/thumb/i_medicien//20170308/f6da3cc041819502.jpg
开始生成ts/data/hls/i_medicien//20170308/e9238b3d
生成ts成功
开始生成切片f6da3cc041819502.m3u8
生成切片成功
开始处理第3个文件[/data/original/i_medicien/20170308/jcxxg_11_0.mp4]
开始转码生成临时文件/data/fs_convert/i_medicien/jcxxg_11_0_tmp.mp4
转码成功
生成缩略图/data/hls/thumb/i_medicien//20170308/249ec9fb5dffae35.jpg
开始生成ts/data/hls/i_medicien//20170308/2aab83d3
生成ts成功
开始生成切片249ec9fb5dffae35.m3u8
生成切片成功
开始处理第4个文件[/data/original/i_medicien/20170308/jcxxg_5_0.mp4]
开始转码生成临时文件/data/fs_convert/i_medicien/jcxxg_5_0_tmp.mp4
转码成功
生成缩略图/data/hls/thumb/i_medicien//20170308/f8631df81b78391b.jpg
开始生成ts/data/hls/i_medicien//20170308/9efc3031
生成ts成功
开始生成切片f8631df81b78391b.m3u8
生成切片成功
开始处理第5个文件[/data/original/i_medicien/20170308/jcxxg_6_0.mp4]
开始转码生成临时文件/data/fs_convert/i_medicien/jcxxg_6_0_tmp.mp4
转码成功
生成缩略图/data/hls/thumb/i_medicien//20170308/466c30f30aab5b91.jpg
开始生成ts/data/hls/i_medicien//20170308/b9dff64c
生成ts成功
开始生成切片466c30f30aab5b91.m3u8
生成切片成功
开始处理第6个文件[/data/original/i_medicien/20170308/jcxxg_9_0.mp4]
开始转码生成临时文件/data/fs_convert/i_medicien/jcxxg_9_0_tmp.mp4
转码成功
生成缩略图/data/hls/thumb/i_medicien//20170308/1ffc286e5cafd1bc.jpg
开始生成ts/data/hls/i_medicien//20170308/f7f46670
生成ts成功
开始生成切片1ffc286e5cafd1bc.m3u8
生成切片成功
开始处理第7个文件[/data/original/i_medicien/20170308/jcxxg_8_0.mp4]
开始转码生成临时文件/data/fs_convert/i_medicien/jcxxg_8_0_tmp.mp4
转码成功
生成缩略图/data/hls/thumb/i_medicien//20170308/51bb1da5ad85f562.jpg
开始生成ts/data/hls/i_medicien//20170308/b024509a
生成ts成功
开始生成切片51bb1da5ad85f562.m3u8
生成切片成功
输出日志到/root/shell/log/sql_i_medicien.log
