开始处理第1个文件[/data/original/zhiyi_binglixue/20170605/zyysbl_07.mp4]
开始转码生成临时文件/data/fs_convert/zhiyi_binglixue//zyysbl_07_tmp.mp4
转码成功
生成缩略图/data/hls/thumb/zhiyi_binglixue//20170605/0dace6d30a7a2a70.jpg
开始生成ts/data/hls/zhiyi_binglixue//20170605/463a795a
生成ts成功
开始生成切片0dace6d30a7a2a70.m3u8
生成切片成功
开始处理第2个文件[/data/original/zhiyi_binglixue/20170605/zyysbl_09.mp4]
开始转码生成临时文件/data/fs_convert/zhiyi_binglixue//zyysbl_09_tmp.mp4
转码成功
生成缩略图/data/hls/thumb/zhiyi_binglixue//20170605/e22df90eaef94960.jpg
开始生成ts/data/hls/zhiyi_binglixue//20170605/b1a50d09
生成ts成功
开始生成切片e22df90eaef94960.m3u8
生成切片成功
开始处理第3个文件[/data/original/zhiyi_binglixue/20170605/zyysbl_04.02.mp4]
开始转码生成临时文件/data/fs_convert/zhiyi_binglixue//zyysbl_04.02_tmp.mp4
转码成功
生成缩略图/data/hls/thumb/zhiyi_binglixue//20170605/40e2bfbb2fcde61e.jpg
开始生成ts/data/hls/zhiyi_binglixue//20170605/1dcf52ff
生成ts成功
开始生成切片40e2bfbb2fcde61e.m3u8
生成切片成功
开始处理第4个文件[/data/original/zhiyi_binglixue/20170605/zyysbl_04.01.mp4]
开始转码生成临时文件/data/fs_convert/zhiyi_binglixue//zyysbl_04.01_tmp.mp4
转码成功
生成缩略图/data/hls/thumb/zhiyi_binglixue//20170605/e837143bf1682ac5.jpg
开始生成ts/data/hls/zhiyi_binglixue//20170605/da34a5ba
生成ts成功
开始生成切片e837143bf1682ac5.m3u8
生成切片成功
开始处理第5个文件[/data/original/zhiyi_binglixue/20170605/zyysbl_14.mp4]
临时文件已经存在，跳过转码
生成缩略图/data/hls/thumb/zhiyi_binglixue//20170605/3ef39745d1fc8bee.jpg
开始生成ts/data/hls/zhiyi_binglixue//20170605/ac46d69e
生成ts成功
开始生成切片3ef39745d1fc8bee.m3u8
生成切片成功
开始处理第6个文件[/data/original/zhiyi_binglixue/20170605/zyysbl_12.mp4]
临时文件已经存在，跳过转码
生成缩略图/data/hls/thumb/zhiyi_binglixue//20170605/747f3b3c74ad8bce.jpg
开始生成ts/data/hls/zhiyi_binglixue//20170605/6722e800
生成ts成功
开始生成切片747f3b3c74ad8bce.m3u8
生成切片成功
开始处理第7个文件[/data/original/zhiyi_binglixue/20170605/zyysbl_05.mp4]
开始转码生成临时文件/data/fs_convert/zhiyi_binglixue//zyysbl_05_tmp.mp4
转码成功
生成缩略图/data/hls/thumb/zhiyi_binglixue//20170605/0851312475b34c42.jpg
开始生成ts/data/hls/zhiyi_binglixue//20170605/ed517a82
生成ts成功
开始生成切片0851312475b34c42.m3u8
生成切片成功
开始处理第8个文件[/data/original/zhiyi_binglixue/20170605/zyysbl_10.mp4]
临时文件已经存在，跳过转码
生成缩略图/data/hls/thumb/zhiyi_binglixue//20170605/b638235829638e6f.jpg
开始生成ts/data/hls/zhiyi_binglixue//20170605/c2b0023e
生成ts成功
开始生成切片b638235829638e6f.m3u8
生成切片成功
开始处理第9个文件[/data/original/zhiyi_binglixue/20170605/zyysbl_08.mp4]
开始转码生成临时文件/data/fs_convert/zhiyi_binglixue//zyysbl_08_tmp.mp4
转码成功
生成缩略图/data/hls/thumb/zhiyi_binglixue//20170605/92e1bded3611d6e2.jpg
开始生成ts/data/hls/zhiyi_binglixue//20170605/ffa13dd0
生成ts成功
开始生成切片92e1bded3611d6e2.m3u8
生成切片成功
开始处理第10个文件[/data/original/zhiyi_binglixue/20170605/zyysbl_02.mp4]
开始转码生成临时文件/data/fs_convert/zhiyi_binglixue//zyysbl_02_tmp.mp4
转码成功
生成缩略图/data/hls/thumb/zhiyi_binglixue//20170605/c03b27c86fb0b8b9.jpg
开始生成ts/data/hls/zhiyi_binglixue//20170605/23c2e43a
生成ts成功
开始生成切片c03b27c86fb0b8b9.m3u8
生成切片成功
开始处理第11个文件[/data/original/zhiyi_binglixue/20170605/zyysbl_03.mp4]
开始转码生成临时文件/data/fs_convert/zhiyi_binglixue//zyysbl_03_tmp.mp4
转码成功
生成缩略图/data/hls/thumb/zhiyi_binglixue//20170605/c876b1d00ae873eb.jpg
开始生成ts/data/hls/zhiyi_binglixue//20170605/0bd9c53f
生成ts成功
开始生成切片c876b1d00ae873eb.m3u8
生成切片成功
开始处理第12个文件[/data/original/zhiyi_binglixue/20170605/zyysbl_06.mp4]
开始转码生成临时文件/data/fs_convert/zhiyi_binglixue//zyysbl_06_tmp.mp4
转码成功
生成缩略图/data/hls/thumb/zhiyi_binglixue//20170605/e9205ab33e3df5fb.jpg
开始生成ts/data/hls/zhiyi_binglixue//20170605/e7c69645
生成ts成功
开始生成切片e9205ab33e3df5fb.m3u8
生成切片成功
开始处理第13个文件[/data/original/zhiyi_binglixue/20170605/zyysbl_01.mp4]
开始转码生成临时文件/data/fs_convert/zhiyi_binglixue//zyysbl_01_tmp.mp4
转码成功
生成缩略图/data/hls/thumb/zhiyi_binglixue//20170605/ea9e3c5716332e55.jpg
开始生成ts/data/hls/zhiyi_binglixue//20170605/3837e23a
生成ts成功
开始生成切片ea9e3c5716332e55.m3u8
生成切片成功
开始处理第14个文件[/data/original/zhiyi_binglixue/20170605/zyysbl_13.mp4]
临时文件已经存在，跳过转码
生成缩略图/data/hls/thumb/zhiyi_binglixue//20170605/2dab25003f6982f2.jpg
开始生成ts/data/hls/zhiyi_binglixue//20170605/3ba46144
生成ts成功
开始生成切片2dab25003f6982f2.m3u8
生成切片成功
开始处理第15个文件[/data/original/zhiyi_binglixue/20170605/zyysbl_11.mp4]
开始转码生成临时文件/data/fs_convert/zhiyi_binglixue//zyysbl_11_tmp.mp4
转码成功
生成缩略图/data/hls/thumb/zhiyi_binglixue//20170605/d29aad43054f1ddc.jpg
开始生成ts/data/hls/zhiyi_binglixue//20170605/fe45565f
生成ts成功
开始生成切片d29aad43054f1ddc.m3u8
生成切片成功
/data/hls/zhiyi_binglixue//20170605/463a795a/0dace6d30a7a2a70.m3u8
正在修改aes_m3u8文件
/data/hls/zhiyi_binglixue//20170605/b1a50d09/e22df90eaef94960.m3u8
正在修改aes_m3u8文件
/data/hls/zhiyi_binglixue//20170605/1dcf52ff/40e2bfbb2fcde61e.m3u8
正在修改aes_m3u8文件
/data/hls/zhiyi_binglixue//20170605/da34a5ba/e837143bf1682ac5.m3u8
正在修改aes_m3u8文件
/data/hls/zhiyi_binglixue//20170605/ac46d69e/3ef39745d1fc8bee.m3u8
正在修改aes_m3u8文件
/data/hls/zhiyi_binglixue//20170605/6722e800/747f3b3c74ad8bce.m3u8
正在修改aes_m3u8文件
/data/hls/zhiyi_binglixue//20170605/ed517a82/0851312475b34c42.m3u8
正在修改aes_m3u8文件
/data/hls/zhiyi_binglixue//20170605/c2b0023e/b638235829638e6f.m3u8
正在修改aes_m3u8文件
/data/hls/zhiyi_binglixue//20170605/ffa13dd0/92e1bded3611d6e2.m3u8
正在修改aes_m3u8文件
/data/hls/zhiyi_binglixue//20170605/23c2e43a/c03b27c86fb0b8b9.m3u8
正在修改aes_m3u8文件
/data/hls/zhiyi_binglixue//20170605/0bd9c53f/c876b1d00ae873eb.m3u8
正在修改aes_m3u8文件
/data/hls/zhiyi_binglixue//20170605/e7c69645/e9205ab33e3df5fb.m3u8
正在修改aes_m3u8文件
/data/hls/zhiyi_binglixue//20170605/3837e23a/ea9e3c5716332e55.m3u8
正在修改aes_m3u8文件
/data/hls/zhiyi_binglixue//20170605/3ba46144/2dab25003f6982f2.m3u8
正在修改aes_m3u8文件
/data/hls/zhiyi_binglixue//20170605/fe45565f/d29aad43054f1ddc.m3u8
正在修改aes_m3u8文件
输出日志到/root/shell/log/sql_zhiyi_binglixue.log
开始处理第1个文件[/data/original/xiyizonghe_neike/20170605/jcxxg_10_0.mp4]
开始转码生成临时文件/data/fs_convert/xiyizonghe_neike//jcxxg_10_0_tmp.mp4
转码成功
生成缩略图/data/hls/thumb/xiyizonghe_neike//20170605/78869e82568c9802.jpg
开始生成ts/data/hls/xiyizonghe_neike//20170605/602f9333
生成ts成功
开始生成切片78869e82568c9802.m3u8
生成切片成功
/data/hls/xiyizonghe_neike//20170605/602f9333/78869e82568c9802.m3u8
正在修改aes_m3u8文件
输出日志到/root/shell/log/sql_xiyizonghe_neike.log
