恭喜,文件生成成功，即将生成目录
恭喜,配置文件修改成功！！
开始处理第1个文件[/data/original/tcms_fuchangke/20170518/zyzyfk05.mp4]
开始转码生成临时文件/data/fs_convert/tcms_fuchangke//zyzyfk05_tmp.mp4
转码成功
生成缩略图/data/hls/thumb/tcms_fuchangke//20170518/87d479cb68240258.jpg
开始生成ts/data/hls/tcms_fuchangke//20170518/f285f28a
生成ts成功
开始生成切片87d479cb68240258.m3u8
生成切片成功
开始处理第2个文件[/data/original/tcms_fuchangke/20170518/zyzyfk01.mp4]
开始转码生成临时文件/data/fs_convert/tcms_fuchangke//zyzyfk01_tmp.mp4
转码成功
生成缩略图/data/hls/thumb/tcms_fuchangke//20170518/4ba642e4835807d7.jpg
开始生成ts/data/hls/tcms_fuchangke//20170518/ec89dcef
生成ts成功
开始生成切片4ba642e4835807d7.m3u8
生成切片成功
开始处理第3个文件[/data/original/tcms_fuchangke/20170518/zyzyfk02.mp4]
开始转码生成临时文件/data/fs_convert/tcms_fuchangke//zyzyfk02_tmp.mp4
转码成功
生成缩略图/data/hls/thumb/tcms_fuchangke//20170518/9e6aa31355c6727b.jpg
开始生成ts/data/hls/tcms_fuchangke//20170518/85543391
生成ts成功
开始生成切片9e6aa31355c6727b.m3u8
生成切片成功
开始处理第4个文件[/data/original/tcms_fuchangke/20170518/zyzyfk04.mp4]
开始转码生成临时文件/data/fs_convert/tcms_fuchangke//zyzyfk04_tmp.mp4
转码成功
生成缩略图/data/hls/thumb/tcms_fuchangke//20170518/0091e4c2fe4f8ebf.jpg
开始生成ts/data/hls/tcms_fuchangke//20170518/cfb8c1d6
生成ts成功
开始生成切片0091e4c2fe4f8ebf.m3u8
生成切片成功
开始处理第5个文件[/data/original/tcms_fuchangke/20170518/zyzyfk06.mp4]
开始转码生成临时文件/data/fs_convert/tcms_fuchangke//zyzyfk06_tmp.mp4
转码成功
生成缩略图/data/hls/thumb/tcms_fuchangke//20170518/e6b0289086585050.jpg
开始生成ts/data/hls/tcms_fuchangke//20170518/6c0e87dd
生成ts成功
开始生成切片e6b0289086585050.m3u8
生成切片成功
开始处理第6个文件[/data/original/tcms_fuchangke/20170518/zyzyfk07.1.mp4]
开始转码生成临时文件/data/fs_convert/tcms_fuchangke//zyzyfk07.1_tmp.mp4
转码成功
生成缩略图/data/hls/thumb/tcms_fuchangke//20170518/0a2007dcdd3db00d.jpg
开始生成ts/data/hls/tcms_fuchangke//20170518/a98092b3
生成ts成功
开始生成切片0a2007dcdd3db00d.m3u8
生成切片成功
开始处理第7个文件[/data/original/tcms_fuchangke/20170518/zyzyfk07.02.mp4]
开始转码生成临时文件/data/fs_convert/tcms_fuchangke//zyzyfk07.02_tmp.mp4
开始处理第1个文件[/data/original/tcms_fuchangke/20170518/zyzyfk05.mp4]
临时文件已经存在，跳过转码
生成缩略图/data/hls/thumb/tcms_fuchangke//20170518/9041bd60ff0dbb1d.jpg
开始生成ts/data/hls/tcms_fuchangke//20170518/615497c0
生成ts成功
开始生成切片9041bd60ff0dbb1d.m3u8
生成切片成功
开始处理第2个文件[/data/original/tcms_fuchangke/20170518/zyzyfk01.mp4]
临时文件已经存在，跳过转码
生成缩略图/data/hls/thumb/tcms_fuchangke//20170518/e86e781b19d34473.jpg
开始生成ts/data/hls/tcms_fuchangke//20170518/5465c2f0
生成ts成功
开始生成切片e86e781b19d34473.m3u8
生成切片成功
开始处理第3个文件[/data/original/tcms_fuchangke/20170518/zyzyfk02.mp4]
临时文件已经存在，跳过转码
生成缩略图/data/hls/thumb/tcms_fuchangke//20170518/cffede75c9bdfdd7.jpg
开始生成ts/data/hls/tcms_fuchangke//20170518/c2a2ee53
生成ts成功
开始生成切片cffede75c9bdfdd7.m3u8
生成切片成功
开始处理第4个文件[/data/original/tcms_fuchangke/20170518/zyzyfk04.mp4]
临时文件已经存在，跳过转码
生成缩略图/data/hls/thumb/tcms_fuchangke//20170518/d2d4f086237cfffa.jpg
开始生成ts/data/hls/tcms_fuchangke//20170518/6fd38847
生成ts成功
开始生成切片d2d4f086237cfffa.m3u8
生成切片成功
开始处理第5个文件[/data/original/tcms_fuchangke/20170518/zyzyfk06.mp4]
临时文件已经存在，跳过转码
生成缩略图/data/hls/thumb/tcms_fuchangke//20170518/72cc73558cc493ba.jpg
开始生成ts/data/hls/tcms_fuchangke//20170518/cfe07cc5
生成ts成功
开始生成切片72cc73558cc493ba.m3u8
生成切片成功
开始处理第6个文件[/data/original/tcms_fuchangke/20170518/zyzyfk07.1.mp4]
临时文件已经存在，跳过转码
生成缩略图/data/hls/thumb/tcms_fuchangke//20170518/0eb99f0d2b0ed6cb.jpg
开始生成ts/data/hls/tcms_fuchangke//20170518/c5d2577f
生成ts成功
开始生成切片0eb99f0d2b0ed6cb.m3u8
生成切片成功
开始处理第7个文件[/data/original/tcms_fuchangke/20170518/zyzyfk07.02.mp4]
临时文件已经存在，跳过转码
生成缩略图/data/hls/thumb/tcms_fuchangke//20170518/5084bacb041a65f9.jpg
开始生成ts/data/hls/tcms_fuchangke//20170518/ec231c1a
生成ts失败
/data/hls/tcms_fuchangke//20170518/615497c0/9041bd60ff0dbb1d.m3u8
正在修改aes_m3u8文件
/data/hls/tcms_fuchangke//20170518/5465c2f0/e86e781b19d34473.m3u8
正在修改aes_m3u8文件
/data/hls/tcms_fuchangke//20170518/c2a2ee53/cffede75c9bdfdd7.m3u8
正在修改aes_m3u8文件
/data/hls/tcms_fuchangke//20170518/6fd38847/d2d4f086237cfffa.m3u8
正在修改aes_m3u8文件
/data/hls/tcms_fuchangke//20170518/cfe07cc5/72cc73558cc493ba.m3u8
正在修改aes_m3u8文件
/data/hls/tcms_fuchangke//20170518/c5d2577f/0eb99f0d2b0ed6cb.m3u8
正在修改aes_m3u8文件
输出日志到/root/shell/log/sql_tcms_fuchangke.log
恭喜,文件生成成功，即将生成目录
恭喜,配置文件修改成功！！
开始处理第1个文件[/data/original/tcms_erke/20170518/zyzyek06.mp4]
开始转码生成临时文件/data/fs_convert/tcms_erke//zyzyek06_tmp.mp4
转码成功
生成缩略图/data/hls/thumb/tcms_fuchangke//20170518/acc5586076954216.jpg
开始生成ts/data/hls/tcms_fuchangke//20170518/38933d2f
生成ts成功
开始生成切片acc5586076954216.m3u8
生成切片成功
/data/hls/tcms_fuchangke//20170518/38933d2f/acc5586076954216.m3u8
正在修改aes_m3u8文件
输出日志到/root/shell/log/sql_tcms_fuchangke.log
开始处理第1个文件[/data/original/tcms_erke/20170518/zyzyek06.mp4]
临时文件已经存在，跳过转码
生成缩略图/data/hls/thumb/tcms_erke//20170518/00cd12149e9de84c.jpg
开始生成ts/data/hls/tcms_erke//20170518/2b19ee23
生成ts失败
开始处理第2个文件[/data/original/tcms_erke/20170518/zyzyek05.mp4]
开始转码生成临时文件/data/fs_convert/tcms_erke//zyzyek05_tmp.mp4
转码成功
生成缩略图/data/hls/thumb/tcms_erke//20170518/ee3af50f63fc6a22.jpg
开始生成ts/data/hls/tcms_erke//20170518/f6de7470
生成ts成功
开始生成切片ee3af50f63fc6a22.m3u8
生成切片成功
开始处理第2个文件[/data/original/tcms_erke/20170518/zyzyek05.mp4]
临时文件已经存在，跳过转码
生成缩略图/data/hls/thumb/tcms_erke//20170518/fdc27c68af246db7.jpg
开始生成ts/data/hls/tcms_erke//20170518/0af60089
生成ts失败
开始处理第3个文件[/data/original/tcms_erke/20170518/zyzyek07.mp4]
开始转码生成临时文件/data/fs_convert/tcms_erke//zyzyek07_tmp.mp4
转码成功
生成缩略图/data/hls/thumb/tcms_erke//20170518/256ae31f02862363.jpg
开始生成ts/data/hls/tcms_erke//20170518/af3d352a
生成ts成功
开始生成切片256ae31f02862363.m3u8
生成切片成功
开始处理第3个文件[/data/original/tcms_erke/20170518/zyzyek07.mp4]
临时文件已经存在，跳过转码
生成缩略图/data/hls/thumb/tcms_erke//20170518/e65469dea343d6b6.jpg
开始生成ts/data/hls/tcms_erke//20170518/3cabed51
生成ts失败
开始处理第4个文件[/data/original/tcms_erke/20170518/zyzyek02.mp4]
开始转码生成临时文件/data/fs_convert/tcms_erke//zyzyek02_tmp.mp4
转码成功
生成缩略图/data/hls/thumb/tcms_erke//20170518/80aa5cc9db8851ef.jpg
开始生成ts/data/hls/tcms_erke//20170518/2b12ec85
生成ts成功
开始生成切片80aa5cc9db8851ef.m3u8
生成切片成功
开始处理第5个文件[/data/original/tcms_erke/20170518/zyzyek04.mp4]
开始转码生成临时文件/data/fs_convert/tcms_erke//zyzyek04_tmp.mp4
开始处理第1个文件[/data/original/liuzhongbao_zhibo/20170518/liuzhongbaozhibo5.18.mp4]
开始转码生成临时文件/data/fs_convert/liuzhongbao_zhibo//liuzhongbaozhibo5.18_tmp.mp4
转码成功
生成缩略图/data/hls/thumb/tcms_erke//20170518/0ea78824405d7e26.jpg
开始生成ts/data/hls/tcms_erke//20170518/293d51ff
生成ts成功
开始生成切片0ea78824405d7e26.m3u8
生成切片成功
开始处理第4个文件[/data/original/tcms_erke/20170518/zyzyek02.mp4]
临时文件已经存在，跳过转码
生成缩略图/data/hls/thumb/tcms_erke//20170518/16f9331a087a056d.jpg
开始生成ts/data/hls/tcms_erke//20170518/31fd7ab3
生成ts成功
开始生成切片16f9331a087a056d.m3u8
生成切片成功
开始处理第5个文件[/data/original/tcms_erke/20170518/zyzyek04.mp4]
临时文件已经存在，跳过转码
生成缩略图/data/hls/thumb/tcms_erke//20170518/12f34b4cafc2219f.jpg
开始生成ts/data/hls/tcms_erke//20170518/d1e8ec27
生成ts失败
开始处理第6个文件[/data/original/tcms_erke/20170518/zyzyek03.mp4]
开始转码生成临时文件/data/fs_convert/tcms_erke//zyzyek03_tmp.mp4
转码成功
生成缩略图/data/hls/thumb/tcms_erke//20170518/66871b59bb51fa42.jpg
开始生成ts/data/hls/tcms_erke//20170518/9dfc95f0
生成ts成功
开始生成切片66871b59bb51fa42.m3u8
生成切片成功
开始处理第7个文件[/data/original/tcms_erke/20170518/zyzyek01.mp4]
开始转码生成临时文件/data/fs_convert/tcms_erke//zyzyek01_tmp.mp4
转码成功
生成缩略图/data/hls/thumb/liuzhongbao_zhibo//20170518/00f3930fdb2cc5a1.jpg
开始生成ts/data/hls/liuzhongbao_zhibo//20170518/d045fceb
生成ts成功
开始生成切片00f3930fdb2cc5a1.m3u8
生成切片成功
/data/hls/tcms_erke//20170518/293d51ff/0ea78824405d7e26.m3u8
正在修改aes_m3u8文件
/data/hls/tcms_erke//20170518/31fd7ab3/16f9331a087a056d.m3u8
正在修改aes_m3u8文件
/data/hls/tcms_erke//20170518/9dfc95f0/66871b59bb51fa42.m3u8
正在修改aes_m3u8文件
/data/hls/liuzhongbao_zhibo//20170518/d045fceb/00f3930fdb2cc5a1.m3u8
正在修改aes_m3u8文件
输出日志到/root/shell/log/sql_liuzhongbao_zhibo.log
转码成功
生成缩略图/data/hls/thumb/tcms_erke//20170518/30a33b90bdb25bde.jpg
开始生成ts/data/hls/tcms_erke//20170518/cbc54c9e
生成ts成功
开始生成切片30a33b90bdb25bde.m3u8
生成切片成功
开始处理第6个文件[/data/original/tcms_erke/20170518/zyzyek03.mp4]
临时文件已经存在，跳过转码
生成缩略图/data/hls/thumb/tcms_erke//20170518/16ae77c7e304b4e2.jpg
开始生成ts/data/hls/tcms_erke//20170518/7a1aabf9
生成ts成功
开始生成切片16ae77c7e304b4e2.m3u8
生成切片成功
开始处理第7个文件[/data/original/tcms_erke/20170518/zyzyek01.mp4]
临时文件已经存在，跳过转码
生成缩略图/data/hls/thumb/tcms_erke//20170518/468e9caf98dcb44d.jpg
开始生成ts/data/hls/tcms_erke//20170518/7ab65b8f
生成ts失败
开始处理第8个文件[/data/original/tcms_erke/20170518/zyzyek08.mp4]
开始转码生成临时文件/data/fs_convert/tcms_erke//zyzyek08_tmp.mp4
转码成功
生成缩略图/data/hls/thumb/tcms_erke//20170518/7284252fe05c1c31.jpg
开始生成ts/data/hls/tcms_erke//20170518/86e922c1
生成ts成功
开始生成切片7284252fe05c1c31.m3u8
生成切片成功
开始处理第8个文件[/data/original/tcms_erke/20170518/zyzyek08.mp4]
临时文件已经存在，跳过转码
生成缩略图/data/hls/thumb/tcms_erke//20170518/c3c28a2f50313a81.jpg
开始生成ts/data/hls/tcms_erke//20170518/849af7b6
生成ts失败
开始处理第9个文件[/data/original/tcms_erke/20170518/zyzyek10.mp4]
开始转码生成临时文件/data/fs_convert/tcms_erke//zyzyek10_tmp.mp4
转码成功
生成缩略图/data/hls/thumb/tcms_erke//20170518/1666cf48a3a8acf1.jpg
开始生成ts/data/hls/tcms_erke//20170518/c6bccbb6
生成ts成功
开始生成切片1666cf48a3a8acf1.m3u8
生成切片成功
开始处理第9个文件[/data/original/tcms_erke/20170518/zyzyek10.mp4]
临时文件已经存在，跳过转码
生成缩略图/data/hls/thumb/tcms_erke//20170518/3e3522ed04bdb62f.jpg
开始生成ts/data/hls/tcms_erke//20170518/0d833367
生成ts失败
开始处理第10个文件[/data/original/tcms_erke/20170518/zyzyek09.mp4]
开始转码生成临时文件/data/fs_convert/tcms_erke//zyzyek09_tmp.mp4
转码成功
生成缩略图/data/hls/thumb/tcms_erke//20170518/e19ab061aa0f2189.jpg
开始生成ts/data/hls/tcms_erke//20170518/7668296e
生成ts成功
开始生成切片e19ab061aa0f2189.m3u8
生成切片成功
/data/hls/tcms_erke//20170518/293d51ff/0ea78824405d7e26.m3u8
正在修改aes_m3u8文件
/data/hls/tcms_erke//20170518/31fd7ab3/16f9331a087a056d.m3u8
正在修改aes_m3u8文件
/data/hls/tcms_erke//20170518/9dfc95f0/66871b59bb51fa42.m3u8
正在修改aes_m3u8文件
/data/hls/liuzhongbao_zhibo//20170518/d045fceb/00f3930fdb2cc5a1.m3u8
正在修改aes_m3u8文件
/data/hls/tcms_erke//20170518/cbc54c9e/30a33b90bdb25bde.m3u8
正在修改aes_m3u8文件
/data/hls/tcms_erke//20170518/7a1aabf9/16ae77c7e304b4e2.m3u8
正在修改aes_m3u8文件
/data/hls/tcms_erke//20170518/86e922c1/7284252fe05c1c31.m3u8
正在修改aes_m3u8文件
/data/hls/tcms_erke//20170518/c6bccbb6/1666cf48a3a8acf1.m3u8
正在修改aes_m3u8文件
/data/hls/tcms_erke//20170518/7668296e/e19ab061aa0f2189.m3u8
正在修改aes_m3u8文件
输出日志到/root/shell/log/sql_tcms_erke.log
转码成功
生成缩略图/data/hls/thumb/tcms_erke//20170518/0c0bde7343c532ae.jpg
开始生成ts/data/hls/tcms_erke//20170518/b5257bce
生成ts成功
开始生成切片0c0bde7343c532ae.m3u8
生成切片成功
开始处理第10个文件[/data/original/tcms_erke/20170518/zyzyek09.mp4]
临时文件已经存在，跳过转码
生成缩略图/data/hls/thumb/tcms_erke//20170518/8a070d45b2c8dd2f.jpg
开始生成ts/data/hls/tcms_erke//20170518/a813c4db
生成ts成功
开始生成切片8a070d45b2c8dd2f.m3u8
生成切片成功
/data/hls/tcms_erke//20170518/293d51ff/0ea78824405d7e26.m3u8
正在修改aes_m3u8文件
/data/hls/tcms_erke//20170518/31fd7ab3/16f9331a087a056d.m3u8
正在修改aes_m3u8文件
/data/hls/tcms_erke//20170518/9dfc95f0/66871b59bb51fa42.m3u8
正在修改aes_m3u8文件
/data/hls/liuzhongbao_zhibo//20170518/d045fceb/00f3930fdb2cc5a1.m3u8
正在修改aes_m3u8文件
/data/hls/tcms_erke//20170518/cbc54c9e/30a33b90bdb25bde.m3u8
正在修改aes_m3u8文件
/data/hls/tcms_erke//20170518/7a1aabf9/16ae77c7e304b4e2.m3u8
正在修改aes_m3u8文件
/data/hls/tcms_erke//20170518/86e922c1/7284252fe05c1c31.m3u8
正在修改aes_m3u8文件
/data/hls/tcms_erke//20170518/c6bccbb6/1666cf48a3a8acf1.m3u8
正在修改aes_m3u8文件
/data/hls/tcms_erke//20170518/7668296e/e19ab061aa0f2189.m3u8
正在修改aes_m3u8文件
/data/hls/tcms_erke//20170518/b5257bce/0c0bde7343c532ae.m3u8
正在修改aes_m3u8文件
/data/hls/tcms_erke//20170518/a813c4db/8a070d45b2c8dd2f.m3u8
正在修改aes_m3u8文件
输出日志到/root/shell/log/sql_tcms_erke.log
开始处理第1个文件[/data/original/liuzhongbao_zhibo/20170519/liuzhongbaozhibo5.18.mp4]
临时文件已经存在，跳过转码
生成缩略图/data/hls/thumb/liuzhongbao_zhibo//20170519/59cde06644113af8.jpg
开始生成ts/data/hls/liuzhongbao_zhibo//20170519/689d6f26
生成ts成功
开始生成切片59cde06644113af8.m3u8
生成切片成功
/data/hls/liuzhongbao_zhibo//20170519/689d6f26/59cde06644113af8.m3u8
正在修改aes_m3u8文件
输出日志到/root/shell/log/sql_liuzhongbao_zhibo.log
开始处理第1个文件[/data/original/liuzhongbao_zhibo/20170519/liuzhongbaozhibo5.18.mp4]
开始转码生成临时文件/data/fs_convert/liuzhongbao_zhibo//liuzhongbaozhibo5.18_tmp.mp4
