开始处理第1个文件[/data/original/zhiyi_neike/20170424/zyynkmn03.mp4]
开始转码生成临时文件/data/fs_convert/zhiyi_neike//zyynkmn03_tmp.mp4
转码成功
生成缩略图/data/hls/thumb/zhiyi_neike//20170424/ffbc5daa8268678f.jpg
开始生成ts/data/hls/zhiyi_neike//20170424/bd01236e
生成ts成功
开始生成切片ffbc5daa8268678f.m3u8
生成切片成功
开始处理第2个文件[/data/original/zhiyi_neike/20170424/zyynkxy01.mp4]
开始转码生成临时文件/data/fs_convert/zhiyi_neike//zyynkxy01_tmp.mp4
转码成功
生成缩略图/data/hls/thumb/zhiyi_neike//20170424/8710662554c0ff1f.jpg
开始生成ts/data/hls/zhiyi_neike//20170424/c989fdde
生成ts成功
开始生成切片8710662554c0ff1f.m3u8
生成切片成功
开始处理第3个文件[/data/original/zhiyi_neike/20170424/zyynkxy02.mp4]
开始转码生成临时文件/data/fs_convert/zhiyi_neike//zyynkxy02_tmp.mp4
转码成功
生成缩略图/data/hls/thumb/zhiyi_neike//20170424/929dd7aa25606751.jpg
开始生成ts/data/hls/zhiyi_neike//20170424/696fa9cd
生成ts成功
开始生成切片929dd7aa25606751.m3u8
生成切片成功
开始处理第4个文件[/data/original/zhiyi_neike/20170424/zyynkxy04.mp4]
开始转码生成临时文件/data/fs_convert/zhiyi_neike//zyynkxy04_tmp.mp4
转码成功
生成缩略图/data/hls/thumb/zhiyi_neike//20170424/25172d0905f8539c.jpg
开始生成ts/data/hls/zhiyi_neike//20170424/47ecbee1
生成ts成功
开始生成切片25172d0905f8539c.m3u8
生成切片成功
开始处理第5个文件[/data/original/zhiyi_neike/20170424/zyynkxy05.mp4]
开始转码生成临时文件/data/fs_convert/zhiyi_neike//zyynkxy05_tmp.mp4
转码成功
生成缩略图/data/hls/thumb/zhiyi_neike//20170424/e76302740ef96403.jpg
开始生成ts/data/hls/zhiyi_neike//20170424/9ac74a60
生成ts成功
开始生成切片e76302740ef96403.m3u8
生成切片成功
开始处理第6个文件[/data/original/zhiyi_neike/20170424/zyynkmn02.mp4]
开始转码生成临时文件/data/fs_convert/zhiyi_neike//zyynkmn02_tmp.mp4
转码成功
生成缩略图/data/hls/thumb/zhiyi_neike//20170424/36d0a28c08a1899f.jpg
开始生成ts/data/hls/zhiyi_neike//20170424/35f730d7
生成ts成功
开始生成切片36d0a28c08a1899f.m3u8
生成切片成功
开始处理第7个文件[/data/original/zhiyi_neike/20170424/zyynkmn04.mp4]
开始转码生成临时文件/data/fs_convert/zhiyi_neike//zyynkmn04_tmp.mp4
转码成功
生成缩略图/data/hls/thumb/zhiyi_neike//20170424/73bbf6b74cb1c5f4.jpg
开始生成ts/data/hls/zhiyi_neike//20170424/0e08e298
生成ts成功
开始生成切片73bbf6b74cb1c5f4.m3u8
生成切片成功
开始处理第8个文件[/data/original/zhiyi_neike/20170424/zyynkxy03.mp4]
开始转码生成临时文件/data/fs_convert/zhiyi_neike//zyynkxy03_tmp.mp4
转码成功
生成缩略图/data/hls/thumb/zhiyi_neike//20170424/d277359b99c18b57.jpg
开始生成ts/data/hls/zhiyi_neike//20170424/aa272999
生成ts成功
开始生成切片d277359b99c18b57.m3u8
生成切片成功
开始处理第9个文件[/data/original/zhiyi_neike/20170424/zyynkxy07.mp4]
开始转码生成临时文件/data/fs_convert/zhiyi_neike//zyynkxy07_tmp.mp4
转码成功
生成缩略图/data/hls/thumb/zhiyi_neike//20170424/197de3d056decc7a.jpg
开始生成ts/data/hls/zhiyi_neike//20170424/208e637f
生成ts成功
开始生成切片197de3d056decc7a.m3u8
生成切片成功
开始处理第10个文件[/data/original/zhiyi_neike/20170424/zyynkxy06.mp4]
开始转码生成临时文件/data/fs_convert/zhiyi_neike//zyynkxy06_tmp.mp4
转码成功
生成缩略图/data/hls/thumb/zhiyi_neike//20170424/093e007a6f5c6a14.jpg
开始生成ts/data/hls/zhiyi_neike//20170424/9f4ace02
生成ts成功
开始生成切片093e007a6f5c6a14.m3u8
生成切片成功
/data/hls/zhiyi_neike//20170424/9f4ace02/093e007a6f5c6a14.m3u8
正在修改aes_m3u8文件
输出日志到/root/shell/log/sql_zhiyi_neike.log
