开始处理第1个文件[/data/original/zhiyi_jineng/20170515/zhiye_jineng001.mp4]
开始转码生成临时文件/data/fs_convert/zhiyi_jineng//zhiye_jineng001_tmp.mp4
转码成功
生成缩略图/data/hls/thumb/zhiyi_jineng//20170515/113455dc98030220.jpg
开始生成ts/data/hls/zhiyi_jineng//20170515/b392216f
生成ts成功
开始生成切片113455dc98030220.m3u8
生成切片成功
/data/hls/zhiyi_jineng//20170515/b392216f/113455dc98030220.m3u8
正在修改aes_m3u8文件
输出日志到/root/shell/log/sql_zhiyi_jineng.log
恭喜,文件生成成功，即将生成目录
恭喜,配置文件修改成功！！
开始处理第1个文件[/data/original/zhiyi_shengli/20170515/xzy.sl4.03.mp4]
开始转码生成临时文件/data/fs_convert/zhiyi_shengli//xzy.sl4.03_tmp.mp4
转码成功
生成缩略图/data/hls/thumb/zhiyi_shengli//20170515/5972bbcdffcd2c8c.jpg
开始生成ts/data/hls/zhiyi_shengli//20170515/c4df5345
生成ts成功
开始生成切片5972bbcdffcd2c8c.m3u8
生成切片成功
开始处理第2个文件[/data/original/zhiyi_shengli/20170515/xzy.sl3.03.mp4]
开始转码生成临时文件/data/fs_convert/zhiyi_shengli//xzy.sl3.03_tmp.mp4
转码成功
生成缩略图/data/hls/thumb/zhiyi_shengli//20170515/2e9ca571ddca50d9.jpg
开始生成ts/data/hls/zhiyi_shengli//20170515/275598b0
生成ts成功
开始生成切片2e9ca571ddca50d9.m3u8
生成切片成功
开始处理第3个文件[/data/original/zhiyi_shengli/20170515/xzy.sl2.02.mp4]
开始转码生成临时文件/data/fs_convert/zhiyi_shengli//xzy.sl2.02_tmp.mp4
转码成功
生成缩略图/data/hls/thumb/zhiyi_shengli//20170515/a025bd6140bd198c.jpg
开始生成ts/data/hls/zhiyi_shengli//20170515/e5cc766a
生成ts成功
开始生成切片a025bd6140bd198c.m3u8
生成切片成功
开始处理第4个文件[/data/original/zhiyi_shengli/20170515/xzy.sl4.02.mp4]
开始转码生成临时文件/data/fs_convert/zhiyi_shengli//xzy.sl4.02_tmp.mp4
转码成功
生成缩略图/data/hls/thumb/zhiyi_shengli//20170515/b004390ca646d2a2.jpg
开始生成ts/data/hls/zhiyi_shengli//20170515/998b05c0
生成ts成功
开始生成切片b004390ca646d2a2.m3u8
生成切片成功
开始处理第5个文件[/data/original/zhiyi_shengli/20170515/xzy.sl1.01.mp4]
开始转码生成临时文件/data/fs_convert/zhiyi_shengli//xzy.sl1.01_tmp.mp4
转码成功
生成缩略图/data/hls/thumb/zhiyi_shengli//20170515/87adefb8987a2d5e.jpg
开始生成ts/data/hls/zhiyi_shengli//20170515/f81cf9c5
生成ts成功
开始生成切片87adefb8987a2d5e.m3u8
生成切片成功
开始处理第6个文件[/data/original/zhiyi_shengli/20170515/xzy.sl2.03.mp4]
开始转码生成临时文件/data/fs_convert/zhiyi_shengli//xzy.sl2.03_tmp.mp4
转码成功
生成缩略图/data/hls/thumb/zhiyi_shengli//20170515/afaaf03c32475802.jpg
开始生成ts/data/hls/zhiyi_shengli//20170515/202e4e7d
生成ts成功
开始生成切片afaaf03c32475802.m3u8
生成切片成功
开始处理第7个文件[/data/original/zhiyi_shengli/20170515/xzy.sl4.04.mp4]
开始转码生成临时文件/data/fs_convert/zhiyi_shengli//xzy.sl4.04_tmp.mp4
转码成功
生成缩略图/data/hls/thumb/zhiyi_shengli//20170515/ae13804d14ce9fad.jpg
开始生成ts/data/hls/zhiyi_shengli//20170515/b3df436c
生成ts成功
开始生成切片ae13804d14ce9fad.m3u8
生成切片成功
开始处理第8个文件[/data/original/zhiyi_shengli/20170515/xzy.sl3.01.mp4]
开始转码生成临时文件/data/fs_convert/zhiyi_shengli//xzy.sl3.01_tmp.mp4
转码成功
生成缩略图/data/hls/thumb/zhiyi_shengli//20170515/ccc0ad14383d31c9.jpg
开始生成ts/data/hls/zhiyi_shengli//20170515/d0207c4f
生成ts成功
开始生成切片ccc0ad14383d31c9.m3u8
生成切片成功
开始处理第9个文件[/data/original/zhiyi_shengli/20170515/xzy.sl2.01.mp4]
开始转码生成临时文件/data/fs_convert/zhiyi_shengli//xzy.sl2.01_tmp.mp4
转码成功
生成缩略图/data/hls/thumb/zhiyi_shengli//20170515/af3021cf0df6397b.jpg
开始生成ts/data/hls/zhiyi_shengli//20170515/08924295
生成ts成功
开始生成切片af3021cf0df6397b.m3u8
生成切片成功
开始处理第10个文件[/data/original/zhiyi_shengli/20170515/xzy.sl4.01.mp4]
开始转码生成临时文件/data/fs_convert/zhiyi_shengli//xzy.sl4.01_tmp.mp4
转码成功
生成缩略图/data/hls/thumb/zhiyi_shengli//20170515/7d3305d740389325.jpg
开始生成ts/data/hls/zhiyi_shengli//20170515/dd037b1c
生成ts成功
开始生成切片7d3305d740389325.m3u8
生成切片成功
开始处理第11个文件[/data/original/zhiyi_shengli/20170515/xzy.sl1.02.mp4]
开始转码生成临时文件/data/fs_convert/zhiyi_shengli//xzy.sl1.02_tmp.mp4
转码成功
生成缩略图/data/hls/thumb/zhiyi_shengli//20170515/57a02d52675f202d.jpg
开始生成ts/data/hls/zhiyi_shengli//20170515/1ec5a2bb
生成ts成功
开始生成切片57a02d52675f202d.m3u8
生成切片成功
开始处理第12个文件[/data/original/zhiyi_shengli/20170515/xzy.sl3.04.mp4]
开始转码生成临时文件/data/fs_convert/zhiyi_shengli//xzy.sl3.04_tmp.mp4
转码成功
生成缩略图/data/hls/thumb/zhiyi_shengli//20170515/73053ab6338c8011.jpg
开始生成ts/data/hls/zhiyi_shengli//20170515/ce4f4b3a
生成ts成功
开始生成切片73053ab6338c8011.m3u8
生成切片成功
开始处理第13个文件[/data/original/zhiyi_shengli/20170515/xzy.sl2.04.mp4]
开始转码生成临时文件/data/fs_convert/zhiyi_shengli//xzy.sl2.04_tmp.mp4
转码成功
生成缩略图/data/hls/thumb/zhiyi_shengli//20170515/e604575cdc31506e.jpg
开始生成ts/data/hls/zhiyi_shengli//20170515/651eba9f
生成ts成功
开始生成切片e604575cdc31506e.m3u8
生成切片成功
开始处理第14个文件[/data/original/zhiyi_shengli/20170515/xzy.sl3.02.mp4]
开始转码生成临时文件/data/fs_convert/zhiyi_shengli//xzy.sl3.02_tmp.mp4
转码成功
生成缩略图/data/hls/thumb/zhiyi_shengli//20170515/e31f4927e23dca7a.jpg
开始生成ts/data/hls/zhiyi_shengli//20170515/b862d847
生成ts成功
开始生成切片e31f4927e23dca7a.m3u8
生成切片成功
/data/hls/zhiyi_shengli//20170515/c4df5345/5972bbcdffcd2c8c.m3u8
正在修改aes_m3u8文件
/data/hls/zhiyi_shengli//20170515/275598b0/2e9ca571ddca50d9.m3u8
正在修改aes_m3u8文件
/data/hls/zhiyi_shengli//20170515/e5cc766a/a025bd6140bd198c.m3u8
正在修改aes_m3u8文件
/data/hls/zhiyi_shengli//20170515/998b05c0/b004390ca646d2a2.m3u8
正在修改aes_m3u8文件
/data/hls/zhiyi_shengli//20170515/f81cf9c5/87adefb8987a2d5e.m3u8
正在修改aes_m3u8文件
/data/hls/zhiyi_shengli//20170515/202e4e7d/afaaf03c32475802.m3u8
正在修改aes_m3u8文件
/data/hls/zhiyi_shengli//20170515/b3df436c/ae13804d14ce9fad.m3u8
正在修改aes_m3u8文件
/data/hls/zhiyi_shengli//20170515/d0207c4f/ccc0ad14383d31c9.m3u8
正在修改aes_m3u8文件
/data/hls/zhiyi_shengli//20170515/08924295/af3021cf0df6397b.m3u8
正在修改aes_m3u8文件
/data/hls/zhiyi_shengli//20170515/dd037b1c/7d3305d740389325.m3u8
正在修改aes_m3u8文件
/data/hls/zhiyi_shengli//20170515/1ec5a2bb/57a02d52675f202d.m3u8
正在修改aes_m3u8文件
/data/hls/zhiyi_shengli//20170515/ce4f4b3a/73053ab6338c8011.m3u8
正在修改aes_m3u8文件
/data/hls/zhiyi_shengli//20170515/651eba9f/e604575cdc31506e.m3u8
正在修改aes_m3u8文件
/data/hls/zhiyi_shengli//20170515/b862d847/e31f4927e23dca7a.m3u8
正在修改aes_m3u8文件
输出日志到/root/shell/log/sql_zhiyi_shengli.log
